2024-01-17 05:12:56,307 [INFO] Activator:176 - 


2024-01-17 05:12:56,313 [INFO] Activator:177 - !SESSION log4j initialized
2024-01-17 05:13:01,554 [INFO] LogOutputStream:77 - [STDOUT_REDIRECT] 
2024-01-17 05:13:03,431 [INFO] ApplicationProperties:184 - Using Application install path: /opt/st/stm32cubeide_1.14.0/plugins/com.st.stm32cube.common.mx_6.10.0.202311202037
2024-01-17 05:13:03,468 [INFO] DbMcusXml:78 - Set database path to: /opt/st/stm32cubeide_1.14.0/plugins/com.st.stm32cube.common.mx_6.10.0.202311202037//db//mcu/
2024-01-17 05:13:03,469 [INFO] ApiDb:274 - Set plugin database path to: /opt/st/stm32cubeide_1.14.0/plugins/com.st.stm32cube.common.mx_6.10.0.202311202037//db//plugins/boardmanager/
2024-01-17 05:13:03,469 [WARN] ApiDb:259 - Overriding images path with different value:  => /opt/st/stm32cubeide_1.14.0/plugins/com.st.stm32cube.common.mx_6.10.0.202311202037//db//plugins/mcufinder/images/
2024-01-17 05:13:03,483 [INFO] ApiDb:250 - Set database path to: /home/sleman/.stmcufinder/plugins/mcufinder//mcu/
2024-01-17 05:13:03,485 [INFO] DbMcusAds:125 - Set database path to: /home/sleman/.stmcufinder/plugins/mcufinder//mcu/
2024-01-17 05:13:03,489 [INFO] CrossReferenceDbSqlite:203 - Set database path to: /home/sleman/.stmcufinder/plugins/mcufinder//mcu/cs/
2024-01-17 05:13:03,669 [INFO] RulesReader:64 - Compatibility file has been processed (297 Rules)
2024-01-17 05:13:03,768 [INFO] DbMcusXml:78 - Set database path to: /opt/st/stm32cubeide_1.14.0/plugins/com.st.stm32cube.common.mx_6.10.0.202311202037//db//mcu/
2024-01-17 05:13:03,768 [INFO] ApiDb:274 - Set plugin database path to: /opt/st/stm32cubeide_1.14.0/plugins/com.st.stm32cube.common.mx_6.10.0.202311202037//db//plugins/boardmanager/
2024-01-17 05:13:03,768 [INFO] ApiDb:261 - Set plugin images path to: /opt/st/stm32cubeide_1.14.0/plugins/com.st.stm32cube.common.mx_6.10.0.202311202037//db//plugins/mcufinder/images/
2024-01-17 05:13:03,769 [WARN] DbFile:41 - Overriding database path with different value: /home/sleman/.stmcufinder/plugins/mcufinder/ => /home/sleman/.stmcufinder/plugins/mcufinder
2024-01-17 05:13:03,769 [INFO] ApiDb:250 - Set database path to: /home/sleman/.stmcufinder/plugins/mcufinder//mcu/
2024-01-17 05:13:03,769 [WARN] DbFile:41 - Overriding database path with different value: /home/sleman/.stmcufinder/plugins/mcufinder/ => /home/sleman/.stmcufinder/plugins/mcufinder
2024-01-17 05:13:03,769 [INFO] DbMcusAds:125 - Set database path to: /home/sleman/.stmcufinder/plugins/mcufinder//mcu/
2024-01-17 05:13:03,769 [WARN] DbFile:41 - Overriding database path with different value: /home/sleman/.stmcufinder/plugins/mcufinder/ => /home/sleman/.stmcufinder/plugins/mcufinder
2024-01-17 05:13:03,769 [WARN] DbFile:41 - Overriding database path with different value: /home/sleman/.stmcufinder/plugins/mcufinder/ => /home/sleman/.stmcufinder/plugins/mcufinder
2024-01-17 05:13:03,770 [INFO] CrossReferenceDbSqlite:203 - Set database path to: /home/sleman/.stmcufinder/plugins/mcufinder//mcu/cs/
2024-01-17 05:13:03,862 [INFO] MainPanel:264 - HeapMemory: 268435456
2024-01-17 05:13:03,988 [INFO] DbMcusXml:78 - Set database path to: /opt/st/stm32cubeide_1.14.0/plugins/com.st.stm32cube.common.mx_6.10.0.202311202037//db//mcu/
2024-01-17 05:13:03,988 [INFO] ApiDb:274 - Set plugin database path to: /opt/st/stm32cubeide_1.14.0/plugins/com.st.stm32cube.common.mx_6.10.0.202311202037//db//plugins/boardmanager/
2024-01-17 05:13:03,988 [INFO] ApiDb:261 - Set plugin images path to: /opt/st/stm32cubeide_1.14.0/plugins/com.st.stm32cube.common.mx_6.10.0.202311202037//db//plugins/mcufinder/images/
2024-01-17 05:13:03,989 [WARN] DbFile:41 - Overriding database path with different value: /home/sleman/.stmcufinder/plugins/mcufinder/ => /home/sleman/.stmcufinder/plugins/mcufinder
2024-01-17 05:13:03,989 [INFO] ApiDb:250 - Set database path to: /home/sleman/.stmcufinder/plugins/mcufinder//mcu/
2024-01-17 05:13:03,989 [WARN] DbFile:41 - Overriding database path with different value: /home/sleman/.stmcufinder/plugins/mcufinder/ => /home/sleman/.stmcufinder/plugins/mcufinder
2024-01-17 05:13:03,989 [INFO] DbMcusAds:125 - Set database path to: /home/sleman/.stmcufinder/plugins/mcufinder//mcu/
2024-01-17 05:13:03,989 [WARN] DbFile:41 - Overriding database path with different value: /home/sleman/.stmcufinder/plugins/mcufinder/ => /home/sleman/.stmcufinder/plugins/mcufinder
2024-01-17 05:13:03,989 [WARN] DbFile:41 - Overriding database path with different value: /home/sleman/.stmcufinder/plugins/mcufinder/ => /home/sleman/.stmcufinder/plugins/mcufinder
2024-01-17 05:13:03,989 [INFO] CrossReferenceDbSqlite:203 - Set database path to: /home/sleman/.stmcufinder/plugins/mcufinder//mcu/cs/
2024-01-17 05:13:04,011 [INFO] ApplicationProperties:184 - Using Application install path: /opt/st/stm32cubeide_1.14.0/plugins/com.st.stm32cube.common.mx_6.10.0.202311202037
2024-01-17 05:13:04,013 [INFO] PluginManage:196 - Search for loadable plugins [exclusion list=, ]
2024-01-17 05:13:04,015 [INFO] PluginManage:310 - Check plugin analytics
2024-01-17 05:13:04,244 [INFO] AnalyticsPlugin:253 - Accepted Software Licenses: 
2024-01-17 05:13:04,244 [INFO] AnalyticsPlugin:255 - Accepted CMSIS Pack Licenses: 
2024-01-17 05:13:04,245 [INFO] AnalyticsPlugin:257 - Accepted Firmware Licenses: 
2024-01-17 05:13:04,249 [INFO] PluginManage:359 - Loaded plugin analytics (category:tool,tabindex:-1)
2024-01-17 05:13:04,250 [INFO] PluginManage:310 - Check plugin cadmodel
2024-01-17 05:13:04,289 [INFO] CADModel:105 - Init CAD model plugin
2024-01-17 05:13:04,289 [INFO] PluginManage:359 - Loaded plugin cadmodel (category:power,tabindex:5)
2024-01-17 05:13:04,289 [INFO] PluginManage:310 - Check plugin clock
2024-01-17 05:13:04,302 [INFO] PluginManage:359 - Loaded plugin clock (category:base,tabindex:2)
2024-01-17 05:13:04,303 [INFO] PluginManage:310 - Check plugin ddr
2024-01-17 05:13:04,305 [INFO] PluginManage:359 - Loaded plugin ddr (category:tool,tabindex:6)
2024-01-17 05:13:04,306 [INFO] PluginManage:310 - Check plugin filemanager
2024-01-17 05:13:04,477 [INFO] PluginManage:359 - Loaded plugin filemanager (category:base,tabindex:10)
2024-01-17 05:13:04,477 [INFO] PluginManage:310 - Check plugin ipmanager
2024-01-17 05:13:04,485 [INFO] PluginManage:359 - Loaded plugin ipmanager (category:base,tabindex:5)
2024-01-17 05:13:04,485 [INFO] PluginManage:310 - Check plugin lpbam
2024-01-17 05:13:04,499 [INFO] PluginManage:359 - Loaded plugin lpbam (category:base,tabindex:0)
2024-01-17 05:13:04,499 [INFO] PluginManage:310 - Check plugin memorymap
2024-01-17 05:13:04,516 [INFO] PluginManage:359 - Loaded plugin memorymap (category:base,tabindex:4)
2024-01-17 05:13:04,516 [INFO] PluginManage:310 - Check plugin pinoutandconfiguration
2024-01-17 05:13:04,526 [INFO] PluginManage:359 - Loaded plugin pinoutandconfiguration (category:base,tabindex:1)
2024-01-17 05:13:04,526 [INFO] PluginManage:310 - Check plugin pinoutconfig
2024-01-17 05:13:04,637 [WARN] SupportedApi:132 - Cannot load RTOS API schema: s4s-elt-must-match.1: The content of 'definitions' must match (annotation?, (simpleType | complexType)?, (unique | key | keyref)*)). A problem was found starting at: attribute.
2024-01-17 05:13:04,871 [INFO] PluginManage:359 - Loaded plugin pinoutconfig (category:base,tabindex:0)
2024-01-17 05:13:04,872 [INFO] PluginManage:310 - Check plugin power
2024-01-17 05:13:04,890 [INFO] PluginManage:359 - Loaded plugin power (category:power,tabindex:4)
2024-01-17 05:13:04,891 [INFO] PluginManage:310 - Check plugin projectmanager
2024-01-17 05:13:04,917 [INFO] PluginManage:359 - Loaded plugin projectmanager (category:projectmanager,tabindex:3)
2024-01-17 05:13:04,917 [INFO] PluginManage:310 - Check plugin thirdparty
2024-01-17 05:13:05,090 [INFO] PluginManage:359 - Loaded plugin thirdparty (category:base,tabindex:-1)
2024-01-17 05:13:05,090 [WARN] IntegrityCheckThread:84 - waiting for thirdparty lock release [integrity check]
2024-01-17 05:13:05,090 [INFO] PluginManage:310 - Check plugin tools
2024-01-17 05:13:05,090 [INFO] IntegrityCheckThread:86 - entering critical section [integrity check]
2024-01-17 05:13:05,091 [INFO] ThirdPartyUpdaterWithRetryManager:70 - Updater plugin not ready yet. [1/15]
2024-01-17 05:13:05,093 [INFO] PluginManage:359 - Loaded plugin tools (category:base,tabindex:7)
2024-01-17 05:13:05,094 [INFO] PluginManage:310 - Check plugin tutovideos
2024-01-17 05:13:05,337 [INFO] PluginManage:359 - Loaded plugin tutovideos (category:base,tabindex:-1)
2024-01-17 05:13:05,337 [INFO] PluginManage:310 - Check plugin updater
2024-01-17 05:13:05,355 [INFO] PluginManage:359 - Loaded plugin updater (category:base,tabindex:12)
2024-01-17 05:13:05,356 [INFO] PluginManage:310 - Check plugin userauth
2024-01-17 05:13:05,364 [INFO] UserAuth:114 - Init User Auth plugin
2024-01-17 05:13:05,364 [INFO] PluginManage:359 - Loaded plugin userauth (category:base,tabindex:14)
2024-01-17 05:13:05,365 [INFO] PluginManage:283 - PluginManage : Loaded plugins [17]
2024-01-17 05:13:05,635 [INFO] PinOutPanel:1499 - setPackage(No Configuration,No Configuration)
2024-01-17 05:13:05,731 [INFO] CADModel:165 - CPN selected for project level
2024-01-17 05:13:05,731 [INFO] CADModel:114 - Register for checkConnection events
2024-01-17 05:13:05,746 [INFO] IPUIPlugin:80 - create IPUIPlugin
2024-01-17 05:13:05,747 [INFO] PluginManager:220 - loadIPPluginJar : add quadspi
2024-01-17 05:13:05,748 [INFO] IPUIPlugin:80 - create IPUIPlugin
2024-01-17 05:13:05,749 [INFO] PluginManager:220 - loadIPPluginJar : add fatfs
2024-01-17 05:13:05,763 [INFO] IPUIPlugin:80 - create IPUIPlugin
2024-01-17 05:13:05,763 [INFO] PluginManager:220 - loadIPPluginJar : add adc
2024-01-17 05:13:05,770 [INFO] IPUIPlugin:80 - create IPUIPlugin
2024-01-17 05:13:05,771 [INFO] PluginManager:220 - loadIPPluginJar : add gpio
2024-01-17 05:13:05,774 [INFO] IPUIPlugin:80 - create IPUIPlugin
2024-01-17 05:13:05,774 [INFO] PluginManager:220 - loadIPPluginJar : add ucpd
2024-01-17 05:13:05,782 [INFO] IPUIPlugin:80 - create IPUIPlugin
2024-01-17 05:13:05,782 [INFO] PluginManager:220 - loadIPPluginJar : add dma
2024-01-17 05:13:05,785 [INFO] IPUIPlugin:80 - create IPUIPlugin
2024-01-17 05:13:05,785 [INFO] PluginManager:220 - loadIPPluginJar : add ts
2024-01-17 05:13:05,789 [INFO] IPUIPlugin:80 - create IPUIPlugin
2024-01-17 05:13:05,789 [INFO] PluginManager:220 - loadIPPluginJar : add usbx
2024-01-17 05:13:05,797 [INFO] IPUIPlugin:80 - create IPUIPlugin
2024-01-17 05:13:05,797 [INFO] PluginManager:220 - loadIPPluginJar : add gic
2024-01-17 05:13:05,800 [INFO] IPUIPlugin:80 - create IPUIPlugin
2024-01-17 05:13:05,801 [INFO] PluginManager:220 - loadIPPluginJar : add gfxmmu
2024-01-17 05:13:05,805 [INFO] IPUIPlugin:80 - create IPUIPlugin
2024-01-17 05:13:05,805 [INFO] PluginManager:220 - loadIPPluginJar : add openamp
2024-01-17 05:13:05,807 [INFO] IPUIPlugin:80 - create IPUIPlugin
2024-01-17 05:13:05,807 [INFO] PluginManager:220 - loadIPPluginJar : add comp
2024-01-17 05:13:05,811 [INFO] IPUIPlugin:80 - create IPUIPlugin
2024-01-17 05:13:05,811 [INFO] PluginManager:220 - loadIPPluginJar : add usart
2024-01-17 05:13:05,815 [INFO] IPUIPlugin:80 - create IPUIPlugin
2024-01-17 05:13:05,815 [INFO] PluginManager:220 - loadIPPluginJar : add hash
2024-01-17 05:13:05,819 [INFO] IPUIPlugin:80 - create IPUIPlugin
2024-01-17 05:13:05,819 [INFO] PluginManager:220 - loadIPPluginJar : add opamp
2024-01-17 05:13:05,822 [INFO] IPUIPlugin:80 - create IPUIPlugin
2024-01-17 05:13:05,822 [INFO] PluginManager:220 - loadIPPluginJar : add tim
2024-01-17 05:13:05,826 [INFO] IPUIPlugin:80 - create IPUIPlugin
2024-01-17 05:13:05,826 [INFO] PluginManager:220 - loadIPPluginJar : add i2s
2024-01-17 05:13:05,830 [INFO] IPUIPlugin:80 - create IPUIPlugin
2024-01-17 05:13:05,830 [INFO] PluginManager:220 - loadIPPluginJar : add dfsdm
2024-01-17 05:13:05,839 [INFO] IPUIPlugin:80 - create IPUIPlugin
2024-01-17 05:13:05,839 [INFO] PluginManager:220 - loadIPPluginJar : add freertos
2024-01-17 05:13:05,844 [INFO] IPUIPlugin:80 - create IPUIPlugin
2024-01-17 05:13:05,844 [INFO] PluginManager:220 - loadIPPluginJar : add pdm2pcm
2024-01-17 05:13:05,850 [INFO] IPUIPlugin:80 - create IPUIPlugin
2024-01-17 05:13:05,850 [INFO] PluginManager:220 - loadIPPluginJar : add nvic
2024-01-17 05:13:05,855 [INFO] IPUIPlugin:80 - create IPUIPlugin
2024-01-17 05:13:05,855 [INFO] PluginManager:220 - loadIPPluginJar : add gtzc
2024-01-17 05:13:05,859 [INFO] IPUIPlugin:80 - create IPUIPlugin
2024-01-17 05:13:05,859 [INFO] PluginManager:220 - loadIPPluginJar : add i2c
2024-01-17 05:13:05,864 [INFO] IPUIPlugin:80 - create IPUIPlugin
2024-01-17 05:13:05,865 [INFO] PluginManager:220 - loadIPPluginJar : add can
2024-01-17 05:13:05,868 [INFO] IPUIPlugin:80 - create IPUIPlugin
2024-01-17 05:13:05,868 [INFO] PluginManager:220 - loadIPPluginJar : add tracer_emb
2024-01-17 05:13:05,878 [INFO] IPUIPlugin:80 - create IPUIPlugin
2024-01-17 05:13:05,883 [INFO] PluginManager:220 - loadIPPluginJar : add plateformsettings
2024-01-17 05:13:05,885 [INFO] IPUIPlugin:80 - create IPUIPlugin
2024-01-17 05:13:05,886 [INFO] PluginManager:220 - loadIPPluginJar : add ltdc
2024-01-17 05:13:05,890 [INFO] IPUIPlugin:80 - create IPUIPlugin
2024-01-17 05:13:05,890 [INFO] PluginManager:220 - loadIPPluginJar : add cryp
2024-01-17 05:13:05,894 [INFO] IPUIPlugin:80 - create IPUIPlugin
2024-01-17 05:13:05,895 [INFO] PluginManager:220 - loadIPPluginJar : add dma3
2024-01-17 05:13:05,900 [INFO] IPUIPlugin:80 - create IPUIPlugin
2024-01-17 05:13:05,900 [INFO] PluginManager:220 - loadIPPluginJar : add touchsensing
2024-01-17 05:13:05,904 [INFO] IPUIPlugin:80 - create IPUIPlugin
2024-01-17 05:13:05,904 [INFO] PluginManager:220 - loadIPPluginJar : add spi
2024-01-17 05:13:05,908 [INFO] IPUIPlugin:80 - create IPUIPlugin
2024-01-17 05:13:05,908 [INFO] PluginManager:220 - loadIPPluginJar : add aes
2024-01-17 05:13:05,910 [INFO] IPUIPlugin:80 - create IPUIPlugin
2024-01-17 05:13:05,910 [INFO] PluginManager:220 - loadIPPluginJar : add tsc
2024-01-17 05:13:05,916 [INFO] IPUIPlugin:80 - create IPUIPlugin
2024-01-17 05:13:05,917 [INFO] PluginManager:220 - loadIPPluginJar : add stm32_wpan
2024-01-17 05:13:05,920 [INFO] IPUIPlugin:80 - create IPUIPlugin
2024-01-17 05:13:05,921 [INFO] PluginManager:220 - loadIPPluginJar : add i3c
2024-01-17 05:13:05,929 [INFO] IPUIPlugin:80 - create IPUIPlugin
2024-01-17 05:13:05,929 [INFO] PluginManager:220 - loadIPPluginJar : add linkedlist
2024-01-17 05:13:05,933 [INFO] IPUIPlugin:80 - create IPUIPlugin
2024-01-17 05:13:05,933 [INFO] PluginManager:220 - loadIPPluginJar : add ipddr
2024-01-17 05:13:05,937 [INFO] IPUIPlugin:80 - create IPUIPlugin
2024-01-17 05:13:05,937 [INFO] PluginManager:220 - loadIPPluginJar : add resmgrutility
2024-01-17 05:13:05,945 [INFO] IPUIPlugin:80 - create IPUIPlugin
2024-01-17 05:13:05,945 [INFO] PluginManager:220 - loadIPPluginJar : add mdma
2024-01-17 05:13:05,947 [INFO] IPUIPlugin:80 - create IPUIPlugin
2024-01-17 05:13:05,947 [INFO] PluginManager:220 - loadIPPluginJar : add genericplugin
2024-01-17 05:13:05,951 [INFO] IPUIPlugin:80 - create IPUIPlugin
2024-01-17 05:13:05,951 [INFO] PluginManager:220 - loadIPPluginJar : add sai
2024-01-17 05:13:05,954 [INFO] IPUIPlugin:80 - create IPUIPlugin
2024-01-17 05:13:05,954 [INFO] PluginManager:220 - loadIPPluginJar : add lorawan
2024-01-17 05:13:05,958 [INFO] IPUIPlugin:80 - create IPUIPlugin
2024-01-17 05:13:05,959 [INFO] PluginManager:220 - loadIPPluginJar : add fmc
2024-01-17 05:13:06,068 [INFO] CADModel:165 - CPN selected for project level
2024-01-17 05:13:06,068 [INFO] CADModel:114 - Register for checkConnection events
2024-01-17 05:13:06,069 [FATAL] Updater:308 - Updater called before beeing initialized
2024-01-17 05:13:06,069 [ERROR] CADModel:125 - Updater not yet initialized, retry later 
2024-01-17 05:13:06,207 [INFO] CADModel:165 - CPN selected for project level
2024-01-17 05:13:06,207 [INFO] CADModel:114 - Register for checkConnection events
2024-01-17 05:13:06,207 [FATAL] Updater:308 - Updater called before beeing initialized
2024-01-17 05:13:06,207 [ERROR] CADModel:125 - Updater not yet initialized, retry later 
2024-01-17 05:13:06,210 [FATAL] Updater:308 - Updater called before beeing initialized
2024-01-17 05:13:06,293 [FATAL] Updater:308 - Updater called before beeing initialized
2024-01-17 05:13:06,299 [INFO] DbMcusAds:53 - JSON generation date=Thu Sep 30 03:55:09 BRT 2021 (1632984909247)
2024-01-17 05:13:06,300 [FATAL] Updater:308 - Updater called before beeing initialized
2024-01-17 05:13:06,344 [WARN] DetailPanel:346 - Failed to get advertising image, set to default
2024-01-17 05:13:06,454 [FATAL] Updater:308 - Updater called before beeing initialized
2024-01-17 05:13:06,457 [FATAL] Updater:308 - Updater called before beeing initialized
2024-01-17 05:13:06,457 [FATAL] Updater:308 - Updater called before beeing initialized
2024-01-17 05:13:06,458 [WARN] DetailPanel:346 - Failed to get advertising image, set to default
2024-01-17 05:13:06,459 [FATAL] Updater:308 - Updater called before beeing initialized
2024-01-17 05:13:06,517 [ERROR] Updater:1120 - MainUpdater not yet initialized. External WinMGr cannot be set.
2024-01-17 05:13:06,520 [INFO] Updater:1056 - Updater Version found : 6.10.0
2024-01-17 05:13:06,550 [INFO] ApplicationProperties:184 - Using Application install path: /opt/st/stm32cubeide_1.14.0/plugins/com.st.stm32cube.common.mx_6.10.0.202311202037
2024-01-17 05:13:08,092 [INFO] ThirdPartyUpdaterWithRetryManager:70 - Updater plugin not ready yet. [2/15]
2024-01-17 05:13:08,805 [INFO] MainUpdater:2873 - connection check result : 10
2024-01-17 05:13:08,807 [INFO] MainUpdater:290 - Updater Check For Update Now.
2024-01-17 05:13:08,808 [INFO] MicroXplorer:498 - Change Database Version : DB.6.0.100
2024-01-17 05:13:08,821 [INFO] McuFinderGlobals:63 - Set McuFinder mode to 2 (CubeIDE integrated)
2024-01-17 05:13:08,821 [INFO] UserAuth:180 - activating auth plugin
2024-01-17 05:13:08,829 [INFO] UserAuth:404 - Internet connection configuration mode: 1
2024-01-17 05:13:08,860 [INFO] JxBrowserEngine:152 - Initiate JxBrowser Engine with user profile folder
2024-01-17 05:13:09,029 [INFO] CheckServerUpdateThread:120 - End of CheckServer Thread
2024-01-17 05:13:10,183 [INFO] WebApp:161 - Instantiating new browser for Auth
2024-01-17 05:13:11,094 [INFO] WebApp:780 - Register for checkConnection events
2024-01-17 05:13:11,094 [INFO] WebApp:414 - Apply proxy settings
2024-01-17 05:13:11,095 [INFO] WebApp:499 - Chromium requires no authentication
2024-01-17 05:13:11,104 [INFO] WebApp:442 - Direct internet connection detected
2024-01-17 05:13:11,331 [WARN] PackLoader:240 - Cannot read IP mode file for STMicroelectronics.X-CUBE-SMBUS.2.1.0
2024-01-17 05:13:11,339 [WARN] PackLoader:240 - Cannot read IP mode file for STMicroelectronics.X-CUBE-TOUCHGFX.4.23.0
2024-01-17 05:13:11,394 [WARN] PackLoader:240 - Cannot read IP mode file for STMicroelectronics.X-CUBE-AZRTOS-F7.1.1.0
2024-01-17 05:13:11,412 [WARN] PackLoader:240 - Cannot read IP mode file for STMicroelectronics.FP-SNS-MOTENV1.4.3.2
2024-01-17 05:13:11,422 [INFO] WebApp:192 - Starting web application
2024-01-17 05:13:11,422 [INFO] WebApp:544 - Web application path used /opt/st/stm32cubeide_1.14.0/plugins/com.st.stm32cube.common.mx_6.10.0.202311202037/db/plugins/mcufinder/reactClient1/index.html
2024-01-17 05:13:11,423 [WARN] PackLoader:240 - Cannot read IP mode file for STMicroelectronics.FP-SNS-FLIGHT1.5.0.2
2024-01-17 05:13:11,437 [WARN] PackLoader:240 - Cannot read IP mode file for STMicroelectronics.X-CUBE-DISPLAY.3.0.0
2024-01-17 05:13:11,457 [WARN] PackLoader:240 - Cannot read IP mode file for STMicroelectronics.X-CUBE-BLE1.7.0.0
2024-01-17 05:13:11,465 [WARN] PackLoader:240 - Cannot read IP mode file for emotas.I-CUBE-CANOPEN.1.3.0
2024-01-17 05:13:11,472 [WARN] PackLoader:240 - Cannot read IP mode file for STMicroelectronics.FP-SNS-SMARTAG2.1.2.0
2024-01-17 05:13:11,490 [INFO] LogOutputStream:77 - [STDOUT_REDIRECT] 1 : Invalid condition id : UX_CORESTACK_Condition cause : null
2024-01-17 05:13:11,491 [INFO] LogOutputStream:77 - [STDOUT_REDIRECT] 1 : Invalid condition id : UX_CORESTACK_Condition cause : null
2024-01-17 05:13:11,491 [INFO] LogOutputStream:77 - [STDOUT_REDIRECT] 1 : Invalid condition id : UX_CORESTACK_Condition cause : null
2024-01-17 05:13:11,492 [INFO] LogOutputStream:77 - [STDOUT_REDIRECT] 1 : Invalid condition id : UX_CORESTACK_Condition cause : null
2024-01-17 05:13:11,492 [INFO] LogOutputStream:77 - [STDOUT_REDIRECT] 1 : Invalid condition id : UX_CORESTACK_Condition cause : null
2024-01-17 05:13:11,498 [WARN] PackLoader:240 - Cannot read IP mode file for STMicroelectronics.X-CUBE-AZRTOS-WL.2.0.0
2024-01-17 05:13:11,509 [WARN] PackLoader:240 - Cannot read IP mode file for WES.I-CUBE-Cesium.1.3.0
2024-01-17 05:13:11,517 [WARN] PackLoader:240 - Cannot read IP mode file for STMicroelectronics.X-CUBE-BLE2.3.3.0
2024-01-17 05:13:11,526 [WARN] PackLoader:240 - Cannot read IP mode file for STMicroelectronics.X-CUBE-ALGOBUILD.1.3.0
2024-01-17 05:13:11,551 [WARN] PackLoader:240 - Cannot read IP mode file for STMicroelectronics.X-CUBE-AZRTOS-G0.1.1.0
2024-01-17 05:13:11,561 [WARN] PackLoader:240 - Cannot read IP mode file for STMicroelectronics.X-CUBE-NFC4.3.0.0
2024-01-17 05:13:11,575 [WARN] PackLoader:240 - Cannot read IP mode file for STMicroelectronics.X-CUBE-BLEMGR.3.0.0
2024-01-17 05:13:11,582 [WARN] PackLoader:240 - Cannot read IP mode file for STMicroelectronics.FP-ATR-SIGFOX1.3.2.0
2024-01-17 05:13:11,622 [WARN] PackLoader:240 - Cannot read IP mode file for SEGGER.I-CUBE-embOS.1.3.1
2024-01-17 05:13:11,693 [WARN] PackLoader:240 - Cannot read IP mode file for STMicroelectronics.X-CUBE-GNSS1.6.0.0
2024-01-17 05:13:11,727 [WARN] PackLoader:240 - Cannot read IP mode file for STMicroelectronics.X-CUBE-AZRTOS-F4.1.1.0
2024-01-17 05:13:11,736 [WARN] PackLoader:240 - Cannot read IP mode file for wolfSSL.I-CUBE-wolfSSL.5.6.6
2024-01-17 05:13:11,769 [WARN] PackLoader:240 - Cannot read IP mode file for STMicroelectronics.X-CUBE-AZRTOS-L5.2.0.0
2024-01-17 05:13:11,786 [WARN] PackLoader:240 - Cannot read IP mode file for STMicroelectronics.X-CUBE-EEPRMA1.4.2.0
2024-01-17 05:13:11,794 [WARN] PackLoader:240 - Cannot read IP mode file for ITTIA_DB.I-CUBE-ITTIADB.8.8.0
2024-01-17 05:13:11,800 [WARN] PackLoader:240 - Cannot read IP mode file for STMicroelectronics.X-CUBE-NFC7.1.0.1
2024-01-17 05:13:11,812 [WARN] PackLoader:240 - Cannot read IP mode file for STMicroelectronics.X-CUBE-NFC6.3.0.0
2024-01-17 05:13:11,820 [WARN] PackLoader:240 - Cannot read IP mode file for STMicroelectronics.X-CUBE-AI.8.1.0
2024-01-17 05:13:11,847 [WARN] ConditionMgr:438 - getConditionDescription Invalid condition id : LAN8742 Phy interface Condition cause : null
2024-01-17 05:13:11,848 [WARN] PackLoader:240 - Cannot read IP mode file for STMicroelectronics.X-CUBE-AZRTOS-L4.2.0.0
2024-01-17 05:13:11,850 [WARN] ConditionMgr:1039 - genDependencies : Invalid condition id : LAN8742 Phy interface Condition cause : null
2024-01-17 05:13:11,851 [WARN] ConditionMgr:1039 - genDependencies : Invalid condition id : LAN8742 Phy interface Condition cause : null
2024-01-17 05:13:11,852 [WARN] ConditionMgr:1039 - genDependencies : Invalid condition id : LAN8742 Phy interface Condition cause : null
2024-01-17 05:13:11,862 [WARN] PackLoader:240 - Cannot read IP mode file for STMicroelectronics.X-CUBE-SFXS2LP1.4.0.0
2024-01-17 05:13:11,880 [WARN] ConditionMgr:438 - getConditionDescription Invalid condition id : UX DEVICE CLASS RTOS Condition cause : null
2024-01-17 05:13:11,881 [WARN] ConditionMgr:438 - getConditionDescription Invalid condition id : UX DEVICE CLASS RTOS Condition cause : null
2024-01-17 05:13:11,884 [WARN] PackLoader:240 - Cannot read IP mode file for STMicroelectronics.X-CUBE-AZRTOS-WB.2.0.0
2024-01-17 05:13:11,885 [WARN] ConditionMgr:1039 - genDependencies : Invalid condition id : UX DEVICE CLASS RTOS Condition cause : null
2024-01-17 05:13:11,885 [WARN] ConditionMgr:1039 - genDependencies : Invalid condition id : UX DEVICE CLASS RTOS Condition cause : null
2024-01-17 05:13:11,886 [WARN] ConditionMgr:1039 - genDependencies : Invalid condition id : UX DEVICE CLASS RTOS Condition cause : null
2024-01-17 05:13:11,887 [WARN] ConditionMgr:1039 - genDependencies : Invalid condition id : UX DEVICE CLASS RTOS Condition cause : null
2024-01-17 05:13:11,887 [WARN] ConditionMgr:1039 - genDependencies : Invalid condition id : UX DEVICE CLASS RTOS Condition cause : null
2024-01-17 05:13:11,902 [WARN] PackLoader:240 - Cannot read IP mode file for STMicroelectronics.X-CUBE-SUBG2.5.0.0
2024-01-17 05:13:11,929 [WARN] PackLoader:240 - Cannot read IP mode file for STMicroelectronics.X-CUBE-AZRTOS-G4.2.0.0
2024-01-17 05:13:11,947 [WARN] PackLoader:240 - Cannot read IP mode file for Infineon.AIROC-Wi-Fi-Bluetooth-STM32.1.5.1
2024-01-17 05:13:11,958 [WARN] PackLoader:240 - Cannot read IP mode file for STMicroelectronics.FP-SNS-MOTENVWB1.1.3.1
2024-01-17 05:13:11,963 [WARN] PackLoader:240 - Cannot read IP mode file for STMicroelectronics.X-CUBE-ISPU.2.0.0
2024-01-17 05:13:12,022 [WARN] PackLoader:240 - Cannot read IP mode file for STMicroelectronics.X-CUBE-MEMS1.10.0.0
2024-01-17 05:13:12,281 [WARN] PackLoader:240 - Cannot read IP mode file for STMicroelectronics.X-CUBE-FREERTOS.1.1.0
2024-01-17 05:13:12,287 [WARN] PackLoader:240 - Cannot read IP mode file for portGmbH.I-Cube-SoM-uGOAL.1.1.0
2024-01-17 05:13:12,292 [WARN] PackLoader:240 - Cannot read IP mode file for STMicroelectronics.X-CUBE-ALS.1.0.1
2024-01-17 05:13:12,296 [WARN] PackLoader:240 - Cannot read IP mode file for STMicroelectronics.FP-ATR-ASTRA1.2.0.0
2024-01-17 05:13:12,312 [WARN] PackLoader:240 - Cannot read IP mode file for STMicroelectronics.X-CUBE-TOF1.3.4.0
2024-01-17 05:13:12,351 [WARN] PackLoader:240 - Cannot read IP mode file for STMicroelectronics.X-CUBE-AZRTOS-H7.3.2.0
2024-01-17 05:13:12,356 [INFO] ThirdParty:978 - Integrity check success = true
2024-01-17 05:13:12,356 [INFO] IntegrityCheckThread:100 - exiting critical section [integrity check]
2024-01-17 05:13:12,356 [INFO] IntegrityCheckThread:103 - End integrity checks thread
2024-01-17 05:13:32,022 [ERROR] LogOutputStream:75 - [STDERR_REDIRECT] SLF4J: Failed to load class "org.slf4j.impl.StaticLoggerBinder".
2024-01-17 05:13:32,023 [ERROR] LogOutputStream:75 - [STDERR_REDIRECT] SLF4J: Defaulting to no-operation (NOP) logger implementation
2024-01-17 05:13:32,023 [ERROR] LogOutputStream:75 - [STDERR_REDIRECT] SLF4J: See http://www.slf4j.org/codes.html#StaticLoggerBinder for further details.
