2024-01-13 14:28:26,261 [INFO] Activator:176 - 


2024-01-13 14:28:26,270 [INFO] Activator:177 - !SESSION log4j initialized
2024-01-13 14:28:32,163 [INFO] LogOutputStream:77 - [STDOUT_REDIRECT] 
2024-01-13 14:28:33,785 [INFO] ApplicationProperties:184 - Using Application install path: /opt/st/stm32cubeide_1.14.0/plugins/com.st.stm32cube.common.mx_6.10.0.202311202037
2024-01-13 14:28:33,808 [INFO] DbMcusXml:78 - Set database path to: /opt/st/stm32cubeide_1.14.0/plugins/com.st.stm32cube.common.mx_6.10.0.202311202037//db//mcu/
2024-01-13 14:28:33,808 [INFO] ApiDb:274 - Set plugin database path to: /opt/st/stm32cubeide_1.14.0/plugins/com.st.stm32cube.common.mx_6.10.0.202311202037//db//plugins/boardmanager/
2024-01-13 14:28:33,809 [WARN] ApiDb:259 - Overriding images path with different value:  => /opt/st/stm32cubeide_1.14.0/plugins/com.st.stm32cube.common.mx_6.10.0.202311202037//db//plugins/mcufinder/images/
2024-01-13 14:28:33,817 [INFO] ApiDb:250 - Set database path to: /home/sleman/.stmcufinder/plugins/mcufinder//mcu/
2024-01-13 14:28:33,819 [INFO] DbMcusAds:125 - Set database path to: /home/sleman/.stmcufinder/plugins/mcufinder//mcu/
2024-01-13 14:28:33,821 [INFO] CrossReferenceDbSqlite:203 - Set database path to: /home/sleman/.stmcufinder/plugins/mcufinder//mcu/cs/
2024-01-13 14:28:33,961 [INFO] RulesReader:64 - Compatibility file has been processed (297 Rules)
2024-01-13 14:28:34,037 [INFO] DbMcusXml:78 - Set database path to: /opt/st/stm32cubeide_1.14.0/plugins/com.st.stm32cube.common.mx_6.10.0.202311202037//db//mcu/
2024-01-13 14:28:34,037 [INFO] ApiDb:274 - Set plugin database path to: /opt/st/stm32cubeide_1.14.0/plugins/com.st.stm32cube.common.mx_6.10.0.202311202037//db//plugins/boardmanager/
2024-01-13 14:28:34,037 [INFO] ApiDb:261 - Set plugin images path to: /opt/st/stm32cubeide_1.14.0/plugins/com.st.stm32cube.common.mx_6.10.0.202311202037//db//plugins/mcufinder/images/
2024-01-13 14:28:34,038 [WARN] DbFile:41 - Overriding database path with different value: /home/sleman/.stmcufinder/plugins/mcufinder/ => /home/sleman/.stmcufinder/plugins/mcufinder
2024-01-13 14:28:34,038 [INFO] ApiDb:250 - Set database path to: /home/sleman/.stmcufinder/plugins/mcufinder//mcu/
2024-01-13 14:28:34,038 [WARN] DbFile:41 - Overriding database path with different value: /home/sleman/.stmcufinder/plugins/mcufinder/ => /home/sleman/.stmcufinder/plugins/mcufinder
2024-01-13 14:28:34,038 [INFO] DbMcusAds:125 - Set database path to: /home/sleman/.stmcufinder/plugins/mcufinder//mcu/
2024-01-13 14:28:34,038 [WARN] DbFile:41 - Overriding database path with different value: /home/sleman/.stmcufinder/plugins/mcufinder/ => /home/sleman/.stmcufinder/plugins/mcufinder
2024-01-13 14:28:34,038 [WARN] DbFile:41 - Overriding database path with different value: /home/sleman/.stmcufinder/plugins/mcufinder/ => /home/sleman/.stmcufinder/plugins/mcufinder
2024-01-13 14:28:34,039 [INFO] CrossReferenceDbSqlite:203 - Set database path to: /home/sleman/.stmcufinder/plugins/mcufinder//mcu/cs/
2024-01-13 14:28:34,130 [INFO] MainPanel:264 - HeapMemory: 268435456
2024-01-13 14:28:34,230 [INFO] DbMcusXml:78 - Set database path to: /opt/st/stm32cubeide_1.14.0/plugins/com.st.stm32cube.common.mx_6.10.0.202311202037//db//mcu/
2024-01-13 14:28:34,231 [INFO] ApiDb:274 - Set plugin database path to: /opt/st/stm32cubeide_1.14.0/plugins/com.st.stm32cube.common.mx_6.10.0.202311202037//db//plugins/boardmanager/
2024-01-13 14:28:34,231 [INFO] ApiDb:261 - Set plugin images path to: /opt/st/stm32cubeide_1.14.0/plugins/com.st.stm32cube.common.mx_6.10.0.202311202037//db//plugins/mcufinder/images/
2024-01-13 14:28:34,231 [WARN] DbFile:41 - Overriding database path with different value: /home/sleman/.stmcufinder/plugins/mcufinder/ => /home/sleman/.stmcufinder/plugins/mcufinder
2024-01-13 14:28:34,231 [INFO] ApiDb:250 - Set database path to: /home/sleman/.stmcufinder/plugins/mcufinder//mcu/
2024-01-13 14:28:34,232 [WARN] DbFile:41 - Overriding database path with different value: /home/sleman/.stmcufinder/plugins/mcufinder/ => /home/sleman/.stmcufinder/plugins/mcufinder
2024-01-13 14:28:34,232 [INFO] DbMcusAds:125 - Set database path to: /home/sleman/.stmcufinder/plugins/mcufinder//mcu/
2024-01-13 14:28:34,232 [WARN] DbFile:41 - Overriding database path with different value: /home/sleman/.stmcufinder/plugins/mcufinder/ => /home/sleman/.stmcufinder/plugins/mcufinder
2024-01-13 14:28:34,232 [WARN] DbFile:41 - Overriding database path with different value: /home/sleman/.stmcufinder/plugins/mcufinder/ => /home/sleman/.stmcufinder/plugins/mcufinder
2024-01-13 14:28:34,232 [INFO] CrossReferenceDbSqlite:203 - Set database path to: /home/sleman/.stmcufinder/plugins/mcufinder//mcu/cs/
2024-01-13 14:28:34,253 [INFO] ApplicationProperties:184 - Using Application install path: /opt/st/stm32cubeide_1.14.0/plugins/com.st.stm32cube.common.mx_6.10.0.202311202037
2024-01-13 14:28:34,256 [INFO] PluginManage:196 - Search for loadable plugins [exclusion list=, ]
2024-01-13 14:28:34,259 [INFO] PluginManage:310 - Check plugin analytics
2024-01-13 14:28:34,502 [INFO] AnalyticsPlugin:253 - Accepted Software Licenses: 
2024-01-13 14:28:34,502 [INFO] AnalyticsPlugin:255 - Accepted CMSIS Pack Licenses: 
2024-01-13 14:28:34,502 [INFO] AnalyticsPlugin:257 - Accepted Firmware Licenses: 
2024-01-13 14:28:34,506 [INFO] PluginManage:359 - Loaded plugin analytics (category:tool,tabindex:-1)
2024-01-13 14:28:34,506 [INFO] PluginManage:310 - Check plugin cadmodel
2024-01-13 14:28:34,602 [INFO] CADModel:105 - Init CAD model plugin
2024-01-13 14:28:34,602 [INFO] PluginManage:359 - Loaded plugin cadmodel (category:power,tabindex:5)
2024-01-13 14:28:34,602 [INFO] PluginManage:310 - Check plugin clock
2024-01-13 14:28:34,617 [INFO] PluginManage:359 - Loaded plugin clock (category:base,tabindex:2)
2024-01-13 14:28:34,617 [INFO] PluginManage:310 - Check plugin ddr
2024-01-13 14:28:34,620 [INFO] PluginManage:359 - Loaded plugin ddr (category:tool,tabindex:6)
2024-01-13 14:28:34,621 [INFO] PluginManage:310 - Check plugin filemanager
2024-01-13 14:28:34,799 [INFO] PluginManage:359 - Loaded plugin filemanager (category:base,tabindex:10)
2024-01-13 14:28:34,799 [INFO] PluginManage:310 - Check plugin ipmanager
2024-01-13 14:28:34,807 [INFO] PluginManage:359 - Loaded plugin ipmanager (category:base,tabindex:5)
2024-01-13 14:28:34,807 [INFO] PluginManage:310 - Check plugin lpbam
2024-01-13 14:28:34,820 [INFO] PluginManage:359 - Loaded plugin lpbam (category:base,tabindex:0)
2024-01-13 14:28:34,820 [INFO] PluginManage:310 - Check plugin memorymap
2024-01-13 14:28:34,839 [INFO] PluginManage:359 - Loaded plugin memorymap (category:base,tabindex:4)
2024-01-13 14:28:34,840 [INFO] PluginManage:310 - Check plugin pinoutandconfiguration
2024-01-13 14:28:34,851 [INFO] PluginManage:359 - Loaded plugin pinoutandconfiguration (category:base,tabindex:1)
2024-01-13 14:28:34,852 [INFO] PluginManage:310 - Check plugin pinoutconfig
2024-01-13 14:28:34,986 [WARN] SupportedApi:132 - Cannot load RTOS API schema: s4s-elt-must-match.1: The content of 'definitions' must match (annotation?, (simpleType | complexType)?, (unique | key | keyref)*)). A problem was found starting at: attribute.
2024-01-13 14:28:35,192 [INFO] PluginManage:359 - Loaded plugin pinoutconfig (category:base,tabindex:0)
2024-01-13 14:28:35,192 [INFO] PluginManage:310 - Check plugin power
2024-01-13 14:28:35,207 [INFO] PluginManage:359 - Loaded plugin power (category:power,tabindex:4)
2024-01-13 14:28:35,208 [INFO] PluginManage:310 - Check plugin projectmanager
2024-01-13 14:28:35,237 [INFO] PluginManage:359 - Loaded plugin projectmanager (category:projectmanager,tabindex:3)
2024-01-13 14:28:35,237 [INFO] PluginManage:310 - Check plugin thirdparty
2024-01-13 14:28:35,460 [INFO] PluginManage:359 - Loaded plugin thirdparty (category:base,tabindex:-1)
2024-01-13 14:28:35,460 [WARN] IntegrityCheckThread:84 - waiting for thirdparty lock release [integrity check]
2024-01-13 14:28:35,460 [INFO] PluginManage:310 - Check plugin tools
2024-01-13 14:28:35,460 [INFO] IntegrityCheckThread:86 - entering critical section [integrity check]
2024-01-13 14:28:35,461 [INFO] ThirdPartyUpdaterWithRetryManager:70 - Updater plugin not ready yet. [1/15]
2024-01-13 14:28:35,463 [INFO] PluginManage:359 - Loaded plugin tools (category:base,tabindex:7)
2024-01-13 14:28:35,464 [INFO] PluginManage:310 - Check plugin tutovideos
2024-01-13 14:28:35,701 [INFO] PluginManage:359 - Loaded plugin tutovideos (category:base,tabindex:-1)
2024-01-13 14:28:35,701 [INFO] PluginManage:310 - Check plugin updater
2024-01-13 14:28:35,717 [INFO] PluginManage:359 - Loaded plugin updater (category:base,tabindex:12)
2024-01-13 14:28:35,717 [INFO] PluginManage:310 - Check plugin userauth
2024-01-13 14:28:35,723 [INFO] UserAuth:114 - Init User Auth plugin
2024-01-13 14:28:35,724 [INFO] PluginManage:359 - Loaded plugin userauth (category:base,tabindex:14)
2024-01-13 14:28:35,724 [INFO] PluginManage:283 - PluginManage : Loaded plugins [17]
2024-01-13 14:28:35,965 [INFO] PinOutPanel:1499 - setPackage(No Configuration,No Configuration)
2024-01-13 14:28:36,046 [INFO] CADModel:165 - CPN selected for project level
2024-01-13 14:28:36,046 [INFO] CADModel:114 - Register for checkConnection events
2024-01-13 14:28:36,059 [INFO] IPUIPlugin:80 - create IPUIPlugin
2024-01-13 14:28:36,060 [INFO] PluginManager:220 - loadIPPluginJar : add quadspi
2024-01-13 14:28:36,061 [INFO] IPUIPlugin:80 - create IPUIPlugin
2024-01-13 14:28:36,062 [INFO] PluginManager:220 - loadIPPluginJar : add fatfs
2024-01-13 14:28:36,075 [INFO] IPUIPlugin:80 - create IPUIPlugin
2024-01-13 14:28:36,075 [INFO] PluginManager:220 - loadIPPluginJar : add adc
2024-01-13 14:28:36,081 [INFO] IPUIPlugin:80 - create IPUIPlugin
2024-01-13 14:28:36,081 [INFO] PluginManager:220 - loadIPPluginJar : add gpio
2024-01-13 14:28:36,084 [INFO] IPUIPlugin:80 - create IPUIPlugin
2024-01-13 14:28:36,084 [INFO] PluginManager:220 - loadIPPluginJar : add ucpd
2024-01-13 14:28:36,092 [INFO] IPUIPlugin:80 - create IPUIPlugin
2024-01-13 14:28:36,092 [INFO] PluginManager:220 - loadIPPluginJar : add dma
2024-01-13 14:28:36,094 [INFO] IPUIPlugin:80 - create IPUIPlugin
2024-01-13 14:28:36,094 [INFO] PluginManager:220 - loadIPPluginJar : add ts
2024-01-13 14:28:36,098 [INFO] IPUIPlugin:80 - create IPUIPlugin
2024-01-13 14:28:36,098 [INFO] PluginManager:220 - loadIPPluginJar : add usbx
2024-01-13 14:28:36,106 [INFO] IPUIPlugin:80 - create IPUIPlugin
2024-01-13 14:28:36,106 [INFO] PluginManager:220 - loadIPPluginJar : add gic
2024-01-13 14:28:36,109 [INFO] IPUIPlugin:80 - create IPUIPlugin
2024-01-13 14:28:36,109 [INFO] PluginManager:220 - loadIPPluginJar : add gfxmmu
2024-01-13 14:28:36,113 [INFO] IPUIPlugin:80 - create IPUIPlugin
2024-01-13 14:28:36,114 [INFO] PluginManager:220 - loadIPPluginJar : add openamp
2024-01-13 14:28:36,116 [INFO] IPUIPlugin:80 - create IPUIPlugin
2024-01-13 14:28:36,116 [INFO] PluginManager:220 - loadIPPluginJar : add comp
2024-01-13 14:28:36,120 [INFO] IPUIPlugin:80 - create IPUIPlugin
2024-01-13 14:28:36,120 [INFO] PluginManager:220 - loadIPPluginJar : add usart
2024-01-13 14:28:36,123 [INFO] IPUIPlugin:80 - create IPUIPlugin
2024-01-13 14:28:36,123 [INFO] PluginManager:220 - loadIPPluginJar : add hash
2024-01-13 14:28:36,127 [INFO] IPUIPlugin:80 - create IPUIPlugin
2024-01-13 14:28:36,127 [INFO] PluginManager:220 - loadIPPluginJar : add opamp
2024-01-13 14:28:36,130 [INFO] IPUIPlugin:80 - create IPUIPlugin
2024-01-13 14:28:36,130 [INFO] PluginManager:220 - loadIPPluginJar : add tim
2024-01-13 14:28:36,133 [INFO] IPUIPlugin:80 - create IPUIPlugin
2024-01-13 14:28:36,133 [INFO] PluginManager:220 - loadIPPluginJar : add i2s
2024-01-13 14:28:36,137 [INFO] IPUIPlugin:80 - create IPUIPlugin
2024-01-13 14:28:36,137 [INFO] PluginManager:220 - loadIPPluginJar : add dfsdm
2024-01-13 14:28:36,145 [INFO] IPUIPlugin:80 - create IPUIPlugin
2024-01-13 14:28:36,145 [INFO] PluginManager:220 - loadIPPluginJar : add freertos
2024-01-13 14:28:36,149 [INFO] IPUIPlugin:80 - create IPUIPlugin
2024-01-13 14:28:36,149 [INFO] PluginManager:220 - loadIPPluginJar : add pdm2pcm
2024-01-13 14:28:36,155 [INFO] IPUIPlugin:80 - create IPUIPlugin
2024-01-13 14:28:36,155 [INFO] PluginManager:220 - loadIPPluginJar : add nvic
2024-01-13 14:28:36,159 [INFO] IPUIPlugin:80 - create IPUIPlugin
2024-01-13 14:28:36,160 [INFO] PluginManager:220 - loadIPPluginJar : add gtzc
2024-01-13 14:28:36,164 [INFO] IPUIPlugin:80 - create IPUIPlugin
2024-01-13 14:28:36,164 [INFO] PluginManager:220 - loadIPPluginJar : add i2c
2024-01-13 14:28:36,167 [INFO] IPUIPlugin:80 - create IPUIPlugin
2024-01-13 14:28:36,168 [INFO] PluginManager:220 - loadIPPluginJar : add can
2024-01-13 14:28:36,170 [INFO] IPUIPlugin:80 - create IPUIPlugin
2024-01-13 14:28:36,171 [INFO] PluginManager:220 - loadIPPluginJar : add tracer_emb
2024-01-13 14:28:36,180 [INFO] IPUIPlugin:80 - create IPUIPlugin
2024-01-13 14:28:36,185 [INFO] PluginManager:220 - loadIPPluginJar : add plateformsettings
2024-01-13 14:28:36,188 [INFO] IPUIPlugin:80 - create IPUIPlugin
2024-01-13 14:28:36,189 [INFO] PluginManager:220 - loadIPPluginJar : add ltdc
2024-01-13 14:28:36,193 [INFO] IPUIPlugin:80 - create IPUIPlugin
2024-01-13 14:28:36,193 [INFO] PluginManager:220 - loadIPPluginJar : add cryp
2024-01-13 14:28:36,197 [INFO] IPUIPlugin:80 - create IPUIPlugin
2024-01-13 14:28:36,198 [INFO] PluginManager:220 - loadIPPluginJar : add dma3
2024-01-13 14:28:36,203 [INFO] IPUIPlugin:80 - create IPUIPlugin
2024-01-13 14:28:36,204 [INFO] PluginManager:220 - loadIPPluginJar : add touchsensing
2024-01-13 14:28:36,208 [INFO] IPUIPlugin:80 - create IPUIPlugin
2024-01-13 14:28:36,208 [INFO] PluginManager:220 - loadIPPluginJar : add spi
2024-01-13 14:28:36,212 [INFO] IPUIPlugin:80 - create IPUIPlugin
2024-01-13 14:28:36,213 [INFO] PluginManager:220 - loadIPPluginJar : add aes
2024-01-13 14:28:36,216 [INFO] IPUIPlugin:80 - create IPUIPlugin
2024-01-13 14:28:36,216 [INFO] PluginManager:220 - loadIPPluginJar : add tsc
2024-01-13 14:28:36,224 [INFO] IPUIPlugin:80 - create IPUIPlugin
2024-01-13 14:28:36,224 [INFO] PluginManager:220 - loadIPPluginJar : add stm32_wpan
2024-01-13 14:28:36,228 [INFO] IPUIPlugin:80 - create IPUIPlugin
2024-01-13 14:28:36,229 [INFO] PluginManager:220 - loadIPPluginJar : add i3c
2024-01-13 14:28:36,240 [INFO] IPUIPlugin:80 - create IPUIPlugin
2024-01-13 14:28:36,241 [INFO] PluginManager:220 - loadIPPluginJar : add linkedlist
2024-01-13 14:28:36,247 [INFO] IPUIPlugin:80 - create IPUIPlugin
2024-01-13 14:28:36,247 [INFO] PluginManager:220 - loadIPPluginJar : add ipddr
2024-01-13 14:28:36,252 [INFO] IPUIPlugin:80 - create IPUIPlugin
2024-01-13 14:28:36,252 [INFO] PluginManager:220 - loadIPPluginJar : add resmgrutility
2024-01-13 14:28:36,263 [INFO] IPUIPlugin:80 - create IPUIPlugin
2024-01-13 14:28:36,263 [INFO] PluginManager:220 - loadIPPluginJar : add mdma
2024-01-13 14:28:36,265 [INFO] IPUIPlugin:80 - create IPUIPlugin
2024-01-13 14:28:36,265 [INFO] PluginManager:220 - loadIPPluginJar : add genericplugin
2024-01-13 14:28:36,271 [INFO] IPUIPlugin:80 - create IPUIPlugin
2024-01-13 14:28:36,271 [INFO] PluginManager:220 - loadIPPluginJar : add sai
2024-01-13 14:28:36,275 [INFO] IPUIPlugin:80 - create IPUIPlugin
2024-01-13 14:28:36,275 [INFO] PluginManager:220 - loadIPPluginJar : add lorawan
2024-01-13 14:28:36,281 [INFO] IPUIPlugin:80 - create IPUIPlugin
2024-01-13 14:28:36,281 [INFO] PluginManager:220 - loadIPPluginJar : add fmc
2024-01-13 14:28:36,407 [INFO] CADModel:165 - CPN selected for project level
2024-01-13 14:28:36,407 [INFO] CADModel:114 - Register for checkConnection events
2024-01-13 14:28:36,408 [FATAL] Updater:308 - Updater called before beeing initialized
2024-01-13 14:28:36,408 [ERROR] CADModel:125 - Updater not yet initialized, retry later 
2024-01-13 14:28:36,602 [INFO] CADModel:165 - CPN selected for project level
2024-01-13 14:28:36,602 [INFO] CADModel:114 - Register for checkConnection events
2024-01-13 14:28:36,603 [FATAL] Updater:308 - Updater called before beeing initialized
2024-01-13 14:28:36,603 [ERROR] CADModel:125 - Updater not yet initialized, retry later 
2024-01-13 14:28:36,609 [FATAL] Updater:308 - Updater called before beeing initialized
2024-01-13 14:28:36,721 [FATAL] Updater:308 - Updater called before beeing initialized
2024-01-13 14:28:36,727 [INFO] DbMcusAds:53 - JSON generation date=Thu Sep 30 03:55:09 BRT 2021 (1632984909247)
2024-01-13 14:28:36,727 [FATAL] Updater:308 - Updater called before beeing initialized
2024-01-13 14:28:36,774 [WARN] DetailPanel:346 - Failed to get advertising image, set to default
2024-01-13 14:28:36,891 [FATAL] Updater:308 - Updater called before beeing initialized
2024-01-13 14:28:36,893 [FATAL] Updater:308 - Updater called before beeing initialized
2024-01-13 14:28:36,893 [FATAL] Updater:308 - Updater called before beeing initialized
2024-01-13 14:28:36,893 [WARN] DetailPanel:346 - Failed to get advertising image, set to default
2024-01-13 14:28:36,894 [FATAL] Updater:308 - Updater called before beeing initialized
2024-01-13 14:28:36,940 [ERROR] Updater:1120 - MainUpdater not yet initialized. External WinMGr cannot be set.
2024-01-13 14:28:36,943 [INFO] Updater:1056 - Updater Version found : 6.10.0
2024-01-13 14:28:36,989 [INFO] ApplicationProperties:184 - Using Application install path: /opt/st/stm32cubeide_1.14.0/plugins/com.st.stm32cube.common.mx_6.10.0.202311202037
2024-01-13 14:28:37,433 [INFO] MainUpdater:2873 - connection check result : 10
2024-01-13 14:28:37,434 [INFO] MainUpdater:3567 - Updater definition file requires update
2024-01-13 14:28:37,435 [INFO] MainUpdater:290 - Updater Check For Update Now.
2024-01-13 14:28:37,435 [INFO] MicroXplorer:498 - Change Database Version : DB.6.0.100
2024-01-13 14:28:37,444 [INFO] McuFinderGlobals:63 - Set McuFinder mode to 2 (CubeIDE integrated)
2024-01-13 14:28:37,444 [INFO] UserAuth:180 - activating auth plugin
2024-01-13 14:28:37,449 [INFO] UserAuth:404 - Internet connection configuration mode: 1
2024-01-13 14:28:37,468 [INFO] JxBrowserEngine:152 - Initiate JxBrowser Engine with user profile folder
2024-01-13 14:28:38,462 [WARN] MainUpdater:1194 - Updater busy. Cannot search thirdparties
2024-01-13 14:28:38,462 [INFO] ThirdPartyUpdaterWithRetryManager:96 - Updater plugin is busy. [1/15]
2024-01-13 14:28:38,558 [INFO] WebApp:161 - Instantiating new browser for Auth
2024-01-13 14:28:39,281 [INFO] WebApp:780 - Register for checkConnection events
2024-01-13 14:28:39,281 [INFO] WebApp:414 - Apply proxy settings
2024-01-13 14:28:39,281 [INFO] WebApp:499 - Chromium requires no authentication
2024-01-13 14:28:39,287 [INFO] WebApp:442 - Direct internet connection detected
2024-01-13 14:28:39,429 [INFO] WebApp:192 - Starting web application
2024-01-13 14:28:39,430 [INFO] WebApp:544 - Web application path used /opt/st/stm32cubeide_1.14.0/plugins/com.st.stm32cube.common.mx_6.10.0.202311202037/db/plugins/mcufinder/reactClient1/index.html
2024-01-13 14:28:41,463 [WARN] MainUpdater:1194 - Updater busy. Cannot search thirdparties
2024-01-13 14:28:41,463 [INFO] ThirdPartyUpdaterWithRetryManager:96 - Updater plugin is busy. [2/15]
2024-01-13 14:28:41,914 [INFO] ServerAccessManage:473 - Download File updaters.zip
2024-01-13 14:28:42,099 [INFO] FileExtend:240 - Unzip File : updaters.zip
2024-01-13 14:28:42,099 [INFO] FileExtend:255 - Standard Zip Deflate
2024-01-13 14:28:43,446 [INFO] ServerAccessManage:473 - Download File PacksControlFlags.xml
2024-01-13 14:28:44,464 [WARN] MainUpdater:1194 - Updater busy. Cannot search thirdparties
2024-01-13 14:28:44,464 [INFO] ThirdPartyUpdaterWithRetryManager:96 - Updater plugin is busy. [3/15]
2024-01-13 14:28:44,672 [INFO] ServerAccessManage:473 - Download File cubemx.pidx
2024-01-13 14:28:44,796 [INFO] LoadServerUpdatesThread:375 - End of LoadServerUpdate Thread
2024-01-13 14:28:44,978 [INFO] CheckServerUpdateThread:120 - End of CheckServer Thread
2024-01-13 14:28:47,693 [WARN] PackLoader:240 - Cannot read IP mode file for STMicroelectronics.X-CUBE-SMBUS.2.1.0
2024-01-13 14:28:47,703 [WARN] PackLoader:240 - Cannot read IP mode file for STMicroelectronics.X-CUBE-TOUCHGFX.4.23.0
2024-01-13 14:28:47,767 [WARN] PackLoader:240 - Cannot read IP mode file for STMicroelectronics.X-CUBE-AZRTOS-F7.1.1.0
2024-01-13 14:28:47,789 [WARN] PackLoader:240 - Cannot read IP mode file for STMicroelectronics.FP-SNS-MOTENV1.4.3.2
2024-01-13 14:28:47,803 [WARN] PackLoader:240 - Cannot read IP mode file for STMicroelectronics.FP-SNS-FLIGHT1.5.0.2
2024-01-13 14:28:47,818 [WARN] PackLoader:240 - Cannot read IP mode file for STMicroelectronics.X-CUBE-DISPLAY.3.0.0
2024-01-13 14:28:47,841 [WARN] PackLoader:240 - Cannot read IP mode file for STMicroelectronics.X-CUBE-BLE1.7.0.0
2024-01-13 14:28:47,850 [WARN] PackLoader:240 - Cannot read IP mode file for emotas.I-CUBE-CANOPEN.1.3.0
2024-01-13 14:28:47,857 [WARN] PackLoader:240 - Cannot read IP mode file for STMicroelectronics.FP-SNS-SMARTAG2.1.2.0
2024-01-13 14:28:47,876 [INFO] LogOutputStream:77 - [STDOUT_REDIRECT] 1 : Invalid condition id : UX_CORESTACK_Condition cause : null
2024-01-13 14:28:47,876 [INFO] LogOutputStream:77 - [STDOUT_REDIRECT] 1 : Invalid condition id : UX_CORESTACK_Condition cause : null
2024-01-13 14:28:47,877 [INFO] LogOutputStream:77 - [STDOUT_REDIRECT] 1 : Invalid condition id : UX_CORESTACK_Condition cause : null
2024-01-13 14:28:47,878 [INFO] LogOutputStream:77 - [STDOUT_REDIRECT] 1 : Invalid condition id : UX_CORESTACK_Condition cause : null
2024-01-13 14:28:47,878 [INFO] LogOutputStream:77 - [STDOUT_REDIRECT] 1 : Invalid condition id : UX_CORESTACK_Condition cause : null
2024-01-13 14:28:47,888 [WARN] PackLoader:240 - Cannot read IP mode file for STMicroelectronics.X-CUBE-AZRTOS-WL.2.0.0
2024-01-13 14:28:47,904 [WARN] PackLoader:240 - Cannot read IP mode file for WES.I-CUBE-Cesium.1.3.0
2024-01-13 14:28:47,912 [WARN] PackLoader:240 - Cannot read IP mode file for STMicroelectronics.X-CUBE-BLE2.3.3.0
2024-01-13 14:28:47,925 [WARN] PackLoader:240 - Cannot read IP mode file for STMicroelectronics.X-CUBE-ALGOBUILD.1.3.0
2024-01-13 14:28:47,961 [WARN] PackLoader:240 - Cannot read IP mode file for STMicroelectronics.X-CUBE-AZRTOS-G0.1.1.0
2024-01-13 14:28:47,980 [WARN] PackLoader:240 - Cannot read IP mode file for STMicroelectronics.X-CUBE-NFC4.3.0.0
2024-01-13 14:28:47,998 [WARN] PackLoader:240 - Cannot read IP mode file for STMicroelectronics.X-CUBE-BLEMGR.3.0.0
2024-01-13 14:28:48,009 [WARN] PackLoader:240 - Cannot read IP mode file for STMicroelectronics.FP-ATR-SIGFOX1.3.2.0
2024-01-13 14:28:48,079 [WARN] PackLoader:240 - Cannot read IP mode file for SEGGER.I-CUBE-embOS.1.3.1
2024-01-13 14:28:48,170 [WARN] PackLoader:240 - Cannot read IP mode file for STMicroelectronics.X-CUBE-GNSS1.6.0.0
2024-01-13 14:28:48,202 [WARN] PackLoader:240 - Cannot read IP mode file for STMicroelectronics.X-CUBE-AZRTOS-F4.1.1.0
2024-01-13 14:28:48,213 [WARN] PackLoader:240 - Cannot read IP mode file for wolfSSL.I-CUBE-wolfSSL.5.6.6
2024-01-13 14:28:48,248 [WARN] PackLoader:240 - Cannot read IP mode file for STMicroelectronics.X-CUBE-AZRTOS-L5.2.0.0
2024-01-13 14:28:48,262 [WARN] PackLoader:240 - Cannot read IP mode file for STMicroelectronics.X-CUBE-EEPRMA1.4.2.0
2024-01-13 14:28:48,270 [WARN] PackLoader:240 - Cannot read IP mode file for ITTIA_DB.I-CUBE-ITTIADB.8.8.0
2024-01-13 14:28:48,277 [WARN] PackLoader:240 - Cannot read IP mode file for STMicroelectronics.X-CUBE-NFC7.1.0.1
2024-01-13 14:28:48,289 [WARN] PackLoader:240 - Cannot read IP mode file for STMicroelectronics.X-CUBE-NFC6.3.0.0
2024-01-13 14:28:48,295 [WARN] PackLoader:240 - Cannot read IP mode file for STMicroelectronics.X-CUBE-AI.8.1.0
2024-01-13 14:28:48,319 [WARN] ConditionMgr:438 - getConditionDescription Invalid condition id : LAN8742 Phy interface Condition cause : null
2024-01-13 14:28:48,321 [WARN] PackLoader:240 - Cannot read IP mode file for STMicroelectronics.X-CUBE-AZRTOS-L4.2.0.0
2024-01-13 14:28:48,323 [WARN] ConditionMgr:1039 - genDependencies : Invalid condition id : LAN8742 Phy interface Condition cause : null
2024-01-13 14:28:48,323 [WARN] ConditionMgr:1039 - genDependencies : Invalid condition id : LAN8742 Phy interface Condition cause : null
2024-01-13 14:28:48,324 [WARN] ConditionMgr:1039 - genDependencies : Invalid condition id : LAN8742 Phy interface Condition cause : null
2024-01-13 14:28:48,335 [WARN] PackLoader:240 - Cannot read IP mode file for STMicroelectronics.X-CUBE-SFXS2LP1.4.0.0
2024-01-13 14:28:48,351 [WARN] ConditionMgr:438 - getConditionDescription Invalid condition id : UX DEVICE CLASS RTOS Condition cause : null
2024-01-13 14:28:48,352 [WARN] ConditionMgr:438 - getConditionDescription Invalid condition id : UX DEVICE CLASS RTOS Condition cause : null
2024-01-13 14:28:48,355 [WARN] PackLoader:240 - Cannot read IP mode file for STMicroelectronics.X-CUBE-AZRTOS-WB.2.0.0
2024-01-13 14:28:48,357 [WARN] ConditionMgr:1039 - genDependencies : Invalid condition id : UX DEVICE CLASS RTOS Condition cause : null
2024-01-13 14:28:48,357 [WARN] ConditionMgr:1039 - genDependencies : Invalid condition id : UX DEVICE CLASS RTOS Condition cause : null
2024-01-13 14:28:48,358 [WARN] ConditionMgr:1039 - genDependencies : Invalid condition id : UX DEVICE CLASS RTOS Condition cause : null
2024-01-13 14:28:48,358 [WARN] ConditionMgr:1039 - genDependencies : Invalid condition id : UX DEVICE CLASS RTOS Condition cause : null
2024-01-13 14:28:48,359 [WARN] ConditionMgr:1039 - genDependencies : Invalid condition id : UX DEVICE CLASS RTOS Condition cause : null
2024-01-13 14:28:48,374 [WARN] PackLoader:240 - Cannot read IP mode file for STMicroelectronics.X-CUBE-SUBG2.5.0.0
2024-01-13 14:28:48,406 [WARN] PackLoader:240 - Cannot read IP mode file for STMicroelectronics.X-CUBE-AZRTOS-G4.2.0.0
2024-01-13 14:28:48,426 [WARN] PackLoader:240 - Cannot read IP mode file for Infineon.AIROC-Wi-Fi-Bluetooth-STM32.1.5.1
2024-01-13 14:28:48,437 [WARN] PackLoader:240 - Cannot read IP mode file for STMicroelectronics.FP-SNS-MOTENVWB1.1.3.1
2024-01-13 14:28:48,442 [WARN] PackLoader:240 - Cannot read IP mode file for STMicroelectronics.X-CUBE-ISPU.2.0.0
2024-01-13 14:28:48,502 [WARN] PackLoader:240 - Cannot read IP mode file for STMicroelectronics.X-CUBE-MEMS1.10.0.0
2024-01-13 14:28:48,699 [WARN] PackLoader:240 - Cannot read IP mode file for STMicroelectronics.X-CUBE-FREERTOS.1.1.0
2024-01-13 14:28:48,706 [WARN] PackLoader:240 - Cannot read IP mode file for portGmbH.I-Cube-SoM-uGOAL.1.1.0
2024-01-13 14:28:48,711 [WARN] PackLoader:240 - Cannot read IP mode file for STMicroelectronics.X-CUBE-ALS.1.0.1
2024-01-13 14:28:48,716 [WARN] PackLoader:240 - Cannot read IP mode file for STMicroelectronics.FP-ATR-ASTRA1.2.0.0
2024-01-13 14:28:48,734 [WARN] PackLoader:240 - Cannot read IP mode file for STMicroelectronics.X-CUBE-TOF1.3.4.0
2024-01-13 14:28:48,780 [WARN] PackLoader:240 - Cannot read IP mode file for STMicroelectronics.X-CUBE-AZRTOS-H7.3.2.0
2024-01-13 14:28:48,786 [INFO] ThirdParty:978 - Integrity check success = true
2024-01-13 14:28:48,786 [INFO] IntegrityCheckThread:100 - exiting critical section [integrity check]
2024-01-13 14:28:48,787 [INFO] IntegrityCheckThread:103 - End integrity checks thread
2024-01-13 14:29:00,026 [ERROR] LogOutputStream:75 - [STDERR_REDIRECT] SLF4J: Failed to load class "org.slf4j.impl.StaticLoggerBinder".
2024-01-13 14:29:00,027 [ERROR] LogOutputStream:75 - [STDERR_REDIRECT] SLF4J: Defaulting to no-operation (NOP) logger implementation
2024-01-13 14:29:00,028 [ERROR] LogOutputStream:75 - [STDERR_REDIRECT] SLF4J: See http://www.slf4j.org/codes.html#StaticLoggerBinder for further details.
2024-01-13 14:35:05,080 [ERROR] LogOutputStream:75 - [STDERR_REDIRECT] 
2024-01-13 14:35:16,440 [INFO] Activator:176 - 


2024-01-13 14:35:16,443 [INFO] Activator:177 - !SESSION log4j initialized
2024-01-13 14:35:21,138 [INFO] LogOutputStream:77 - [STDOUT_REDIRECT] 
2024-01-13 14:35:22,393 [INFO] ApplicationProperties:184 - Using Application install path: /opt/st/stm32cubeide_1.14.0/plugins/com.st.stm32cube.common.mx_6.10.0.202311202037
2024-01-13 14:35:22,411 [INFO] DbMcusXml:78 - Set database path to: /opt/st/stm32cubeide_1.14.0/plugins/com.st.stm32cube.common.mx_6.10.0.202311202037//db//mcu/
2024-01-13 14:35:22,412 [INFO] ApiDb:274 - Set plugin database path to: /opt/st/stm32cubeide_1.14.0/plugins/com.st.stm32cube.common.mx_6.10.0.202311202037//db//plugins/boardmanager/
2024-01-13 14:35:22,412 [WARN] ApiDb:259 - Overriding images path with different value:  => /opt/st/stm32cubeide_1.14.0/plugins/com.st.stm32cube.common.mx_6.10.0.202311202037//db//plugins/mcufinder/images/
2024-01-13 14:35:22,417 [INFO] ApiDb:250 - Set database path to: /home/sleman/.stmcufinder/plugins/mcufinder//mcu/
2024-01-13 14:35:22,419 [INFO] DbMcusAds:125 - Set database path to: /home/sleman/.stmcufinder/plugins/mcufinder//mcu/
2024-01-13 14:35:22,421 [INFO] CrossReferenceDbSqlite:203 - Set database path to: /home/sleman/.stmcufinder/plugins/mcufinder//mcu/cs/
2024-01-13 14:35:22,573 [INFO] RulesReader:64 - Compatibility file has been processed (297 Rules)
2024-01-13 14:35:22,657 [INFO] DbMcusXml:78 - Set database path to: /opt/st/stm32cubeide_1.14.0/plugins/com.st.stm32cube.common.mx_6.10.0.202311202037//db//mcu/
2024-01-13 14:35:22,658 [INFO] ApiDb:274 - Set plugin database path to: /opt/st/stm32cubeide_1.14.0/plugins/com.st.stm32cube.common.mx_6.10.0.202311202037//db//plugins/boardmanager/
2024-01-13 14:35:22,658 [INFO] ApiDb:261 - Set plugin images path to: /opt/st/stm32cubeide_1.14.0/plugins/com.st.stm32cube.common.mx_6.10.0.202311202037//db//plugins/mcufinder/images/
2024-01-13 14:35:22,659 [WARN] DbFile:41 - Overriding database path with different value: /home/sleman/.stmcufinder/plugins/mcufinder/ => /home/sleman/.stmcufinder/plugins/mcufinder
2024-01-13 14:35:22,659 [INFO] ApiDb:250 - Set database path to: /home/sleman/.stmcufinder/plugins/mcufinder//mcu/
2024-01-13 14:35:22,659 [WARN] DbFile:41 - Overriding database path with different value: /home/sleman/.stmcufinder/plugins/mcufinder/ => /home/sleman/.stmcufinder/plugins/mcufinder
2024-01-13 14:35:22,660 [INFO] DbMcusAds:125 - Set database path to: /home/sleman/.stmcufinder/plugins/mcufinder//mcu/
2024-01-13 14:35:22,660 [WARN] DbFile:41 - Overriding database path with different value: /home/sleman/.stmcufinder/plugins/mcufinder/ => /home/sleman/.stmcufinder/plugins/mcufinder
2024-01-13 14:35:22,660 [WARN] DbFile:41 - Overriding database path with different value: /home/sleman/.stmcufinder/plugins/mcufinder/ => /home/sleman/.stmcufinder/plugins/mcufinder
2024-01-13 14:35:22,660 [INFO] CrossReferenceDbSqlite:203 - Set database path to: /home/sleman/.stmcufinder/plugins/mcufinder//mcu/cs/
2024-01-13 14:35:22,749 [INFO] MainPanel:264 - HeapMemory: 268435456
2024-01-13 14:35:22,852 [INFO] DbMcusXml:78 - Set database path to: /opt/st/stm32cubeide_1.14.0/plugins/com.st.stm32cube.common.mx_6.10.0.202311202037//db//mcu/
2024-01-13 14:35:22,852 [INFO] ApiDb:274 - Set plugin database path to: /opt/st/stm32cubeide_1.14.0/plugins/com.st.stm32cube.common.mx_6.10.0.202311202037//db//plugins/boardmanager/
2024-01-13 14:35:22,852 [INFO] ApiDb:261 - Set plugin images path to: /opt/st/stm32cubeide_1.14.0/plugins/com.st.stm32cube.common.mx_6.10.0.202311202037//db//plugins/mcufinder/images/
2024-01-13 14:35:22,853 [WARN] DbFile:41 - Overriding database path with different value: /home/sleman/.stmcufinder/plugins/mcufinder/ => /home/sleman/.stmcufinder/plugins/mcufinder
2024-01-13 14:35:22,853 [INFO] ApiDb:250 - Set database path to: /home/sleman/.stmcufinder/plugins/mcufinder//mcu/
2024-01-13 14:35:22,853 [WARN] DbFile:41 - Overriding database path with different value: /home/sleman/.stmcufinder/plugins/mcufinder/ => /home/sleman/.stmcufinder/plugins/mcufinder
2024-01-13 14:35:22,853 [INFO] DbMcusAds:125 - Set database path to: /home/sleman/.stmcufinder/plugins/mcufinder//mcu/
2024-01-13 14:35:22,853 [WARN] DbFile:41 - Overriding database path with different value: /home/sleman/.stmcufinder/plugins/mcufinder/ => /home/sleman/.stmcufinder/plugins/mcufinder
2024-01-13 14:35:22,853 [WARN] DbFile:41 - Overriding database path with different value: /home/sleman/.stmcufinder/plugins/mcufinder/ => /home/sleman/.stmcufinder/plugins/mcufinder
2024-01-13 14:35:22,854 [INFO] CrossReferenceDbSqlite:203 - Set database path to: /home/sleman/.stmcufinder/plugins/mcufinder//mcu/cs/
2024-01-13 14:35:22,874 [INFO] ApplicationProperties:184 - Using Application install path: /opt/st/stm32cubeide_1.14.0/plugins/com.st.stm32cube.common.mx_6.10.0.202311202037
2024-01-13 14:35:22,876 [INFO] PluginManage:196 - Search for loadable plugins [exclusion list=, ]
2024-01-13 14:35:22,878 [INFO] PluginManage:310 - Check plugin analytics
2024-01-13 14:35:23,107 [INFO] AnalyticsPlugin:253 - Accepted Software Licenses: 
2024-01-13 14:35:23,107 [INFO] AnalyticsPlugin:255 - Accepted CMSIS Pack Licenses: 
2024-01-13 14:35:23,107 [INFO] AnalyticsPlugin:257 - Accepted Firmware Licenses: 
2024-01-13 14:35:23,110 [INFO] PluginManage:359 - Loaded plugin analytics (category:tool,tabindex:-1)
2024-01-13 14:35:23,111 [INFO] PluginManage:310 - Check plugin cadmodel
2024-01-13 14:35:23,136 [INFO] CADModel:105 - Init CAD model plugin
2024-01-13 14:35:23,136 [INFO] PluginManage:359 - Loaded plugin cadmodel (category:power,tabindex:5)
2024-01-13 14:35:23,136 [INFO] PluginManage:310 - Check plugin clock
2024-01-13 14:35:23,146 [INFO] PluginManage:359 - Loaded plugin clock (category:base,tabindex:2)
2024-01-13 14:35:23,146 [INFO] PluginManage:310 - Check plugin ddr
2024-01-13 14:35:23,148 [INFO] PluginManage:359 - Loaded plugin ddr (category:tool,tabindex:6)
2024-01-13 14:35:23,149 [INFO] PluginManage:310 - Check plugin filemanager
2024-01-13 14:35:23,321 [INFO] PluginManage:359 - Loaded plugin filemanager (category:base,tabindex:10)
2024-01-13 14:35:23,321 [INFO] PluginManage:310 - Check plugin ipmanager
2024-01-13 14:35:23,328 [INFO] PluginManage:359 - Loaded plugin ipmanager (category:base,tabindex:5)
2024-01-13 14:35:23,328 [INFO] PluginManage:310 - Check plugin lpbam
2024-01-13 14:35:23,339 [INFO] PluginManage:359 - Loaded plugin lpbam (category:base,tabindex:0)
2024-01-13 14:35:23,340 [INFO] PluginManage:310 - Check plugin memorymap
2024-01-13 14:35:23,354 [INFO] PluginManage:359 - Loaded plugin memorymap (category:base,tabindex:4)
2024-01-13 14:35:23,354 [INFO] PluginManage:310 - Check plugin pinoutandconfiguration
2024-01-13 14:35:23,362 [INFO] PluginManage:359 - Loaded plugin pinoutandconfiguration (category:base,tabindex:1)
2024-01-13 14:35:23,363 [INFO] PluginManage:310 - Check plugin pinoutconfig
2024-01-13 14:35:23,454 [WARN] SupportedApi:132 - Cannot load RTOS API schema: s4s-elt-must-match.1: The content of 'definitions' must match (annotation?, (simpleType | complexType)?, (unique | key | keyref)*)). A problem was found starting at: attribute.
2024-01-13 14:35:23,610 [INFO] PluginManage:359 - Loaded plugin pinoutconfig (category:base,tabindex:0)
2024-01-13 14:35:23,610 [INFO] PluginManage:310 - Check plugin power
2024-01-13 14:35:23,622 [INFO] PluginManage:359 - Loaded plugin power (category:power,tabindex:4)
2024-01-13 14:35:23,622 [INFO] PluginManage:310 - Check plugin projectmanager
2024-01-13 14:35:23,650 [INFO] PluginManage:359 - Loaded plugin projectmanager (category:projectmanager,tabindex:3)
2024-01-13 14:35:23,650 [INFO] PluginManage:310 - Check plugin thirdparty
2024-01-13 14:35:23,802 [INFO] PluginManage:359 - Loaded plugin thirdparty (category:base,tabindex:-1)
2024-01-13 14:35:23,802 [INFO] PluginManage:310 - Check plugin tools
2024-01-13 14:35:23,802 [WARN] IntegrityCheckThread:84 - waiting for thirdparty lock release [integrity check]
2024-01-13 14:35:23,803 [INFO] IntegrityCheckThread:86 - entering critical section [integrity check]
2024-01-13 14:35:23,803 [INFO] ThirdPartyUpdaterWithRetryManager:70 - Updater plugin not ready yet. [1/15]
2024-01-13 14:35:23,805 [INFO] PluginManage:359 - Loaded plugin tools (category:base,tabindex:7)
2024-01-13 14:35:23,806 [INFO] PluginManage:310 - Check plugin tutovideos
2024-01-13 14:35:24,077 [INFO] PluginManage:359 - Loaded plugin tutovideos (category:base,tabindex:-1)
2024-01-13 14:35:24,077 [INFO] PluginManage:310 - Check plugin updater
2024-01-13 14:35:24,092 [INFO] PluginManage:359 - Loaded plugin updater (category:base,tabindex:12)
2024-01-13 14:35:24,093 [INFO] PluginManage:310 - Check plugin userauth
2024-01-13 14:35:24,100 [INFO] UserAuth:114 - Init User Auth plugin
2024-01-13 14:35:24,100 [INFO] PluginManage:359 - Loaded plugin userauth (category:base,tabindex:14)
2024-01-13 14:35:24,101 [INFO] PluginManage:283 - PluginManage : Loaded plugins [17]
2024-01-13 14:35:24,367 [INFO] PinOutPanel:1499 - setPackage(No Configuration,No Configuration)
2024-01-13 14:35:24,510 [INFO] CADModel:165 - CPN selected for project level
2024-01-13 14:35:24,511 [INFO] CADModel:114 - Register for checkConnection events
2024-01-13 14:35:24,529 [INFO] IPUIPlugin:80 - create IPUIPlugin
2024-01-13 14:35:24,529 [INFO] PluginManager:220 - loadIPPluginJar : add quadspi
2024-01-13 14:35:24,531 [INFO] IPUIPlugin:80 - create IPUIPlugin
2024-01-13 14:35:24,532 [INFO] PluginManager:220 - loadIPPluginJar : add fatfs
2024-01-13 14:35:24,549 [INFO] IPUIPlugin:80 - create IPUIPlugin
2024-01-13 14:35:24,550 [INFO] PluginManager:220 - loadIPPluginJar : add adc
2024-01-13 14:35:24,556 [INFO] IPUIPlugin:80 - create IPUIPlugin
2024-01-13 14:35:24,560 [INFO] PluginManager:220 - loadIPPluginJar : add gpio
2024-01-13 14:35:24,564 [INFO] IPUIPlugin:80 - create IPUIPlugin
2024-01-13 14:35:24,565 [INFO] PluginManager:220 - loadIPPluginJar : add ucpd
2024-01-13 14:35:24,576 [INFO] IPUIPlugin:80 - create IPUIPlugin
2024-01-13 14:35:24,576 [INFO] PluginManager:220 - loadIPPluginJar : add dma
2024-01-13 14:35:24,579 [INFO] IPUIPlugin:80 - create IPUIPlugin
2024-01-13 14:35:24,580 [INFO] PluginManager:220 - loadIPPluginJar : add ts
2024-01-13 14:35:24,585 [INFO] IPUIPlugin:80 - create IPUIPlugin
2024-01-13 14:35:24,585 [INFO] PluginManager:220 - loadIPPluginJar : add usbx
2024-01-13 14:35:24,594 [INFO] IPUIPlugin:80 - create IPUIPlugin
2024-01-13 14:35:24,594 [INFO] PluginManager:220 - loadIPPluginJar : add gic
2024-01-13 14:35:24,598 [INFO] IPUIPlugin:80 - create IPUIPlugin
2024-01-13 14:35:24,598 [INFO] PluginManager:220 - loadIPPluginJar : add gfxmmu
2024-01-13 14:35:24,602 [INFO] IPUIPlugin:80 - create IPUIPlugin
2024-01-13 14:35:24,603 [INFO] PluginManager:220 - loadIPPluginJar : add openamp
2024-01-13 14:35:24,605 [INFO] IPUIPlugin:80 - create IPUIPlugin
2024-01-13 14:35:24,606 [INFO] PluginManager:220 - loadIPPluginJar : add comp
2024-01-13 14:35:24,610 [INFO] IPUIPlugin:80 - create IPUIPlugin
2024-01-13 14:35:24,610 [INFO] PluginManager:220 - loadIPPluginJar : add usart
2024-01-13 14:35:24,614 [INFO] IPUIPlugin:80 - create IPUIPlugin
2024-01-13 14:35:24,614 [INFO] PluginManager:220 - loadIPPluginJar : add hash
2024-01-13 14:35:24,619 [INFO] IPUIPlugin:80 - create IPUIPlugin
2024-01-13 14:35:24,619 [INFO] PluginManager:220 - loadIPPluginJar : add opamp
2024-01-13 14:35:24,622 [INFO] IPUIPlugin:80 - create IPUIPlugin
2024-01-13 14:35:24,622 [INFO] PluginManager:220 - loadIPPluginJar : add tim
2024-01-13 14:35:24,626 [INFO] IPUIPlugin:80 - create IPUIPlugin
2024-01-13 14:35:24,627 [INFO] PluginManager:220 - loadIPPluginJar : add i2s
2024-01-13 14:35:24,631 [INFO] IPUIPlugin:80 - create IPUIPlugin
2024-01-13 14:35:24,631 [INFO] PluginManager:220 - loadIPPluginJar : add dfsdm
2024-01-13 14:35:24,662 [INFO] IPUIPlugin:80 - create IPUIPlugin
2024-01-13 14:35:24,663 [INFO] PluginManager:220 - loadIPPluginJar : add freertos
2024-01-13 14:35:24,672 [INFO] IPUIPlugin:80 - create IPUIPlugin
2024-01-13 14:35:24,672 [INFO] PluginManager:220 - loadIPPluginJar : add pdm2pcm
2024-01-13 14:35:24,680 [INFO] IPUIPlugin:80 - create IPUIPlugin
2024-01-13 14:35:24,681 [INFO] PluginManager:220 - loadIPPluginJar : add nvic
2024-01-13 14:35:24,685 [INFO] IPUIPlugin:80 - create IPUIPlugin
2024-01-13 14:35:24,686 [INFO] PluginManager:220 - loadIPPluginJar : add gtzc
2024-01-13 14:35:24,691 [INFO] IPUIPlugin:80 - create IPUIPlugin
2024-01-13 14:35:24,691 [INFO] PluginManager:220 - loadIPPluginJar : add i2c
2024-01-13 14:35:24,698 [INFO] IPUIPlugin:80 - create IPUIPlugin
2024-01-13 14:35:24,699 [INFO] PluginManager:220 - loadIPPluginJar : add can
2024-01-13 14:35:24,765 [INFO] IPUIPlugin:80 - create IPUIPlugin
2024-01-13 14:35:24,766 [INFO] PluginManager:220 - loadIPPluginJar : add tracer_emb
2024-01-13 14:35:24,868 [INFO] IPUIPlugin:80 - create IPUIPlugin
2024-01-13 14:35:24,881 [INFO] PluginManager:220 - loadIPPluginJar : add plateformsettings
2024-01-13 14:35:24,883 [INFO] IPUIPlugin:80 - create IPUIPlugin
2024-01-13 14:35:24,884 [INFO] PluginManager:220 - loadIPPluginJar : add ltdc
2024-01-13 14:35:24,887 [INFO] IPUIPlugin:80 - create IPUIPlugin
2024-01-13 14:35:24,887 [INFO] PluginManager:220 - loadIPPluginJar : add cryp
2024-01-13 14:35:24,891 [INFO] IPUIPlugin:80 - create IPUIPlugin
2024-01-13 14:35:24,891 [INFO] PluginManager:220 - loadIPPluginJar : add dma3
2024-01-13 14:35:24,895 [INFO] IPUIPlugin:80 - create IPUIPlugin
2024-01-13 14:35:24,895 [INFO] PluginManager:220 - loadIPPluginJar : add touchsensing
2024-01-13 14:35:24,900 [INFO] IPUIPlugin:80 - create IPUIPlugin
2024-01-13 14:35:24,900 [INFO] PluginManager:220 - loadIPPluginJar : add spi
2024-01-13 14:35:24,904 [INFO] IPUIPlugin:80 - create IPUIPlugin
2024-01-13 14:35:24,904 [INFO] PluginManager:220 - loadIPPluginJar : add aes
2024-01-13 14:35:24,907 [INFO] IPUIPlugin:80 - create IPUIPlugin
2024-01-13 14:35:24,908 [INFO] PluginManager:220 - loadIPPluginJar : add tsc
2024-01-13 14:35:24,914 [INFO] IPUIPlugin:80 - create IPUIPlugin
2024-01-13 14:35:24,915 [INFO] PluginManager:220 - loadIPPluginJar : add stm32_wpan
2024-01-13 14:35:24,919 [INFO] IPUIPlugin:80 - create IPUIPlugin
2024-01-13 14:35:24,919 [INFO] PluginManager:220 - loadIPPluginJar : add i3c
2024-01-13 14:35:24,928 [INFO] IPUIPlugin:80 - create IPUIPlugin
2024-01-13 14:35:24,928 [INFO] PluginManager:220 - loadIPPluginJar : add linkedlist
2024-01-13 14:35:24,932 [INFO] IPUIPlugin:80 - create IPUIPlugin
2024-01-13 14:35:24,933 [INFO] PluginManager:220 - loadIPPluginJar : add ipddr
2024-01-13 14:35:24,937 [INFO] IPUIPlugin:80 - create IPUIPlugin
2024-01-13 14:35:24,937 [INFO] PluginManager:220 - loadIPPluginJar : add resmgrutility
2024-01-13 14:35:24,945 [INFO] IPUIPlugin:80 - create IPUIPlugin
2024-01-13 14:35:24,945 [INFO] PluginManager:220 - loadIPPluginJar : add mdma
2024-01-13 14:35:24,947 [INFO] IPUIPlugin:80 - create IPUIPlugin
2024-01-13 14:35:24,947 [INFO] PluginManager:220 - loadIPPluginJar : add genericplugin
2024-01-13 14:35:24,951 [INFO] IPUIPlugin:80 - create IPUIPlugin
2024-01-13 14:35:24,951 [INFO] PluginManager:220 - loadIPPluginJar : add sai
2024-01-13 14:35:24,955 [INFO] IPUIPlugin:80 - create IPUIPlugin
2024-01-13 14:35:24,955 [INFO] PluginManager:220 - loadIPPluginJar : add lorawan
2024-01-13 14:35:24,961 [INFO] IPUIPlugin:80 - create IPUIPlugin
2024-01-13 14:35:24,961 [INFO] PluginManager:220 - loadIPPluginJar : add fmc
2024-01-13 14:35:25,104 [INFO] CADModel:165 - CPN selected for project level
2024-01-13 14:35:25,104 [INFO] CADModel:114 - Register for checkConnection events
2024-01-13 14:35:25,105 [FATAL] Updater:308 - Updater called before beeing initialized
2024-01-13 14:35:25,105 [ERROR] CADModel:125 - Updater not yet initialized, retry later 
2024-01-13 14:35:25,286 [INFO] CADModel:165 - CPN selected for project level
2024-01-13 14:35:25,287 [INFO] CADModel:114 - Register for checkConnection events
2024-01-13 14:35:25,287 [FATAL] Updater:308 - Updater called before beeing initialized
2024-01-13 14:35:25,287 [ERROR] CADModel:125 - Updater not yet initialized, retry later 
2024-01-13 14:35:25,290 [FATAL] Updater:308 - Updater called before beeing initialized
2024-01-13 14:35:25,446 [FATAL] Updater:308 - Updater called before beeing initialized
2024-01-13 14:35:25,456 [INFO] DbMcusAds:53 - JSON generation date=Thu Sep 30 03:55:09 BRT 2021 (1632984909247)
2024-01-13 14:35:25,457 [FATAL] Updater:308 - Updater called before beeing initialized
2024-01-13 14:35:25,550 [WARN] DetailPanel:346 - Failed to get advertising image, set to default
2024-01-13 14:35:25,745 [FATAL] Updater:308 - Updater called before beeing initialized
2024-01-13 14:35:25,747 [FATAL] Updater:308 - Updater called before beeing initialized
2024-01-13 14:35:25,747 [FATAL] Updater:308 - Updater called before beeing initialized
2024-01-13 14:35:25,747 [WARN] DetailPanel:346 - Failed to get advertising image, set to default
2024-01-13 14:35:25,749 [FATAL] Updater:308 - Updater called before beeing initialized
2024-01-13 14:35:25,799 [ERROR] Updater:1120 - MainUpdater not yet initialized. External WinMGr cannot be set.
2024-01-13 14:35:25,801 [INFO] Updater:1056 - Updater Version found : 6.10.0
2024-01-13 14:35:25,824 [INFO] ApplicationProperties:184 - Using Application install path: /opt/st/stm32cubeide_1.14.0/plugins/com.st.stm32cube.common.mx_6.10.0.202311202037
2024-01-13 14:35:26,349 [INFO] MainUpdater:2873 - connection check result : 10
2024-01-13 14:35:26,351 [INFO] MainUpdater:290 - Updater Check For Update Now.
2024-01-13 14:35:26,351 [INFO] MicroXplorer:498 - Change Database Version : DB.6.0.100
2024-01-13 14:35:26,363 [INFO] McuFinderGlobals:63 - Set McuFinder mode to 2 (CubeIDE integrated)
2024-01-13 14:35:26,364 [INFO] UserAuth:180 - activating auth plugin
2024-01-13 14:35:26,370 [INFO] UserAuth:404 - Internet connection configuration mode: 1
2024-01-13 14:35:26,388 [INFO] JxBrowserEngine:152 - Initiate JxBrowser Engine with user profile folder
2024-01-13 14:35:26,527 [INFO] CheckServerUpdateThread:120 - End of CheckServer Thread
2024-01-13 14:35:26,989 [WARN] PackLoader:240 - Cannot read IP mode file for STMicroelectronics.X-CUBE-SMBUS.2.1.0
2024-01-13 14:35:26,999 [WARN] PackLoader:240 - Cannot read IP mode file for STMicroelectronics.X-CUBE-TOUCHGFX.4.23.0
2024-01-13 14:35:27,057 [WARN] PackLoader:240 - Cannot read IP mode file for STMicroelectronics.X-CUBE-AZRTOS-F7.1.1.0
2024-01-13 14:35:27,077 [WARN] PackLoader:240 - Cannot read IP mode file for STMicroelectronics.FP-SNS-MOTENV1.4.3.2
2024-01-13 14:35:27,089 [WARN] PackLoader:240 - Cannot read IP mode file for STMicroelectronics.FP-SNS-FLIGHT1.5.0.2
2024-01-13 14:35:27,104 [WARN] PackLoader:240 - Cannot read IP mode file for STMicroelectronics.X-CUBE-DISPLAY.3.0.0
2024-01-13 14:35:27,125 [WARN] PackLoader:240 - Cannot read IP mode file for STMicroelectronics.X-CUBE-BLE1.7.0.0
2024-01-13 14:35:27,134 [WARN] PackLoader:240 - Cannot read IP mode file for emotas.I-CUBE-CANOPEN.1.3.0
2024-01-13 14:35:27,142 [WARN] PackLoader:240 - Cannot read IP mode file for STMicroelectronics.FP-SNS-SMARTAG2.1.2.0
2024-01-13 14:35:27,165 [INFO] LogOutputStream:77 - [STDOUT_REDIRECT] 1 : Invalid condition id : UX_CORESTACK_Condition cause : null
2024-01-13 14:35:27,166 [INFO] LogOutputStream:77 - [STDOUT_REDIRECT] 1 : Invalid condition id : UX_CORESTACK_Condition cause : null
2024-01-13 14:35:27,167 [INFO] LogOutputStream:77 - [STDOUT_REDIRECT] 1 : Invalid condition id : UX_CORESTACK_Condition cause : null
2024-01-13 14:35:27,168 [INFO] LogOutputStream:77 - [STDOUT_REDIRECT] 1 : Invalid condition id : UX_CORESTACK_Condition cause : null
2024-01-13 14:35:27,169 [INFO] LogOutputStream:77 - [STDOUT_REDIRECT] 1 : Invalid condition id : UX_CORESTACK_Condition cause : null
2024-01-13 14:35:27,178 [WARN] PackLoader:240 - Cannot read IP mode file for STMicroelectronics.X-CUBE-AZRTOS-WL.2.0.0
2024-01-13 14:35:27,185 [INFO] WebApp:161 - Instantiating new browser for Auth
2024-01-13 14:35:27,191 [WARN] PackLoader:240 - Cannot read IP mode file for WES.I-CUBE-Cesium.1.3.0
2024-01-13 14:35:27,199 [WARN] PackLoader:240 - Cannot read IP mode file for STMicroelectronics.X-CUBE-BLE2.3.3.0
2024-01-13 14:35:27,209 [WARN] PackLoader:240 - Cannot read IP mode file for STMicroelectronics.X-CUBE-ALGOBUILD.1.3.0
2024-01-13 14:35:27,254 [WARN] PackLoader:240 - Cannot read IP mode file for STMicroelectronics.X-CUBE-AZRTOS-G0.1.1.0
2024-01-13 14:35:27,266 [WARN] PackLoader:240 - Cannot read IP mode file for STMicroelectronics.X-CUBE-NFC4.3.0.0
2024-01-13 14:35:27,284 [WARN] PackLoader:240 - Cannot read IP mode file for STMicroelectronics.X-CUBE-BLEMGR.3.0.0
2024-01-13 14:35:27,293 [WARN] PackLoader:240 - Cannot read IP mode file for STMicroelectronics.FP-ATR-SIGFOX1.3.2.0
2024-01-13 14:35:27,351 [WARN] PackLoader:240 - Cannot read IP mode file for SEGGER.I-CUBE-embOS.1.3.1
2024-01-13 14:35:27,455 [WARN] PackLoader:240 - Cannot read IP mode file for STMicroelectronics.X-CUBE-GNSS1.6.0.0
2024-01-13 14:35:27,483 [WARN] PackLoader:240 - Cannot read IP mode file for STMicroelectronics.X-CUBE-AZRTOS-F4.1.1.0
2024-01-13 14:35:27,492 [WARN] PackLoader:240 - Cannot read IP mode file for wolfSSL.I-CUBE-wolfSSL.5.6.6
2024-01-13 14:35:27,518 [WARN] PackLoader:240 - Cannot read IP mode file for STMicroelectronics.X-CUBE-AZRTOS-L5.2.0.0
2024-01-13 14:35:27,530 [WARN] PackLoader:240 - Cannot read IP mode file for STMicroelectronics.X-CUBE-EEPRMA1.4.2.0
2024-01-13 14:35:27,538 [WARN] PackLoader:240 - Cannot read IP mode file for ITTIA_DB.I-CUBE-ITTIADB.8.8.0
2024-01-13 14:35:27,545 [WARN] PackLoader:240 - Cannot read IP mode file for STMicroelectronics.X-CUBE-NFC7.1.0.1
2024-01-13 14:35:27,557 [WARN] PackLoader:240 - Cannot read IP mode file for STMicroelectronics.X-CUBE-NFC6.3.0.0
2024-01-13 14:35:27,567 [WARN] PackLoader:240 - Cannot read IP mode file for STMicroelectronics.X-CUBE-AI.8.1.0
2024-01-13 14:35:27,596 [WARN] ConditionMgr:438 - getConditionDescription Invalid condition id : LAN8742 Phy interface Condition cause : null
2024-01-13 14:35:27,597 [WARN] PackLoader:240 - Cannot read IP mode file for STMicroelectronics.X-CUBE-AZRTOS-L4.2.0.0
2024-01-13 14:35:27,600 [WARN] ConditionMgr:1039 - genDependencies : Invalid condition id : LAN8742 Phy interface Condition cause : null
2024-01-13 14:35:27,601 [WARN] ConditionMgr:1039 - genDependencies : Invalid condition id : LAN8742 Phy interface Condition cause : null
2024-01-13 14:35:27,602 [WARN] ConditionMgr:1039 - genDependencies : Invalid condition id : LAN8742 Phy interface Condition cause : null
2024-01-13 14:35:27,612 [WARN] PackLoader:240 - Cannot read IP mode file for STMicroelectronics.X-CUBE-SFXS2LP1.4.0.0
2024-01-13 14:35:27,634 [WARN] ConditionMgr:438 - getConditionDescription Invalid condition id : UX DEVICE CLASS RTOS Condition cause : null
2024-01-13 14:35:27,635 [WARN] ConditionMgr:438 - getConditionDescription Invalid condition id : UX DEVICE CLASS RTOS Condition cause : null
2024-01-13 14:35:27,638 [WARN] PackLoader:240 - Cannot read IP mode file for STMicroelectronics.X-CUBE-AZRTOS-WB.2.0.0
2024-01-13 14:35:27,639 [WARN] ConditionMgr:1039 - genDependencies : Invalid condition id : UX DEVICE CLASS RTOS Condition cause : null
2024-01-13 14:35:27,640 [WARN] ConditionMgr:1039 - genDependencies : Invalid condition id : UX DEVICE CLASS RTOS Condition cause : null
2024-01-13 14:35:27,641 [WARN] ConditionMgr:1039 - genDependencies : Invalid condition id : UX DEVICE CLASS RTOS Condition cause : null
2024-01-13 14:35:27,641 [WARN] ConditionMgr:1039 - genDependencies : Invalid condition id : UX DEVICE CLASS RTOS Condition cause : null
2024-01-13 14:35:27,641 [WARN] ConditionMgr:1039 - genDependencies : Invalid condition id : UX DEVICE CLASS RTOS Condition cause : null
2024-01-13 14:35:27,655 [WARN] PackLoader:240 - Cannot read IP mode file for STMicroelectronics.X-CUBE-SUBG2.5.0.0
2024-01-13 14:35:27,684 [WARN] PackLoader:240 - Cannot read IP mode file for STMicroelectronics.X-CUBE-AZRTOS-G4.2.0.0
2024-01-13 14:35:27,712 [WARN] PackLoader:240 - Cannot read IP mode file for Infineon.AIROC-Wi-Fi-Bluetooth-STM32.1.5.1
2024-01-13 14:35:27,721 [WARN] PackLoader:240 - Cannot read IP mode file for STMicroelectronics.FP-SNS-MOTENVWB1.1.3.1
2024-01-13 14:35:27,734 [WARN] PackLoader:240 - Cannot read IP mode file for STMicroelectronics.X-CUBE-ISPU.2.0.0
2024-01-13 14:35:27,772 [WARN] PackLoader:240 - Cannot read IP mode file for STMicroelectronics.X-CUBE-MEMS1.10.0.0
2024-01-13 14:35:27,954 [WARN] PackLoader:240 - Cannot read IP mode file for STMicroelectronics.X-CUBE-FREERTOS.1.1.0
2024-01-13 14:35:27,958 [WARN] PackLoader:240 - Cannot read IP mode file for portGmbH.I-Cube-SoM-uGOAL.1.1.0
2024-01-13 14:35:27,962 [WARN] PackLoader:240 - Cannot read IP mode file for STMicroelectronics.X-CUBE-ALS.1.0.1
2024-01-13 14:35:27,966 [WARN] PackLoader:240 - Cannot read IP mode file for STMicroelectronics.FP-ATR-ASTRA1.2.0.0
2024-01-13 14:35:27,982 [WARN] PackLoader:240 - Cannot read IP mode file for STMicroelectronics.X-CUBE-TOF1.3.4.0
2024-01-13 14:35:28,022 [WARN] PackLoader:240 - Cannot read IP mode file for STMicroelectronics.X-CUBE-AZRTOS-H7.3.2.0
2024-01-13 14:35:28,026 [INFO] ThirdParty:978 - Integrity check success = true
2024-01-13 14:35:28,026 [INFO] IntegrityCheckThread:100 - exiting critical section [integrity check]
2024-01-13 14:35:28,027 [INFO] IntegrityCheckThread:103 - End integrity checks thread
2024-01-13 14:35:28,133 [INFO] WebApp:780 - Register for checkConnection events
2024-01-13 14:35:28,134 [INFO] WebApp:414 - Apply proxy settings
2024-01-13 14:35:28,134 [INFO] WebApp:499 - Chromium requires no authentication
2024-01-13 14:35:28,142 [INFO] WebApp:442 - Direct internet connection detected
2024-01-13 14:35:28,319 [INFO] WebApp:192 - Starting web application
2024-01-13 14:35:28,319 [INFO] WebApp:544 - Web application path used /opt/st/stm32cubeide_1.14.0/plugins/com.st.stm32cube.common.mx_6.10.0.202311202037/db/plugins/mcufinder/reactClient1/index.html
2024-01-13 14:35:48,888 [ERROR] LogOutputStream:75 - [STDERR_REDIRECT] SLF4J: Failed to load class "org.slf4j.impl.StaticLoggerBinder".
2024-01-13 14:35:48,889 [ERROR] LogOutputStream:75 - [STDERR_REDIRECT] SLF4J: Defaulting to no-operation (NOP) logger implementation
2024-01-13 14:35:48,889 [ERROR] LogOutputStream:75 - [STDERR_REDIRECT] SLF4J: See http://www.slf4j.org/codes.html#StaticLoggerBinder for further details.
2024-01-13 14:36:15,527 [ERROR] LogOutputStream:75 - [STDERR_REDIRECT] 
2024-01-13 14:36:51,983 [INFO] Activator:176 - 


2024-01-13 14:36:51,985 [INFO] Activator:177 - !SESSION log4j initialized
2024-01-13 14:36:57,073 [INFO] LogOutputStream:77 - [STDOUT_REDIRECT] 
2024-01-13 14:36:58,694 [INFO] ApplicationProperties:184 - Using Application install path: /opt/st/stm32cubeide_1.14.0/plugins/com.st.stm32cube.common.mx_6.10.0.202311202037
2024-01-13 14:36:58,711 [INFO] DbMcusXml:78 - Set database path to: /opt/st/stm32cubeide_1.14.0/plugins/com.st.stm32cube.common.mx_6.10.0.202311202037//db//mcu/
2024-01-13 14:36:58,712 [INFO] ApiDb:274 - Set plugin database path to: /opt/st/stm32cubeide_1.14.0/plugins/com.st.stm32cube.common.mx_6.10.0.202311202037//db//plugins/boardmanager/
2024-01-13 14:36:58,712 [WARN] ApiDb:259 - Overriding images path with different value:  => /opt/st/stm32cubeide_1.14.0/plugins/com.st.stm32cube.common.mx_6.10.0.202311202037//db//plugins/mcufinder/images/
2024-01-13 14:36:58,717 [INFO] ApiDb:250 - Set database path to: /home/sleman/.stmcufinder/plugins/mcufinder//mcu/
2024-01-13 14:36:58,719 [INFO] DbMcusAds:125 - Set database path to: /home/sleman/.stmcufinder/plugins/mcufinder//mcu/
2024-01-13 14:36:58,721 [INFO] CrossReferenceDbSqlite:203 - Set database path to: /home/sleman/.stmcufinder/plugins/mcufinder//mcu/cs/
2024-01-13 14:36:58,873 [INFO] RulesReader:64 - Compatibility file has been processed (297 Rules)
2024-01-13 14:36:58,943 [INFO] DbMcusXml:78 - Set database path to: /opt/st/stm32cubeide_1.14.0/plugins/com.st.stm32cube.common.mx_6.10.0.202311202037//db//mcu/
2024-01-13 14:36:58,944 [INFO] ApiDb:274 - Set plugin database path to: /opt/st/stm32cubeide_1.14.0/plugins/com.st.stm32cube.common.mx_6.10.0.202311202037//db//plugins/boardmanager/
2024-01-13 14:36:58,944 [INFO] ApiDb:261 - Set plugin images path to: /opt/st/stm32cubeide_1.14.0/plugins/com.st.stm32cube.common.mx_6.10.0.202311202037//db//plugins/mcufinder/images/
2024-01-13 14:36:58,944 [WARN] DbFile:41 - Overriding database path with different value: /home/sleman/.stmcufinder/plugins/mcufinder/ => /home/sleman/.stmcufinder/plugins/mcufinder
2024-01-13 14:36:58,945 [INFO] ApiDb:250 - Set database path to: /home/sleman/.stmcufinder/plugins/mcufinder//mcu/
2024-01-13 14:36:58,945 [WARN] DbFile:41 - Overriding database path with different value: /home/sleman/.stmcufinder/plugins/mcufinder/ => /home/sleman/.stmcufinder/plugins/mcufinder
2024-01-13 14:36:58,945 [INFO] DbMcusAds:125 - Set database path to: /home/sleman/.stmcufinder/plugins/mcufinder//mcu/
2024-01-13 14:36:58,945 [WARN] DbFile:41 - Overriding database path with different value: /home/sleman/.stmcufinder/plugins/mcufinder/ => /home/sleman/.stmcufinder/plugins/mcufinder
2024-01-13 14:36:58,945 [WARN] DbFile:41 - Overriding database path with different value: /home/sleman/.stmcufinder/plugins/mcufinder/ => /home/sleman/.stmcufinder/plugins/mcufinder
2024-01-13 14:36:58,946 [INFO] CrossReferenceDbSqlite:203 - Set database path to: /home/sleman/.stmcufinder/plugins/mcufinder//mcu/cs/
2024-01-13 14:36:59,023 [INFO] MainPanel:264 - HeapMemory: 268435456
2024-01-13 14:36:59,112 [INFO] DbMcusXml:78 - Set database path to: /opt/st/stm32cubeide_1.14.0/plugins/com.st.stm32cube.common.mx_6.10.0.202311202037//db//mcu/
2024-01-13 14:36:59,113 [INFO] ApiDb:274 - Set plugin database path to: /opt/st/stm32cubeide_1.14.0/plugins/com.st.stm32cube.common.mx_6.10.0.202311202037//db//plugins/boardmanager/
2024-01-13 14:36:59,113 [INFO] ApiDb:261 - Set plugin images path to: /opt/st/stm32cubeide_1.14.0/plugins/com.st.stm32cube.common.mx_6.10.0.202311202037//db//plugins/mcufinder/images/
2024-01-13 14:36:59,113 [WARN] DbFile:41 - Overriding database path with different value: /home/sleman/.stmcufinder/plugins/mcufinder/ => /home/sleman/.stmcufinder/plugins/mcufinder
2024-01-13 14:36:59,113 [INFO] ApiDb:250 - Set database path to: /home/sleman/.stmcufinder/plugins/mcufinder//mcu/
2024-01-13 14:36:59,113 [WARN] DbFile:41 - Overriding database path with different value: /home/sleman/.stmcufinder/plugins/mcufinder/ => /home/sleman/.stmcufinder/plugins/mcufinder
2024-01-13 14:36:59,113 [INFO] DbMcusAds:125 - Set database path to: /home/sleman/.stmcufinder/plugins/mcufinder//mcu/
2024-01-13 14:36:59,114 [WARN] DbFile:41 - Overriding database path with different value: /home/sleman/.stmcufinder/plugins/mcufinder/ => /home/sleman/.stmcufinder/plugins/mcufinder
2024-01-13 14:36:59,114 [WARN] DbFile:41 - Overriding database path with different value: /home/sleman/.stmcufinder/plugins/mcufinder/ => /home/sleman/.stmcufinder/plugins/mcufinder
2024-01-13 14:36:59,114 [INFO] CrossReferenceDbSqlite:203 - Set database path to: /home/sleman/.stmcufinder/plugins/mcufinder//mcu/cs/
2024-01-13 14:36:59,131 [INFO] ApplicationProperties:184 - Using Application install path: /opt/st/stm32cubeide_1.14.0/plugins/com.st.stm32cube.common.mx_6.10.0.202311202037
2024-01-13 14:36:59,133 [INFO] PluginManage:196 - Search for loadable plugins [exclusion list=, ]
2024-01-13 14:36:59,134 [INFO] PluginManage:310 - Check plugin analytics
2024-01-13 14:36:59,330 [INFO] AnalyticsPlugin:253 - Accepted Software Licenses: 
2024-01-13 14:36:59,331 [INFO] AnalyticsPlugin:255 - Accepted CMSIS Pack Licenses: 
2024-01-13 14:36:59,331 [INFO] AnalyticsPlugin:257 - Accepted Firmware Licenses: 
2024-01-13 14:36:59,336 [INFO] PluginManage:359 - Loaded plugin analytics (category:tool,tabindex:-1)
2024-01-13 14:36:59,336 [INFO] PluginManage:310 - Check plugin cadmodel
2024-01-13 14:36:59,369 [INFO] CADModel:105 - Init CAD model plugin
2024-01-13 14:36:59,369 [INFO] PluginManage:359 - Loaded plugin cadmodel (category:power,tabindex:5)
2024-01-13 14:36:59,369 [INFO] PluginManage:310 - Check plugin clock
2024-01-13 14:36:59,384 [INFO] PluginManage:359 - Loaded plugin clock (category:base,tabindex:2)
2024-01-13 14:36:59,385 [INFO] PluginManage:310 - Check plugin ddr
2024-01-13 14:36:59,388 [INFO] PluginManage:359 - Loaded plugin ddr (category:tool,tabindex:6)
2024-01-13 14:36:59,388 [INFO] PluginManage:310 - Check plugin filemanager
2024-01-13 14:36:59,563 [INFO] PluginManage:359 - Loaded plugin filemanager (category:base,tabindex:10)
2024-01-13 14:36:59,563 [INFO] PluginManage:310 - Check plugin ipmanager
2024-01-13 14:36:59,568 [INFO] PluginManage:359 - Loaded plugin ipmanager (category:base,tabindex:5)
2024-01-13 14:36:59,569 [INFO] PluginManage:310 - Check plugin lpbam
2024-01-13 14:36:59,578 [INFO] PluginManage:359 - Loaded plugin lpbam (category:base,tabindex:0)
2024-01-13 14:36:59,578 [INFO] PluginManage:310 - Check plugin memorymap
2024-01-13 14:36:59,590 [INFO] PluginManage:359 - Loaded plugin memorymap (category:base,tabindex:4)
2024-01-13 14:36:59,590 [INFO] PluginManage:310 - Check plugin pinoutandconfiguration
2024-01-13 14:36:59,599 [INFO] PluginManage:359 - Loaded plugin pinoutandconfiguration (category:base,tabindex:1)
2024-01-13 14:36:59,599 [INFO] PluginManage:310 - Check plugin pinoutconfig
2024-01-13 14:36:59,711 [WARN] SupportedApi:132 - Cannot load RTOS API schema: s4s-elt-must-match.1: The content of 'definitions' must match (annotation?, (simpleType | complexType)?, (unique | key | keyref)*)). A problem was found starting at: attribute.
2024-01-13 14:36:59,856 [INFO] PluginManage:359 - Loaded plugin pinoutconfig (category:base,tabindex:0)
2024-01-13 14:36:59,857 [INFO] PluginManage:310 - Check plugin power
2024-01-13 14:36:59,867 [INFO] PluginManage:359 - Loaded plugin power (category:power,tabindex:4)
2024-01-13 14:36:59,868 [INFO] PluginManage:310 - Check plugin projectmanager
2024-01-13 14:36:59,891 [INFO] PluginManage:359 - Loaded plugin projectmanager (category:projectmanager,tabindex:3)
2024-01-13 14:36:59,892 [INFO] PluginManage:310 - Check plugin thirdparty
2024-01-13 14:37:00,027 [INFO] PluginManage:359 - Loaded plugin thirdparty (category:base,tabindex:-1)
2024-01-13 14:37:00,028 [INFO] PluginManage:310 - Check plugin tools
2024-01-13 14:37:00,027 [WARN] IntegrityCheckThread:84 - waiting for thirdparty lock release [integrity check]
2024-01-13 14:37:00,028 [INFO] IntegrityCheckThread:86 - entering critical section [integrity check]
2024-01-13 14:37:00,030 [INFO] ThirdPartyUpdaterWithRetryManager:70 - Updater plugin not ready yet. [1/15]
2024-01-13 14:37:00,030 [INFO] PluginManage:359 - Loaded plugin tools (category:base,tabindex:7)
2024-01-13 14:37:00,031 [INFO] PluginManage:310 - Check plugin tutovideos
2024-01-13 14:37:00,217 [INFO] PluginManage:359 - Loaded plugin tutovideos (category:base,tabindex:-1)
2024-01-13 14:37:00,217 [INFO] PluginManage:310 - Check plugin updater
2024-01-13 14:37:00,228 [INFO] PluginManage:359 - Loaded plugin updater (category:base,tabindex:12)
2024-01-13 14:37:00,228 [INFO] PluginManage:310 - Check plugin userauth
2024-01-13 14:37:00,234 [INFO] UserAuth:114 - Init User Auth plugin
2024-01-13 14:37:00,234 [INFO] PluginManage:359 - Loaded plugin userauth (category:base,tabindex:14)
2024-01-13 14:37:00,235 [INFO] PluginManage:283 - PluginManage : Loaded plugins [17]
2024-01-13 14:37:00,431 [INFO] PinOutPanel:1499 - setPackage(No Configuration,No Configuration)
2024-01-13 14:37:00,500 [INFO] CADModel:165 - CPN selected for project level
2024-01-13 14:37:00,500 [INFO] CADModel:114 - Register for checkConnection events
2024-01-13 14:37:00,511 [INFO] IPUIPlugin:80 - create IPUIPlugin
2024-01-13 14:37:00,512 [INFO] PluginManager:220 - loadIPPluginJar : add quadspi
2024-01-13 14:37:00,513 [INFO] IPUIPlugin:80 - create IPUIPlugin
2024-01-13 14:37:00,513 [INFO] PluginManager:220 - loadIPPluginJar : add fatfs
2024-01-13 14:37:00,525 [INFO] IPUIPlugin:80 - create IPUIPlugin
2024-01-13 14:37:00,525 [INFO] PluginManager:220 - loadIPPluginJar : add adc
2024-01-13 14:37:00,530 [INFO] IPUIPlugin:80 - create IPUIPlugin
2024-01-13 14:37:00,531 [INFO] PluginManager:220 - loadIPPluginJar : add gpio
2024-01-13 14:37:00,533 [INFO] IPUIPlugin:80 - create IPUIPlugin
2024-01-13 14:37:00,533 [INFO] PluginManager:220 - loadIPPluginJar : add ucpd
2024-01-13 14:37:00,540 [INFO] IPUIPlugin:80 - create IPUIPlugin
2024-01-13 14:37:00,540 [INFO] PluginManager:220 - loadIPPluginJar : add dma
2024-01-13 14:37:00,543 [INFO] IPUIPlugin:80 - create IPUIPlugin
2024-01-13 14:37:00,543 [INFO] PluginManager:220 - loadIPPluginJar : add ts
2024-01-13 14:37:00,546 [INFO] IPUIPlugin:80 - create IPUIPlugin
2024-01-13 14:37:00,547 [INFO] PluginManager:220 - loadIPPluginJar : add usbx
2024-01-13 14:37:00,553 [INFO] IPUIPlugin:80 - create IPUIPlugin
2024-01-13 14:37:00,553 [INFO] PluginManager:220 - loadIPPluginJar : add gic
2024-01-13 14:37:00,556 [INFO] IPUIPlugin:80 - create IPUIPlugin
2024-01-13 14:37:00,556 [INFO] PluginManager:220 - loadIPPluginJar : add gfxmmu
2024-01-13 14:37:00,560 [INFO] IPUIPlugin:80 - create IPUIPlugin
2024-01-13 14:37:00,560 [INFO] PluginManager:220 - loadIPPluginJar : add openamp
2024-01-13 14:37:00,563 [INFO] IPUIPlugin:80 - create IPUIPlugin
2024-01-13 14:37:00,563 [INFO] PluginManager:220 - loadIPPluginJar : add comp
2024-01-13 14:37:00,566 [INFO] IPUIPlugin:80 - create IPUIPlugin
2024-01-13 14:37:00,566 [INFO] PluginManager:220 - loadIPPluginJar : add usart
2024-01-13 14:37:00,568 [INFO] IPUIPlugin:80 - create IPUIPlugin
2024-01-13 14:37:00,569 [INFO] PluginManager:220 - loadIPPluginJar : add hash
2024-01-13 14:37:00,572 [INFO] IPUIPlugin:80 - create IPUIPlugin
2024-01-13 14:37:00,572 [INFO] PluginManager:220 - loadIPPluginJar : add opamp
2024-01-13 14:37:00,575 [INFO] IPUIPlugin:80 - create IPUIPlugin
2024-01-13 14:37:00,575 [INFO] PluginManager:220 - loadIPPluginJar : add tim
2024-01-13 14:37:00,578 [INFO] IPUIPlugin:80 - create IPUIPlugin
2024-01-13 14:37:00,578 [INFO] PluginManager:220 - loadIPPluginJar : add i2s
2024-01-13 14:37:00,580 [INFO] IPUIPlugin:80 - create IPUIPlugin
2024-01-13 14:37:00,580 [INFO] PluginManager:220 - loadIPPluginJar : add dfsdm
2024-01-13 14:37:00,585 [INFO] IPUIPlugin:80 - create IPUIPlugin
2024-01-13 14:37:00,586 [INFO] PluginManager:220 - loadIPPluginJar : add freertos
2024-01-13 14:37:00,588 [INFO] IPUIPlugin:80 - create IPUIPlugin
2024-01-13 14:37:00,589 [INFO] PluginManager:220 - loadIPPluginJar : add pdm2pcm
2024-01-13 14:37:00,593 [INFO] IPUIPlugin:80 - create IPUIPlugin
2024-01-13 14:37:00,593 [INFO] PluginManager:220 - loadIPPluginJar : add nvic
2024-01-13 14:37:00,596 [INFO] IPUIPlugin:80 - create IPUIPlugin
2024-01-13 14:37:00,597 [INFO] PluginManager:220 - loadIPPluginJar : add gtzc
2024-01-13 14:37:00,600 [INFO] IPUIPlugin:80 - create IPUIPlugin
2024-01-13 14:37:00,600 [INFO] PluginManager:220 - loadIPPluginJar : add i2c
2024-01-13 14:37:00,603 [INFO] IPUIPlugin:80 - create IPUIPlugin
2024-01-13 14:37:00,604 [INFO] PluginManager:220 - loadIPPluginJar : add can
2024-01-13 14:37:00,606 [INFO] IPUIPlugin:80 - create IPUIPlugin
2024-01-13 14:37:00,606 [INFO] PluginManager:220 - loadIPPluginJar : add tracer_emb
2024-01-13 14:37:00,614 [INFO] IPUIPlugin:80 - create IPUIPlugin
2024-01-13 14:37:00,617 [INFO] PluginManager:220 - loadIPPluginJar : add plateformsettings
2024-01-13 14:37:00,619 [INFO] IPUIPlugin:80 - create IPUIPlugin
2024-01-13 14:37:00,619 [INFO] PluginManager:220 - loadIPPluginJar : add ltdc
2024-01-13 14:37:00,622 [INFO] IPUIPlugin:80 - create IPUIPlugin
2024-01-13 14:37:00,622 [INFO] PluginManager:220 - loadIPPluginJar : add cryp
2024-01-13 14:37:00,625 [INFO] IPUIPlugin:80 - create IPUIPlugin
2024-01-13 14:37:00,626 [INFO] PluginManager:220 - loadIPPluginJar : add dma3
2024-01-13 14:37:00,629 [INFO] IPUIPlugin:80 - create IPUIPlugin
2024-01-13 14:37:00,630 [INFO] PluginManager:220 - loadIPPluginJar : add touchsensing
2024-01-13 14:37:00,632 [INFO] IPUIPlugin:80 - create IPUIPlugin
2024-01-13 14:37:00,632 [INFO] PluginManager:220 - loadIPPluginJar : add spi
2024-01-13 14:37:00,635 [INFO] IPUIPlugin:80 - create IPUIPlugin
2024-01-13 14:37:00,635 [INFO] PluginManager:220 - loadIPPluginJar : add aes
2024-01-13 14:37:00,637 [INFO] IPUIPlugin:80 - create IPUIPlugin
2024-01-13 14:37:00,638 [INFO] PluginManager:220 - loadIPPluginJar : add tsc
2024-01-13 14:37:00,644 [INFO] IPUIPlugin:80 - create IPUIPlugin
2024-01-13 14:37:00,644 [INFO] PluginManager:220 - loadIPPluginJar : add stm32_wpan
2024-01-13 14:37:00,647 [INFO] IPUIPlugin:80 - create IPUIPlugin
2024-01-13 14:37:00,647 [INFO] PluginManager:220 - loadIPPluginJar : add i3c
2024-01-13 14:37:00,654 [INFO] IPUIPlugin:80 - create IPUIPlugin
2024-01-13 14:37:00,654 [INFO] PluginManager:220 - loadIPPluginJar : add linkedlist
2024-01-13 14:37:00,657 [INFO] IPUIPlugin:80 - create IPUIPlugin
2024-01-13 14:37:00,657 [INFO] PluginManager:220 - loadIPPluginJar : add ipddr
2024-01-13 14:37:00,661 [INFO] IPUIPlugin:80 - create IPUIPlugin
2024-01-13 14:37:00,661 [INFO] PluginManager:220 - loadIPPluginJar : add resmgrutility
2024-01-13 14:37:00,666 [INFO] IPUIPlugin:80 - create IPUIPlugin
2024-01-13 14:37:00,666 [INFO] PluginManager:220 - loadIPPluginJar : add mdma
2024-01-13 14:37:00,667 [INFO] IPUIPlugin:80 - create IPUIPlugin
2024-01-13 14:37:00,667 [INFO] PluginManager:220 - loadIPPluginJar : add genericplugin
2024-01-13 14:37:00,670 [INFO] IPUIPlugin:80 - create IPUIPlugin
2024-01-13 14:37:00,670 [INFO] PluginManager:220 - loadIPPluginJar : add sai
2024-01-13 14:37:00,672 [INFO] IPUIPlugin:80 - create IPUIPlugin
2024-01-13 14:37:00,672 [INFO] PluginManager:220 - loadIPPluginJar : add lorawan
2024-01-13 14:37:00,676 [INFO] IPUIPlugin:80 - create IPUIPlugin
2024-01-13 14:37:00,676 [INFO] PluginManager:220 - loadIPPluginJar : add fmc
2024-01-13 14:37:00,783 [INFO] CADModel:165 - CPN selected for project level
2024-01-13 14:37:00,783 [INFO] CADModel:114 - Register for checkConnection events
2024-01-13 14:37:00,783 [FATAL] Updater:308 - Updater called before beeing initialized
2024-01-13 14:37:00,783 [ERROR] CADModel:125 - Updater not yet initialized, retry later 
2024-01-13 14:37:00,932 [INFO] CADModel:165 - CPN selected for project level
2024-01-13 14:37:00,933 [INFO] CADModel:114 - Register for checkConnection events
2024-01-13 14:37:00,933 [FATAL] Updater:308 - Updater called before beeing initialized
2024-01-13 14:37:00,933 [ERROR] CADModel:125 - Updater not yet initialized, retry later 
2024-01-13 14:37:00,937 [FATAL] Updater:308 - Updater called before beeing initialized
2024-01-13 14:37:01,043 [FATAL] Updater:308 - Updater called before beeing initialized
2024-01-13 14:37:01,049 [INFO] DbMcusAds:53 - JSON generation date=Thu Sep 30 03:55:09 BRT 2021 (1632984909247)
2024-01-13 14:37:01,049 [FATAL] Updater:308 - Updater called before beeing initialized
2024-01-13 14:37:01,099 [WARN] DetailPanel:346 - Failed to get advertising image, set to default
2024-01-13 14:37:01,214 [FATAL] Updater:308 - Updater called before beeing initialized
2024-01-13 14:37:01,216 [FATAL] Updater:308 - Updater called before beeing initialized
2024-01-13 14:37:01,216 [FATAL] Updater:308 - Updater called before beeing initialized
2024-01-13 14:37:01,216 [WARN] DetailPanel:346 - Failed to get advertising image, set to default
2024-01-13 14:37:01,217 [FATAL] Updater:308 - Updater called before beeing initialized
2024-01-13 14:37:01,275 [ERROR] Updater:1120 - MainUpdater not yet initialized. External WinMGr cannot be set.
2024-01-13 14:37:01,279 [INFO] Updater:1056 - Updater Version found : 6.10.0
2024-01-13 14:37:01,309 [INFO] ApplicationProperties:184 - Using Application install path: /opt/st/stm32cubeide_1.14.0/plugins/com.st.stm32cube.common.mx_6.10.0.202311202037
2024-01-13 14:37:01,715 [INFO] MainUpdater:2873 - connection check result : 10
2024-01-13 14:37:01,717 [INFO] MainUpdater:290 - Updater Check For Update Now.
2024-01-13 14:37:01,717 [INFO] MicroXplorer:498 - Change Database Version : DB.6.0.100
2024-01-13 14:37:01,731 [INFO] McuFinderGlobals:63 - Set McuFinder mode to 2 (CubeIDE integrated)
2024-01-13 14:37:01,732 [INFO] UserAuth:180 - activating auth plugin
2024-01-13 14:37:01,758 [INFO] UserAuth:404 - Internet connection configuration mode: 1
2024-01-13 14:37:01,788 [INFO] JxBrowserEngine:152 - Initiate JxBrowser Engine with user profile folder
2024-01-13 14:37:01,966 [INFO] CheckServerUpdateThread:120 - End of CheckServer Thread
2024-01-13 14:37:02,646 [INFO] WebApp:161 - Instantiating new browser for Auth
2024-01-13 14:37:03,220 [WARN] PackLoader:240 - Cannot read IP mode file for STMicroelectronics.X-CUBE-SMBUS.2.1.0
2024-01-13 14:37:03,232 [WARN] PackLoader:240 - Cannot read IP mode file for STMicroelectronics.X-CUBE-TOUCHGFX.4.23.0
2024-01-13 14:37:03,297 [WARN] PackLoader:240 - Cannot read IP mode file for STMicroelectronics.X-CUBE-AZRTOS-F7.1.1.0
2024-01-13 14:37:03,331 [WARN] PackLoader:240 - Cannot read IP mode file for STMicroelectronics.FP-SNS-MOTENV1.4.3.2
2024-01-13 14:37:03,344 [WARN] PackLoader:240 - Cannot read IP mode file for STMicroelectronics.FP-SNS-FLIGHT1.5.0.2
2024-01-13 14:37:03,357 [WARN] PackLoader:240 - Cannot read IP mode file for STMicroelectronics.X-CUBE-DISPLAY.3.0.0
2024-01-13 14:37:03,378 [WARN] PackLoader:240 - Cannot read IP mode file for STMicroelectronics.X-CUBE-BLE1.7.0.0
2024-01-13 14:37:03,398 [WARN] PackLoader:240 - Cannot read IP mode file for emotas.I-CUBE-CANOPEN.1.3.0
2024-01-13 14:37:03,407 [WARN] PackLoader:240 - Cannot read IP mode file for STMicroelectronics.FP-SNS-SMARTAG2.1.2.0
2024-01-13 14:37:03,430 [INFO] LogOutputStream:77 - [STDOUT_REDIRECT] 1 : Invalid condition id : UX_CORESTACK_Condition cause : null
2024-01-13 14:37:03,431 [INFO] LogOutputStream:77 - [STDOUT_REDIRECT] 1 : Invalid condition id : UX_CORESTACK_Condition cause : null
2024-01-13 14:37:03,432 [INFO] LogOutputStream:77 - [STDOUT_REDIRECT] 1 : Invalid condition id : UX_CORESTACK_Condition cause : null
2024-01-13 14:37:03,433 [INFO] LogOutputStream:77 - [STDOUT_REDIRECT] 1 : Invalid condition id : UX_CORESTACK_Condition cause : null
2024-01-13 14:37:03,433 [INFO] LogOutputStream:77 - [STDOUT_REDIRECT] 1 : Invalid condition id : UX_CORESTACK_Condition cause : null
2024-01-13 14:37:03,441 [WARN] PackLoader:240 - Cannot read IP mode file for STMicroelectronics.X-CUBE-AZRTOS-WL.2.0.0
2024-01-13 14:37:03,448 [INFO] WebApp:780 - Register for checkConnection events
2024-01-13 14:37:03,448 [INFO] WebApp:414 - Apply proxy settings
2024-01-13 14:37:03,449 [INFO] WebApp:499 - Chromium requires no authentication
2024-01-13 14:37:03,456 [WARN] PackLoader:240 - Cannot read IP mode file for WES.I-CUBE-Cesium.1.3.0
2024-01-13 14:37:03,462 [INFO] WebApp:442 - Direct internet connection detected
2024-01-13 14:37:03,463 [WARN] PackLoader:240 - Cannot read IP mode file for STMicroelectronics.X-CUBE-BLE2.3.3.0
2024-01-13 14:37:03,475 [WARN] PackLoader:240 - Cannot read IP mode file for STMicroelectronics.X-CUBE-ALGOBUILD.1.3.0
2024-01-13 14:37:03,517 [WARN] PackLoader:240 - Cannot read IP mode file for STMicroelectronics.X-CUBE-AZRTOS-G0.1.1.0
2024-01-13 14:37:03,531 [WARN] PackLoader:240 - Cannot read IP mode file for STMicroelectronics.X-CUBE-NFC4.3.0.0
2024-01-13 14:37:03,547 [WARN] PackLoader:240 - Cannot read IP mode file for STMicroelectronics.X-CUBE-BLEMGR.3.0.0
2024-01-13 14:37:03,555 [WARN] PackLoader:240 - Cannot read IP mode file for STMicroelectronics.FP-ATR-SIGFOX1.3.2.0
2024-01-13 14:37:03,640 [WARN] PackLoader:240 - Cannot read IP mode file for SEGGER.I-CUBE-embOS.1.3.1
2024-01-13 14:37:03,742 [WARN] PackLoader:240 - Cannot read IP mode file for STMicroelectronics.X-CUBE-GNSS1.6.0.0
2024-01-13 14:37:03,782 [WARN] PackLoader:240 - Cannot read IP mode file for STMicroelectronics.X-CUBE-AZRTOS-F4.1.1.0
2024-01-13 14:37:03,793 [WARN] PackLoader:240 - Cannot read IP mode file for wolfSSL.I-CUBE-wolfSSL.5.6.6
2024-01-13 14:37:03,818 [WARN] PackLoader:240 - Cannot read IP mode file for STMicroelectronics.X-CUBE-AZRTOS-L5.2.0.0
2024-01-13 14:37:03,831 [WARN] PackLoader:240 - Cannot read IP mode file for STMicroelectronics.X-CUBE-EEPRMA1.4.2.0
2024-01-13 14:37:03,840 [WARN] PackLoader:240 - Cannot read IP mode file for ITTIA_DB.I-CUBE-ITTIADB.8.8.0
2024-01-13 14:37:03,848 [WARN] PackLoader:240 - Cannot read IP mode file for STMicroelectronics.X-CUBE-NFC7.1.0.1
2024-01-13 14:37:03,857 [WARN] PackLoader:240 - Cannot read IP mode file for STMicroelectronics.X-CUBE-NFC6.3.0.0
2024-01-13 14:37:03,864 [WARN] PackLoader:240 - Cannot read IP mode file for STMicroelectronics.X-CUBE-AI.8.1.0
2024-01-13 14:37:03,870 [INFO] WebApp:192 - Starting web application
2024-01-13 14:37:03,871 [INFO] WebApp:544 - Web application path used /opt/st/stm32cubeide_1.14.0/plugins/com.st.stm32cube.common.mx_6.10.0.202311202037/db/plugins/mcufinder/reactClient1/index.html
2024-01-13 14:37:03,888 [WARN] ConditionMgr:438 - getConditionDescription Invalid condition id : LAN8742 Phy interface Condition cause : null
2024-01-13 14:37:03,889 [WARN] PackLoader:240 - Cannot read IP mode file for STMicroelectronics.X-CUBE-AZRTOS-L4.2.0.0
2024-01-13 14:37:03,891 [WARN] ConditionMgr:1039 - genDependencies : Invalid condition id : LAN8742 Phy interface Condition cause : null
2024-01-13 14:37:03,892 [WARN] ConditionMgr:1039 - genDependencies : Invalid condition id : LAN8742 Phy interface Condition cause : null
2024-01-13 14:37:03,893 [WARN] ConditionMgr:1039 - genDependencies : Invalid condition id : LAN8742 Phy interface Condition cause : null
2024-01-13 14:37:03,911 [WARN] PackLoader:240 - Cannot read IP mode file for STMicroelectronics.X-CUBE-SFXS2LP1.4.0.0
2024-01-13 14:37:03,945 [WARN] ConditionMgr:438 - getConditionDescription Invalid condition id : UX DEVICE CLASS RTOS Condition cause : null
2024-01-13 14:37:03,946 [WARN] ConditionMgr:438 - getConditionDescription Invalid condition id : UX DEVICE CLASS RTOS Condition cause : null
2024-01-13 14:37:03,950 [WARN] PackLoader:240 - Cannot read IP mode file for STMicroelectronics.X-CUBE-AZRTOS-WB.2.0.0
2024-01-13 14:37:03,951 [WARN] ConditionMgr:1039 - genDependencies : Invalid condition id : UX DEVICE CLASS RTOS Condition cause : null
2024-01-13 14:37:03,951 [WARN] ConditionMgr:1039 - genDependencies : Invalid condition id : UX DEVICE CLASS RTOS Condition cause : null
2024-01-13 14:37:03,952 [WARN] ConditionMgr:1039 - genDependencies : Invalid condition id : UX DEVICE CLASS RTOS Condition cause : null
2024-01-13 14:37:03,953 [WARN] ConditionMgr:1039 - genDependencies : Invalid condition id : UX DEVICE CLASS RTOS Condition cause : null
2024-01-13 14:37:03,953 [WARN] ConditionMgr:1039 - genDependencies : Invalid condition id : UX DEVICE CLASS RTOS Condition cause : null
2024-01-13 14:37:03,966 [WARN] PackLoader:240 - Cannot read IP mode file for STMicroelectronics.X-CUBE-SUBG2.5.0.0
2024-01-13 14:37:03,991 [WARN] PackLoader:240 - Cannot read IP mode file for STMicroelectronics.X-CUBE-AZRTOS-G4.2.0.0
2024-01-13 14:37:04,008 [WARN] PackLoader:240 - Cannot read IP mode file for Infineon.AIROC-Wi-Fi-Bluetooth-STM32.1.5.1
2024-01-13 14:37:04,019 [WARN] PackLoader:240 - Cannot read IP mode file for STMicroelectronics.FP-SNS-MOTENVWB1.1.3.1
2024-01-13 14:37:04,022 [WARN] PackLoader:240 - Cannot read IP mode file for STMicroelectronics.X-CUBE-ISPU.2.0.0
2024-01-13 14:37:04,088 [WARN] PackLoader:240 - Cannot read IP mode file for STMicroelectronics.X-CUBE-MEMS1.10.0.0
2024-01-13 14:37:04,291 [WARN] PackLoader:240 - Cannot read IP mode file for STMicroelectronics.X-CUBE-FREERTOS.1.1.0
2024-01-13 14:37:04,296 [WARN] PackLoader:240 - Cannot read IP mode file for portGmbH.I-Cube-SoM-uGOAL.1.1.0
2024-01-13 14:37:04,299 [WARN] PackLoader:240 - Cannot read IP mode file for STMicroelectronics.X-CUBE-ALS.1.0.1
2024-01-13 14:37:04,303 [WARN] PackLoader:240 - Cannot read IP mode file for STMicroelectronics.FP-ATR-ASTRA1.2.0.0
2024-01-13 14:37:04,313 [WARN] PackLoader:240 - Cannot read IP mode file for STMicroelectronics.X-CUBE-TOF1.3.4.0
2024-01-13 14:37:04,346 [WARN] PackLoader:240 - Cannot read IP mode file for STMicroelectronics.X-CUBE-AZRTOS-H7.3.2.0
2024-01-13 14:37:04,350 [INFO] ThirdParty:978 - Integrity check success = true
2024-01-13 14:37:04,350 [INFO] IntegrityCheckThread:100 - exiting critical section [integrity check]
2024-01-13 14:37:04,350 [INFO] IntegrityCheckThread:103 - End integrity checks thread
2024-01-13 14:37:24,521 [ERROR] LogOutputStream:75 - [STDERR_REDIRECT] SLF4J: Failed to load class "org.slf4j.impl.StaticLoggerBinder".
2024-01-13 14:37:24,522 [ERROR] LogOutputStream:75 - [STDERR_REDIRECT] SLF4J: Defaulting to no-operation (NOP) logger implementation
2024-01-13 14:37:24,522 [ERROR] LogOutputStream:75 - [STDERR_REDIRECT] SLF4J: See http://www.slf4j.org/codes.html#StaticLoggerBinder for further details.
