2024-01-09 03:20:01,092 [INFO] Activator:176 - 


2024-01-09 03:20:01,105 [INFO] Activator:177 - !SESSION log4j initialized
2024-01-09 03:20:07,543 [INFO] LogOutputStream:77 - [STDOUT_REDIRECT] 
2024-01-09 03:20:09,878 [INFO] ApplicationProperties:184 - Using Application install path: /opt/st/stm32cubeide_1.14.0/plugins/com.st.stm32cube.common.mx_6.10.0.202311202037
2024-01-09 03:20:09,908 [INFO] DbMcusXml:78 - Set database path to: /opt/st/stm32cubeide_1.14.0/plugins/com.st.stm32cube.common.mx_6.10.0.202311202037//db//mcu/
2024-01-09 03:20:09,908 [INFO] ApiDb:274 - Set plugin database path to: /opt/st/stm32cubeide_1.14.0/plugins/com.st.stm32cube.common.mx_6.10.0.202311202037//db//plugins/boardmanager/
2024-01-09 03:20:09,909 [WARN] ApiDb:259 - Overriding images path with different value:  => /opt/st/stm32cubeide_1.14.0/plugins/com.st.stm32cube.common.mx_6.10.0.202311202037//db//plugins/mcufinder/images/
2024-01-09 03:20:09,919 [INFO] ApiDb:250 - Set database path to: /home/sleman/.stmcufinder/plugins/mcufinder//mcu/
2024-01-09 03:20:09,922 [INFO] DbMcusAds:125 - Set database path to: /home/sleman/.stmcufinder/plugins/mcufinder//mcu/
2024-01-09 03:20:09,925 [INFO] CrossReferenceDbSqlite:203 - Set database path to: /home/sleman/.stmcufinder/plugins/mcufinder//mcu/cs/
2024-01-09 03:20:10,132 [INFO] RulesReader:64 - Compatibility file has been processed (297 Rules)
2024-01-09 03:20:10,273 [INFO] DbMcusXml:78 - Set database path to: /opt/st/stm32cubeide_1.14.0/plugins/com.st.stm32cube.common.mx_6.10.0.202311202037//db//mcu/
2024-01-09 03:20:10,274 [INFO] ApiDb:274 - Set plugin database path to: /opt/st/stm32cubeide_1.14.0/plugins/com.st.stm32cube.common.mx_6.10.0.202311202037//db//plugins/boardmanager/
2024-01-09 03:20:10,274 [INFO] ApiDb:261 - Set plugin images path to: /opt/st/stm32cubeide_1.14.0/plugins/com.st.stm32cube.common.mx_6.10.0.202311202037//db//plugins/mcufinder/images/
2024-01-09 03:20:10,274 [WARN] DbFile:41 - Overriding database path with different value: /home/sleman/.stmcufinder/plugins/mcufinder/ => /home/sleman/.stmcufinder/plugins/mcufinder
2024-01-09 03:20:10,275 [INFO] ApiDb:250 - Set database path to: /home/sleman/.stmcufinder/plugins/mcufinder//mcu/
2024-01-09 03:20:10,275 [WARN] DbFile:41 - Overriding database path with different value: /home/sleman/.stmcufinder/plugins/mcufinder/ => /home/sleman/.stmcufinder/plugins/mcufinder
2024-01-09 03:20:10,275 [INFO] DbMcusAds:125 - Set database path to: /home/sleman/.stmcufinder/plugins/mcufinder//mcu/
2024-01-09 03:20:10,276 [WARN] DbFile:41 - Overriding database path with different value: /home/sleman/.stmcufinder/plugins/mcufinder/ => /home/sleman/.stmcufinder/plugins/mcufinder
2024-01-09 03:20:10,276 [WARN] DbFile:41 - Overriding database path with different value: /home/sleman/.stmcufinder/plugins/mcufinder/ => /home/sleman/.stmcufinder/plugins/mcufinder
2024-01-09 03:20:10,276 [INFO] CrossReferenceDbSqlite:203 - Set database path to: /home/sleman/.stmcufinder/plugins/mcufinder//mcu/cs/
2024-01-09 03:20:10,434 [INFO] MainPanel:264 - HeapMemory: 268435456
2024-01-09 03:20:10,593 [INFO] DbMcusXml:78 - Set database path to: /opt/st/stm32cubeide_1.14.0/plugins/com.st.stm32cube.common.mx_6.10.0.202311202037//db//mcu/
2024-01-09 03:20:10,593 [INFO] ApiDb:274 - Set plugin database path to: /opt/st/stm32cubeide_1.14.0/plugins/com.st.stm32cube.common.mx_6.10.0.202311202037//db//plugins/boardmanager/
2024-01-09 03:20:10,594 [INFO] ApiDb:261 - Set plugin images path to: /opt/st/stm32cubeide_1.14.0/plugins/com.st.stm32cube.common.mx_6.10.0.202311202037//db//plugins/mcufinder/images/
2024-01-09 03:20:10,594 [WARN] DbFile:41 - Overriding database path with different value: /home/sleman/.stmcufinder/plugins/mcufinder/ => /home/sleman/.stmcufinder/plugins/mcufinder
2024-01-09 03:20:10,595 [INFO] ApiDb:250 - Set database path to: /home/sleman/.stmcufinder/plugins/mcufinder//mcu/
2024-01-09 03:20:10,595 [WARN] DbFile:41 - Overriding database path with different value: /home/sleman/.stmcufinder/plugins/mcufinder/ => /home/sleman/.stmcufinder/plugins/mcufinder
2024-01-09 03:20:10,596 [INFO] DbMcusAds:125 - Set database path to: /home/sleman/.stmcufinder/plugins/mcufinder//mcu/
2024-01-09 03:20:10,596 [WARN] DbFile:41 - Overriding database path with different value: /home/sleman/.stmcufinder/plugins/mcufinder/ => /home/sleman/.stmcufinder/plugins/mcufinder
2024-01-09 03:20:10,596 [WARN] DbFile:41 - Overriding database path with different value: /home/sleman/.stmcufinder/plugins/mcufinder/ => /home/sleman/.stmcufinder/plugins/mcufinder
2024-01-09 03:20:10,597 [INFO] CrossReferenceDbSqlite:203 - Set database path to: /home/sleman/.stmcufinder/plugins/mcufinder//mcu/cs/
2024-01-09 03:20:10,627 [INFO] ApplicationProperties:184 - Using Application install path: /opt/st/stm32cubeide_1.14.0/plugins/com.st.stm32cube.common.mx_6.10.0.202311202037
2024-01-09 03:20:10,630 [INFO] PluginManage:196 - Search for loadable plugins [exclusion list=, ]
2024-01-09 03:20:10,632 [INFO] PluginManage:310 - Check plugin analytics
2024-01-09 03:20:11,047 [INFO] AnalyticsPlugin:253 - Accepted Software Licenses: 
2024-01-09 03:20:11,047 [INFO] AnalyticsPlugin:255 - Accepted CMSIS Pack Licenses: 
2024-01-09 03:20:11,048 [INFO] AnalyticsPlugin:257 - Accepted Firmware Licenses: 
2024-01-09 03:20:11,055 [INFO] PluginManage:359 - Loaded plugin analytics (category:tool,tabindex:-1)
2024-01-09 03:20:11,056 [INFO] PluginManage:310 - Check plugin cadmodel
2024-01-09 03:20:11,099 [INFO] CADModel:105 - Init CAD model plugin
2024-01-09 03:20:11,100 [INFO] PluginManage:359 - Loaded plugin cadmodel (category:power,tabindex:5)
2024-01-09 03:20:11,100 [INFO] PluginManage:310 - Check plugin clock
2024-01-09 03:20:11,117 [INFO] PluginManage:359 - Loaded plugin clock (category:base,tabindex:2)
2024-01-09 03:20:11,118 [INFO] PluginManage:310 - Check plugin ddr
2024-01-09 03:20:11,121 [INFO] PluginManage:359 - Loaded plugin ddr (category:tool,tabindex:6)
2024-01-09 03:20:11,122 [INFO] PluginManage:310 - Check plugin filemanager
2024-01-09 03:20:11,400 [INFO] PluginManage:359 - Loaded plugin filemanager (category:base,tabindex:10)
2024-01-09 03:20:11,400 [INFO] PluginManage:310 - Check plugin ipmanager
2024-01-09 03:20:11,409 [INFO] PluginManage:359 - Loaded plugin ipmanager (category:base,tabindex:5)
2024-01-09 03:20:11,409 [INFO] PluginManage:310 - Check plugin lpbam
2024-01-09 03:20:11,422 [INFO] PluginManage:359 - Loaded plugin lpbam (category:base,tabindex:0)
2024-01-09 03:20:11,423 [INFO] PluginManage:310 - Check plugin memorymap
2024-01-09 03:20:11,440 [INFO] PluginManage:359 - Loaded plugin memorymap (category:base,tabindex:4)
2024-01-09 03:20:11,440 [INFO] PluginManage:310 - Check plugin pinoutandconfiguration
2024-01-09 03:20:11,450 [INFO] PluginManage:359 - Loaded plugin pinoutandconfiguration (category:base,tabindex:1)
2024-01-09 03:20:11,451 [INFO] PluginManage:310 - Check plugin pinoutconfig
2024-01-09 03:20:11,594 [WARN] SupportedApi:132 - Cannot load RTOS API schema: s4s-elt-must-match.1: The content of 'definitions' must match (annotation?, (simpleType | complexType)?, (unique | key | keyref)*)). A problem was found starting at: attribute.
2024-01-09 03:20:11,834 [INFO] PluginManage:359 - Loaded plugin pinoutconfig (category:base,tabindex:0)
2024-01-09 03:20:11,835 [INFO] PluginManage:310 - Check plugin power
2024-01-09 03:20:11,847 [INFO] PluginManage:359 - Loaded plugin power (category:power,tabindex:4)
2024-01-09 03:20:11,847 [INFO] PluginManage:310 - Check plugin projectmanager
2024-01-09 03:20:11,872 [INFO] PluginManage:359 - Loaded plugin projectmanager (category:projectmanager,tabindex:3)
2024-01-09 03:20:11,872 [INFO] PluginManage:310 - Check plugin thirdparty
2024-01-09 03:20:12,042 [INFO] PluginManage:359 - Loaded plugin thirdparty (category:base,tabindex:-1)
2024-01-09 03:20:12,042 [WARN] IntegrityCheckThread:84 - waiting for thirdparty lock release [integrity check]
2024-01-09 03:20:12,042 [INFO] IntegrityCheckThread:86 - entering critical section [integrity check]
2024-01-09 03:20:12,042 [INFO] PluginManage:310 - Check plugin tools
2024-01-09 03:20:12,043 [INFO] ThirdPartyUpdaterWithRetryManager:70 - Updater plugin not ready yet. [1/15]
2024-01-09 03:20:12,045 [INFO] PluginManage:359 - Loaded plugin tools (category:base,tabindex:7)
2024-01-09 03:20:12,046 [INFO] PluginManage:310 - Check plugin tutovideos
2024-01-09 03:20:12,316 [INFO] PluginManage:359 - Loaded plugin tutovideos (category:base,tabindex:-1)
2024-01-09 03:20:12,317 [INFO] PluginManage:310 - Check plugin updater
2024-01-09 03:20:12,332 [INFO] PluginManage:359 - Loaded plugin updater (category:base,tabindex:12)
2024-01-09 03:20:12,333 [INFO] PluginManage:310 - Check plugin userauth
2024-01-09 03:20:12,341 [INFO] UserAuth:114 - Init User Auth plugin
2024-01-09 03:20:12,341 [INFO] PluginManage:359 - Loaded plugin userauth (category:base,tabindex:14)
2024-01-09 03:20:12,342 [INFO] PluginManage:283 - PluginManage : Loaded plugins [17]
2024-01-09 03:20:12,663 [INFO] PinOutPanel:1499 - setPackage(No Configuration,No Configuration)
2024-01-09 03:20:12,744 [INFO] CADModel:165 - CPN selected for project level
2024-01-09 03:20:12,744 [INFO] CADModel:114 - Register for checkConnection events
2024-01-09 03:20:12,758 [INFO] IPUIPlugin:80 - create IPUIPlugin
2024-01-09 03:20:12,758 [INFO] PluginManager:220 - loadIPPluginJar : add quadspi
2024-01-09 03:20:12,760 [INFO] IPUIPlugin:80 - create IPUIPlugin
2024-01-09 03:20:12,760 [INFO] PluginManager:220 - loadIPPluginJar : add fatfs
2024-01-09 03:20:12,775 [INFO] IPUIPlugin:80 - create IPUIPlugin
2024-01-09 03:20:12,776 [INFO] PluginManager:220 - loadIPPluginJar : add adc
2024-01-09 03:20:12,782 [INFO] IPUIPlugin:80 - create IPUIPlugin
2024-01-09 03:20:12,783 [INFO] PluginManager:220 - loadIPPluginJar : add gpio
2024-01-09 03:20:12,786 [INFO] IPUIPlugin:80 - create IPUIPlugin
2024-01-09 03:20:12,786 [INFO] PluginManager:220 - loadIPPluginJar : add ucpd
2024-01-09 03:20:12,795 [INFO] IPUIPlugin:80 - create IPUIPlugin
2024-01-09 03:20:12,795 [INFO] PluginManager:220 - loadIPPluginJar : add dma
2024-01-09 03:20:12,798 [INFO] IPUIPlugin:80 - create IPUIPlugin
2024-01-09 03:20:12,798 [INFO] PluginManager:220 - loadIPPluginJar : add ts
2024-01-09 03:20:12,803 [INFO] IPUIPlugin:80 - create IPUIPlugin
2024-01-09 03:20:12,803 [INFO] PluginManager:220 - loadIPPluginJar : add usbx
2024-01-09 03:20:12,823 [INFO] IPUIPlugin:80 - create IPUIPlugin
2024-01-09 03:20:12,823 [INFO] PluginManager:220 - loadIPPluginJar : add gic
2024-01-09 03:20:12,826 [INFO] IPUIPlugin:80 - create IPUIPlugin
2024-01-09 03:20:12,827 [INFO] PluginManager:220 - loadIPPluginJar : add gfxmmu
2024-01-09 03:20:12,831 [INFO] IPUIPlugin:80 - create IPUIPlugin
2024-01-09 03:20:12,832 [INFO] PluginManager:220 - loadIPPluginJar : add openamp
2024-01-09 03:20:12,835 [INFO] IPUIPlugin:80 - create IPUIPlugin
2024-01-09 03:20:12,835 [INFO] PluginManager:220 - loadIPPluginJar : add comp
2024-01-09 03:20:12,841 [INFO] IPUIPlugin:80 - create IPUIPlugin
2024-01-09 03:20:12,842 [INFO] PluginManager:220 - loadIPPluginJar : add usart
2024-01-09 03:20:12,846 [INFO] IPUIPlugin:80 - create IPUIPlugin
2024-01-09 03:20:12,846 [INFO] PluginManager:220 - loadIPPluginJar : add hash
2024-01-09 03:20:12,849 [INFO] IPUIPlugin:80 - create IPUIPlugin
2024-01-09 03:20:12,850 [INFO] PluginManager:220 - loadIPPluginJar : add opamp
2024-01-09 03:20:12,852 [INFO] IPUIPlugin:80 - create IPUIPlugin
2024-01-09 03:20:12,852 [INFO] PluginManager:220 - loadIPPluginJar : add tim
2024-01-09 03:20:12,856 [INFO] IPUIPlugin:80 - create IPUIPlugin
2024-01-09 03:20:12,856 [INFO] PluginManager:220 - loadIPPluginJar : add i2s
2024-01-09 03:20:12,859 [INFO] IPUIPlugin:80 - create IPUIPlugin
2024-01-09 03:20:12,859 [INFO] PluginManager:220 - loadIPPluginJar : add dfsdm
2024-01-09 03:20:12,865 [INFO] IPUIPlugin:80 - create IPUIPlugin
2024-01-09 03:20:12,865 [INFO] PluginManager:220 - loadIPPluginJar : add freertos
2024-01-09 03:20:12,868 [INFO] IPUIPlugin:80 - create IPUIPlugin
2024-01-09 03:20:12,868 [INFO] PluginManager:220 - loadIPPluginJar : add pdm2pcm
2024-01-09 03:20:12,874 [INFO] IPUIPlugin:80 - create IPUIPlugin
2024-01-09 03:20:12,874 [INFO] PluginManager:220 - loadIPPluginJar : add nvic
2024-01-09 03:20:12,878 [INFO] IPUIPlugin:80 - create IPUIPlugin
2024-01-09 03:20:12,878 [INFO] PluginManager:220 - loadIPPluginJar : add gtzc
2024-01-09 03:20:12,881 [INFO] IPUIPlugin:80 - create IPUIPlugin
2024-01-09 03:20:12,881 [INFO] PluginManager:220 - loadIPPluginJar : add i2c
2024-01-09 03:20:12,885 [INFO] IPUIPlugin:80 - create IPUIPlugin
2024-01-09 03:20:12,885 [INFO] PluginManager:220 - loadIPPluginJar : add can
2024-01-09 03:20:12,888 [INFO] IPUIPlugin:80 - create IPUIPlugin
2024-01-09 03:20:12,889 [INFO] PluginManager:220 - loadIPPluginJar : add tracer_emb
2024-01-09 03:20:12,897 [INFO] IPUIPlugin:80 - create IPUIPlugin
2024-01-09 03:20:12,901 [INFO] PluginManager:220 - loadIPPluginJar : add plateformsettings
2024-01-09 03:20:12,904 [INFO] IPUIPlugin:80 - create IPUIPlugin
2024-01-09 03:20:12,904 [INFO] PluginManager:220 - loadIPPluginJar : add ltdc
2024-01-09 03:20:12,907 [INFO] IPUIPlugin:80 - create IPUIPlugin
2024-01-09 03:20:12,908 [INFO] PluginManager:220 - loadIPPluginJar : add cryp
2024-01-09 03:20:12,911 [INFO] IPUIPlugin:80 - create IPUIPlugin
2024-01-09 03:20:12,911 [INFO] PluginManager:220 - loadIPPluginJar : add dma3
2024-01-09 03:20:12,915 [INFO] IPUIPlugin:80 - create IPUIPlugin
2024-01-09 03:20:12,915 [INFO] PluginManager:220 - loadIPPluginJar : add touchsensing
2024-01-09 03:20:12,918 [INFO] IPUIPlugin:80 - create IPUIPlugin
2024-01-09 03:20:12,919 [INFO] PluginManager:220 - loadIPPluginJar : add spi
2024-01-09 03:20:12,922 [INFO] IPUIPlugin:80 - create IPUIPlugin
2024-01-09 03:20:12,922 [INFO] PluginManager:220 - loadIPPluginJar : add aes
2024-01-09 03:20:12,924 [INFO] IPUIPlugin:80 - create IPUIPlugin
2024-01-09 03:20:12,925 [INFO] PluginManager:220 - loadIPPluginJar : add tsc
2024-01-09 03:20:12,931 [INFO] IPUIPlugin:80 - create IPUIPlugin
2024-01-09 03:20:12,931 [INFO] PluginManager:220 - loadIPPluginJar : add stm32_wpan
2024-01-09 03:20:12,934 [INFO] IPUIPlugin:80 - create IPUIPlugin
2024-01-09 03:20:12,935 [INFO] PluginManager:220 - loadIPPluginJar : add i3c
2024-01-09 03:20:12,945 [INFO] IPUIPlugin:80 - create IPUIPlugin
2024-01-09 03:20:12,945 [INFO] PluginManager:220 - loadIPPluginJar : add linkedlist
2024-01-09 03:20:12,948 [INFO] IPUIPlugin:80 - create IPUIPlugin
2024-01-09 03:20:12,949 [INFO] PluginManager:220 - loadIPPluginJar : add ipddr
2024-01-09 03:20:12,953 [INFO] IPUIPlugin:80 - create IPUIPlugin
2024-01-09 03:20:12,954 [INFO] PluginManager:220 - loadIPPluginJar : add resmgrutility
2024-01-09 03:20:12,962 [INFO] IPUIPlugin:80 - create IPUIPlugin
2024-01-09 03:20:12,962 [INFO] PluginManager:220 - loadIPPluginJar : add mdma
2024-01-09 03:20:12,964 [INFO] IPUIPlugin:80 - create IPUIPlugin
2024-01-09 03:20:12,964 [INFO] PluginManager:220 - loadIPPluginJar : add genericplugin
2024-01-09 03:20:12,967 [INFO] IPUIPlugin:80 - create IPUIPlugin
2024-01-09 03:20:12,968 [INFO] PluginManager:220 - loadIPPluginJar : add sai
2024-01-09 03:20:12,972 [INFO] IPUIPlugin:80 - create IPUIPlugin
2024-01-09 03:20:12,973 [INFO] PluginManager:220 - loadIPPluginJar : add lorawan
2024-01-09 03:20:12,979 [INFO] IPUIPlugin:80 - create IPUIPlugin
2024-01-09 03:20:12,979 [INFO] PluginManager:220 - loadIPPluginJar : add fmc
2024-01-09 03:20:13,107 [INFO] CADModel:165 - CPN selected for project level
2024-01-09 03:20:13,107 [INFO] CADModel:114 - Register for checkConnection events
2024-01-09 03:20:13,108 [FATAL] Updater:308 - Updater called before beeing initialized
2024-01-09 03:20:13,108 [ERROR] CADModel:125 - Updater not yet initialized, retry later 
2024-01-09 03:20:13,280 [INFO] CADModel:165 - CPN selected for project level
2024-01-09 03:20:13,280 [INFO] CADModel:114 - Register for checkConnection events
2024-01-09 03:20:13,280 [FATAL] Updater:308 - Updater called before beeing initialized
2024-01-09 03:20:13,280 [ERROR] CADModel:125 - Updater not yet initialized, retry later 
2024-01-09 03:20:13,284 [FATAL] Updater:308 - Updater called before beeing initialized
2024-01-09 03:20:13,413 [FATAL] Updater:308 - Updater called before beeing initialized
2024-01-09 03:20:13,421 [INFO] DbMcusAds:53 - JSON generation date=Thu Sep 30 03:55:09 BRT 2021 (1632984909247)
2024-01-09 03:20:13,422 [FATAL] Updater:308 - Updater called before beeing initialized
2024-01-09 03:20:13,482 [WARN] DetailPanel:346 - Failed to get advertising image, set to default
2024-01-09 03:20:13,624 [FATAL] Updater:308 - Updater called before beeing initialized
2024-01-09 03:20:13,627 [FATAL] Updater:308 - Updater called before beeing initialized
2024-01-09 03:20:13,627 [FATAL] Updater:308 - Updater called before beeing initialized
2024-01-09 03:20:13,627 [WARN] DetailPanel:346 - Failed to get advertising image, set to default
2024-01-09 03:20:13,628 [FATAL] Updater:308 - Updater called before beeing initialized
2024-01-09 03:20:13,675 [ERROR] Updater:1120 - MainUpdater not yet initialized. External WinMGr cannot be set.
2024-01-09 03:20:13,678 [INFO] Updater:1056 - Updater Version found : 6.10.0
2024-01-09 03:20:13,701 [INFO] ApplicationProperties:184 - Using Application install path: /opt/st/stm32cubeide_1.14.0/plugins/com.st.stm32cube.common.mx_6.10.0.202311202037
2024-01-09 03:20:14,395 [INFO] MainUpdater:2873 - connection check result : 10
2024-01-09 03:20:14,396 [INFO] MainUpdater:290 - Updater Check For Update Now.
2024-01-09 03:20:14,397 [INFO] MicroXplorer:498 - Change Database Version : DB.6.0.100
2024-01-09 03:20:14,405 [INFO] McuFinderGlobals:63 - Set McuFinder mode to 2 (CubeIDE integrated)
2024-01-09 03:20:14,405 [INFO] UserAuth:180 - activating auth plugin
2024-01-09 03:20:14,409 [INFO] UserAuth:404 - Internet connection configuration mode: 1
2024-01-09 03:20:14,431 [INFO] JxBrowserEngine:152 - Initiate JxBrowser Engine with user profile folder
2024-01-09 03:20:14,654 [INFO] CheckServerUpdateThread:120 - End of CheckServer Thread
2024-01-09 03:20:15,378 [WARN] PackLoader:240 - Cannot read IP mode file for STMicroelectronics.X-CUBE-SMBUS.2.1.0
2024-01-09 03:20:15,402 [WARN] PackLoader:240 - Cannot read IP mode file for STMicroelectronics.X-CUBE-TOUCHGFX.4.23.0
2024-01-09 03:20:15,482 [WARN] PackLoader:240 - Cannot read IP mode file for STMicroelectronics.X-CUBE-AZRTOS-F7.1.1.0
2024-01-09 03:20:15,514 [WARN] PackLoader:240 - Cannot read IP mode file for STMicroelectronics.FP-SNS-MOTENV1.4.3.2
2024-01-09 03:20:15,550 [WARN] PackLoader:240 - Cannot read IP mode file for STMicroelectronics.FP-SNS-FLIGHT1.5.0.2
2024-01-09 03:20:15,589 [WARN] PackLoader:240 - Cannot read IP mode file for STMicroelectronics.X-CUBE-DISPLAY.3.0.0
2024-01-09 03:20:15,619 [WARN] PackLoader:240 - Cannot read IP mode file for STMicroelectronics.X-CUBE-BLE1.7.0.0
2024-01-09 03:20:15,627 [WARN] PackLoader:240 - Cannot read IP mode file for emotas.I-CUBE-CANOPEN.1.3.0
2024-01-09 03:20:15,634 [WARN] PackLoader:240 - Cannot read IP mode file for STMicroelectronics.FP-SNS-SMARTAG2.1.2.0
2024-01-09 03:20:15,659 [INFO] LogOutputStream:77 - [STDOUT_REDIRECT] 1 : Invalid condition id : UX_CORESTACK_Condition cause : null
2024-01-09 03:20:15,661 [INFO] LogOutputStream:77 - [STDOUT_REDIRECT] 1 : Invalid condition id : UX_CORESTACK_Condition cause : null
2024-01-09 03:20:15,662 [INFO] LogOutputStream:77 - [STDOUT_REDIRECT] 1 : Invalid condition id : UX_CORESTACK_Condition cause : null
2024-01-09 03:20:15,663 [INFO] LogOutputStream:77 - [STDOUT_REDIRECT] 1 : Invalid condition id : UX_CORESTACK_Condition cause : null
2024-01-09 03:20:15,664 [INFO] LogOutputStream:77 - [STDOUT_REDIRECT] 1 : Invalid condition id : UX_CORESTACK_Condition cause : null
2024-01-09 03:20:15,673 [WARN] PackLoader:240 - Cannot read IP mode file for STMicroelectronics.X-CUBE-AZRTOS-WL.2.0.0
2024-01-09 03:20:15,688 [WARN] PackLoader:240 - Cannot read IP mode file for WES.I-CUBE-Cesium.1.3.0
2024-01-09 03:20:15,698 [WARN] PackLoader:240 - Cannot read IP mode file for STMicroelectronics.X-CUBE-BLE2.3.3.0
2024-01-09 03:20:15,712 [WARN] PackLoader:240 - Cannot read IP mode file for STMicroelectronics.X-CUBE-ALGOBUILD.1.3.0
2024-01-09 03:20:15,797 [WARN] PackLoader:240 - Cannot read IP mode file for STMicroelectronics.X-CUBE-AZRTOS-G0.1.1.0
2024-01-09 03:20:15,811 [WARN] PackLoader:240 - Cannot read IP mode file for STMicroelectronics.X-CUBE-NFC4.3.0.0
2024-01-09 03:20:15,833 [WARN] PackLoader:240 - Cannot read IP mode file for STMicroelectronics.X-CUBE-BLEMGR.3.0.0
2024-01-09 03:20:15,855 [WARN] PackLoader:240 - Cannot read IP mode file for STMicroelectronics.FP-ATR-SIGFOX1.3.2.0
2024-01-09 03:20:15,951 [WARN] PackLoader:240 - Cannot read IP mode file for SEGGER.I-CUBE-embOS.1.3.1
2024-01-09 03:20:15,980 [INFO] WebApp:161 - Instantiating new browser for Auth
2024-01-09 03:20:16,108 [WARN] PackLoader:240 - Cannot read IP mode file for STMicroelectronics.X-CUBE-GNSS1.6.0.0
2024-01-09 03:20:16,223 [WARN] PackLoader:240 - Cannot read IP mode file for STMicroelectronics.X-CUBE-AZRTOS-F4.1.1.0
2024-01-09 03:20:16,233 [WARN] PackLoader:240 - Cannot read IP mode file for wolfSSL.I-CUBE-wolfSSL.5.6.6
2024-01-09 03:20:16,270 [WARN] PackLoader:240 - Cannot read IP mode file for STMicroelectronics.X-CUBE-AZRTOS-L5.2.0.0
2024-01-09 03:20:16,284 [WARN] PackLoader:240 - Cannot read IP mode file for STMicroelectronics.X-CUBE-EEPRMA1.4.2.0
2024-01-09 03:20:16,294 [WARN] PackLoader:240 - Cannot read IP mode file for ITTIA_DB.I-CUBE-ITTIADB.8.8.0
2024-01-09 03:20:16,306 [WARN] PackLoader:240 - Cannot read IP mode file for STMicroelectronics.X-CUBE-NFC7.1.0.1
2024-01-09 03:20:16,328 [WARN] PackLoader:240 - Cannot read IP mode file for STMicroelectronics.X-CUBE-NFC6.3.0.0
2024-01-09 03:20:16,336 [WARN] PackLoader:240 - Cannot read IP mode file for STMicroelectronics.X-CUBE-AI.8.1.0
2024-01-09 03:20:16,383 [WARN] ConditionMgr:438 - getConditionDescription Invalid condition id : LAN8742 Phy interface Condition cause : null
2024-01-09 03:20:16,388 [WARN] PackLoader:240 - Cannot read IP mode file for STMicroelectronics.X-CUBE-AZRTOS-L4.2.0.0
2024-01-09 03:20:16,392 [WARN] ConditionMgr:1039 - genDependencies : Invalid condition id : LAN8742 Phy interface Condition cause : null
2024-01-09 03:20:16,392 [WARN] ConditionMgr:1039 - genDependencies : Invalid condition id : LAN8742 Phy interface Condition cause : null
2024-01-09 03:20:16,394 [WARN] ConditionMgr:1039 - genDependencies : Invalid condition id : LAN8742 Phy interface Condition cause : null
2024-01-09 03:20:16,409 [WARN] PackLoader:240 - Cannot read IP mode file for STMicroelectronics.X-CUBE-SFXS2LP1.4.0.0
2024-01-09 03:20:16,444 [WARN] ConditionMgr:438 - getConditionDescription Invalid condition id : UX DEVICE CLASS RTOS Condition cause : null
2024-01-09 03:20:16,445 [WARN] ConditionMgr:438 - getConditionDescription Invalid condition id : UX DEVICE CLASS RTOS Condition cause : null
2024-01-09 03:20:16,449 [WARN] PackLoader:240 - Cannot read IP mode file for STMicroelectronics.X-CUBE-AZRTOS-WB.2.0.0
2024-01-09 03:20:16,451 [WARN] ConditionMgr:1039 - genDependencies : Invalid condition id : UX DEVICE CLASS RTOS Condition cause : null
2024-01-09 03:20:16,451 [WARN] ConditionMgr:1039 - genDependencies : Invalid condition id : UX DEVICE CLASS RTOS Condition cause : null
2024-01-09 03:20:16,452 [WARN] ConditionMgr:1039 - genDependencies : Invalid condition id : UX DEVICE CLASS RTOS Condition cause : null
2024-01-09 03:20:16,453 [WARN] ConditionMgr:1039 - genDependencies : Invalid condition id : UX DEVICE CLASS RTOS Condition cause : null
2024-01-09 03:20:16,453 [WARN] ConditionMgr:1039 - genDependencies : Invalid condition id : UX DEVICE CLASS RTOS Condition cause : null
2024-01-09 03:20:16,481 [WARN] PackLoader:240 - Cannot read IP mode file for STMicroelectronics.X-CUBE-SUBG2.5.0.0
2024-01-09 03:20:16,533 [WARN] PackLoader:240 - Cannot read IP mode file for STMicroelectronics.X-CUBE-AZRTOS-G4.2.0.0
2024-01-09 03:20:16,566 [WARN] PackLoader:240 - Cannot read IP mode file for Infineon.AIROC-Wi-Fi-Bluetooth-STM32.1.5.1
2024-01-09 03:20:16,577 [WARN] PackLoader:240 - Cannot read IP mode file for STMicroelectronics.FP-SNS-MOTENVWB1.1.3.1
2024-01-09 03:20:16,593 [WARN] PackLoader:240 - Cannot read IP mode file for STMicroelectronics.X-CUBE-ISPU.2.0.0
2024-01-09 03:20:16,683 [WARN] PackLoader:240 - Cannot read IP mode file for STMicroelectronics.X-CUBE-MEMS1.10.0.0
2024-01-09 03:20:16,946 [WARN] PackLoader:240 - Cannot read IP mode file for STMicroelectronics.X-CUBE-FREERTOS.1.1.0
2024-01-09 03:20:16,985 [WARN] PackLoader:240 - Cannot read IP mode file for portGmbH.I-Cube-SoM-uGOAL.1.1.0
2024-01-09 03:20:16,996 [WARN] PackLoader:240 - Cannot read IP mode file for STMicroelectronics.X-CUBE-ALS.1.0.1
2024-01-09 03:20:17,004 [WARN] PackLoader:240 - Cannot read IP mode file for STMicroelectronics.FP-ATR-ASTRA1.2.0.0
2024-01-09 03:20:17,018 [WARN] PackLoader:240 - Cannot read IP mode file for STMicroelectronics.X-CUBE-TOF1.3.4.0
2024-01-09 03:20:17,088 [WARN] PackLoader:240 - Cannot read IP mode file for STMicroelectronics.X-CUBE-AZRTOS-H7.3.2.0
2024-01-09 03:20:17,094 [INFO] ThirdParty:978 - Integrity check success = true
2024-01-09 03:20:17,094 [INFO] IntegrityCheckThread:100 - exiting critical section [integrity check]
2024-01-09 03:20:17,094 [INFO] IntegrityCheckThread:103 - End integrity checks thread
2024-01-09 03:20:17,352 [INFO] WebApp:780 - Register for checkConnection events
2024-01-09 03:20:17,352 [INFO] WebApp:414 - Apply proxy settings
2024-01-09 03:20:17,354 [INFO] WebApp:499 - Chromium requires no authentication
2024-01-09 03:20:17,368 [INFO] WebApp:442 - Direct internet connection detected
2024-01-09 03:20:17,701 [INFO] WebApp:192 - Starting web application
2024-01-09 03:20:17,704 [INFO] WebApp:544 - Web application path used /opt/st/stm32cubeide_1.14.0/plugins/com.st.stm32cube.common.mx_6.10.0.202311202037/db/plugins/mcufinder/reactClient1/index.html
2024-01-09 03:20:38,541 [ERROR] LogOutputStream:75 - [STDERR_REDIRECT] SLF4J: Failed to load class "org.slf4j.impl.StaticLoggerBinder".
2024-01-09 03:20:38,542 [ERROR] LogOutputStream:75 - [STDERR_REDIRECT] SLF4J: Defaulting to no-operation (NOP) logger implementation
2024-01-09 03:20:38,543 [ERROR] LogOutputStream:75 - [STDERR_REDIRECT] SLF4J: See http://www.slf4j.org/codes.html#StaticLoggerBinder for further details.
2024-01-09 03:26:04,669 [ERROR] LogOutputStream:75 - [STDERR_REDIRECT] 
