2024-01-08 04:05:29,523 [INFO] Activator:176 - 


2024-01-08 04:05:29,529 [INFO] Activator:177 - !SESSION log4j initialized
2024-01-08 04:05:34,912 [INFO] LogOutputStream:77 - [STDOUT_REDIRECT] 
2024-01-08 04:05:36,899 [INFO] ApplicationProperties:184 - Using Application install path: /opt/st/stm32cubeide_1.14.0/plugins/com.st.stm32cube.common.mx_6.10.0.202311202037
2024-01-08 04:05:36,924 [INFO] DbMcusXml:78 - Set database path to: /opt/st/stm32cubeide_1.14.0/plugins/com.st.stm32cube.common.mx_6.10.0.202311202037//db//mcu/
2024-01-08 04:05:36,924 [INFO] ApiDb:274 - Set plugin database path to: /opt/st/stm32cubeide_1.14.0/plugins/com.st.stm32cube.common.mx_6.10.0.202311202037//db//plugins/boardmanager/
2024-01-08 04:05:36,924 [WARN] ApiDb:259 - Overriding images path with different value:  => /opt/st/stm32cubeide_1.14.0/plugins/com.st.stm32cube.common.mx_6.10.0.202311202037//db//plugins/mcufinder/images/
2024-01-08 04:05:36,940 [INFO] ApiDb:250 - Set database path to: /home/sleman/.stmcufinder/plugins/mcufinder//mcu/
2024-01-08 04:05:36,942 [INFO] DbMcusAds:125 - Set database path to: /home/sleman/.stmcufinder/plugins/mcufinder//mcu/
2024-01-08 04:05:36,945 [INFO] CrossReferenceDbSqlite:203 - Set database path to: /home/sleman/.stmcufinder/plugins/mcufinder//mcu/cs/
2024-01-08 04:05:37,112 [INFO] RulesReader:64 - Compatibility file has been processed (297 Rules)
2024-01-08 04:05:37,201 [INFO] DbMcusXml:78 - Set database path to: /opt/st/stm32cubeide_1.14.0/plugins/com.st.stm32cube.common.mx_6.10.0.202311202037//db//mcu/
2024-01-08 04:05:37,202 [INFO] ApiDb:274 - Set plugin database path to: /opt/st/stm32cubeide_1.14.0/plugins/com.st.stm32cube.common.mx_6.10.0.202311202037//db//plugins/boardmanager/
2024-01-08 04:05:37,202 [INFO] ApiDb:261 - Set plugin images path to: /opt/st/stm32cubeide_1.14.0/plugins/com.st.stm32cube.common.mx_6.10.0.202311202037//db//plugins/mcufinder/images/
2024-01-08 04:05:37,203 [WARN] DbFile:41 - Overriding database path with different value: /home/sleman/.stmcufinder/plugins/mcufinder/ => /home/sleman/.stmcufinder/plugins/mcufinder
2024-01-08 04:05:37,203 [INFO] ApiDb:250 - Set database path to: /home/sleman/.stmcufinder/plugins/mcufinder//mcu/
2024-01-08 04:05:37,204 [WARN] DbFile:41 - Overriding database path with different value: /home/sleman/.stmcufinder/plugins/mcufinder/ => /home/sleman/.stmcufinder/plugins/mcufinder
2024-01-08 04:05:37,204 [INFO] DbMcusAds:125 - Set database path to: /home/sleman/.stmcufinder/plugins/mcufinder//mcu/
2024-01-08 04:05:37,204 [WARN] DbFile:41 - Overriding database path with different value: /home/sleman/.stmcufinder/plugins/mcufinder/ => /home/sleman/.stmcufinder/plugins/mcufinder
2024-01-08 04:05:37,204 [WARN] DbFile:41 - Overriding database path with different value: /home/sleman/.stmcufinder/plugins/mcufinder/ => /home/sleman/.stmcufinder/plugins/mcufinder
2024-01-08 04:05:37,204 [INFO] CrossReferenceDbSqlite:203 - Set database path to: /home/sleman/.stmcufinder/plugins/mcufinder//mcu/cs/
2024-01-08 04:05:37,311 [INFO] MainPanel:264 - HeapMemory: 268435456
2024-01-08 04:05:37,446 [INFO] DbMcusXml:78 - Set database path to: /opt/st/stm32cubeide_1.14.0/plugins/com.st.stm32cube.common.mx_6.10.0.202311202037//db//mcu/
2024-01-08 04:05:37,446 [INFO] ApiDb:274 - Set plugin database path to: /opt/st/stm32cubeide_1.14.0/plugins/com.st.stm32cube.common.mx_6.10.0.202311202037//db//plugins/boardmanager/
2024-01-08 04:05:37,447 [INFO] ApiDb:261 - Set plugin images path to: /opt/st/stm32cubeide_1.14.0/plugins/com.st.stm32cube.common.mx_6.10.0.202311202037//db//plugins/mcufinder/images/
2024-01-08 04:05:37,447 [WARN] DbFile:41 - Overriding database path with different value: /home/sleman/.stmcufinder/plugins/mcufinder/ => /home/sleman/.stmcufinder/plugins/mcufinder
2024-01-08 04:05:37,447 [INFO] ApiDb:250 - Set database path to: /home/sleman/.stmcufinder/plugins/mcufinder//mcu/
2024-01-08 04:05:37,447 [WARN] DbFile:41 - Overriding database path with different value: /home/sleman/.stmcufinder/plugins/mcufinder/ => /home/sleman/.stmcufinder/plugins/mcufinder
2024-01-08 04:05:37,448 [INFO] DbMcusAds:125 - Set database path to: /home/sleman/.stmcufinder/plugins/mcufinder//mcu/
2024-01-08 04:05:37,448 [WARN] DbFile:41 - Overriding database path with different value: /home/sleman/.stmcufinder/plugins/mcufinder/ => /home/sleman/.stmcufinder/plugins/mcufinder
2024-01-08 04:05:37,448 [WARN] DbFile:41 - Overriding database path with different value: /home/sleman/.stmcufinder/plugins/mcufinder/ => /home/sleman/.stmcufinder/plugins/mcufinder
2024-01-08 04:05:37,448 [INFO] CrossReferenceDbSqlite:203 - Set database path to: /home/sleman/.stmcufinder/plugins/mcufinder//mcu/cs/
2024-01-08 04:05:37,472 [INFO] ApplicationProperties:184 - Using Application install path: /opt/st/stm32cubeide_1.14.0/plugins/com.st.stm32cube.common.mx_6.10.0.202311202037
2024-01-08 04:05:37,474 [INFO] PluginManage:196 - Search for loadable plugins [exclusion list=, ]
2024-01-08 04:05:37,476 [INFO] PluginManage:310 - Check plugin analytics
2024-01-08 04:05:37,726 [INFO] AnalyticsPlugin:253 - Accepted Software Licenses: 
2024-01-08 04:05:37,727 [INFO] AnalyticsPlugin:255 - Accepted CMSIS Pack Licenses: 
2024-01-08 04:05:37,727 [INFO] AnalyticsPlugin:257 - Accepted Firmware Licenses: 
2024-01-08 04:05:37,732 [INFO] PluginManage:359 - Loaded plugin analytics (category:tool,tabindex:-1)
2024-01-08 04:05:37,732 [INFO] PluginManage:310 - Check plugin cadmodel
2024-01-08 04:05:37,836 [INFO] CADModel:105 - Init CAD model plugin
2024-01-08 04:05:37,837 [INFO] PluginManage:359 - Loaded plugin cadmodel (category:power,tabindex:5)
2024-01-08 04:05:37,837 [INFO] PluginManage:310 - Check plugin clock
2024-01-08 04:05:37,854 [INFO] PluginManage:359 - Loaded plugin clock (category:base,tabindex:2)
2024-01-08 04:05:37,855 [INFO] PluginManage:310 - Check plugin ddr
2024-01-08 04:05:37,858 [INFO] PluginManage:359 - Loaded plugin ddr (category:tool,tabindex:6)
2024-01-08 04:05:37,859 [INFO] PluginManage:310 - Check plugin filemanager
2024-01-08 04:05:38,037 [INFO] PluginManage:359 - Loaded plugin filemanager (category:base,tabindex:10)
2024-01-08 04:05:38,037 [INFO] PluginManage:310 - Check plugin ipmanager
2024-01-08 04:05:38,044 [INFO] PluginManage:359 - Loaded plugin ipmanager (category:base,tabindex:5)
2024-01-08 04:05:38,044 [INFO] PluginManage:310 - Check plugin lpbam
2024-01-08 04:05:38,056 [INFO] PluginManage:359 - Loaded plugin lpbam (category:base,tabindex:0)
2024-01-08 04:05:38,056 [INFO] PluginManage:310 - Check plugin memorymap
2024-01-08 04:05:38,072 [INFO] PluginManage:359 - Loaded plugin memorymap (category:base,tabindex:4)
2024-01-08 04:05:38,072 [INFO] PluginManage:310 - Check plugin pinoutandconfiguration
2024-01-08 04:05:38,084 [INFO] PluginManage:359 - Loaded plugin pinoutandconfiguration (category:base,tabindex:1)
2024-01-08 04:05:38,085 [INFO] PluginManage:310 - Check plugin pinoutconfig
2024-01-08 04:05:38,209 [WARN] SupportedApi:132 - Cannot load RTOS API schema: s4s-elt-must-match.1: The content of 'definitions' must match (annotation?, (simpleType | complexType)?, (unique | key | keyref)*)). A problem was found starting at: attribute.
2024-01-08 04:05:38,450 [INFO] PluginManage:359 - Loaded plugin pinoutconfig (category:base,tabindex:0)
2024-01-08 04:05:38,451 [INFO] PluginManage:310 - Check plugin power
2024-01-08 04:05:38,467 [INFO] PluginManage:359 - Loaded plugin power (category:power,tabindex:4)
2024-01-08 04:05:38,467 [INFO] PluginManage:310 - Check plugin projectmanager
2024-01-08 04:05:38,495 [INFO] PluginManage:359 - Loaded plugin projectmanager (category:projectmanager,tabindex:3)
2024-01-08 04:05:38,495 [INFO] PluginManage:310 - Check plugin thirdparty
2024-01-08 04:05:38,690 [INFO] PluginManage:359 - Loaded plugin thirdparty (category:base,tabindex:-1)
2024-01-08 04:05:38,690 [WARN] IntegrityCheckThread:84 - waiting for thirdparty lock release [integrity check]
2024-01-08 04:05:38,691 [INFO] PluginManage:310 - Check plugin tools
2024-01-08 04:05:38,691 [INFO] IntegrityCheckThread:86 - entering critical section [integrity check]
2024-01-08 04:05:38,692 [INFO] ThirdPartyUpdaterWithRetryManager:70 - Updater plugin not ready yet. [1/15]
2024-01-08 04:05:38,694 [INFO] PluginManage:359 - Loaded plugin tools (category:base,tabindex:7)
2024-01-08 04:05:38,694 [INFO] PluginManage:310 - Check plugin tutovideos
2024-01-08 04:05:38,940 [INFO] PluginManage:359 - Loaded plugin tutovideos (category:base,tabindex:-1)
2024-01-08 04:05:38,940 [INFO] PluginManage:310 - Check plugin updater
2024-01-08 04:05:38,957 [INFO] PluginManage:359 - Loaded plugin updater (category:base,tabindex:12)
2024-01-08 04:05:38,958 [INFO] PluginManage:310 - Check plugin userauth
2024-01-08 04:05:38,964 [INFO] UserAuth:114 - Init User Auth plugin
2024-01-08 04:05:38,965 [INFO] PluginManage:359 - Loaded plugin userauth (category:base,tabindex:14)
2024-01-08 04:05:38,965 [INFO] PluginManage:283 - PluginManage : Loaded plugins [17]
2024-01-08 04:05:39,199 [INFO] PinOutPanel:1499 - setPackage(No Configuration,No Configuration)
2024-01-08 04:05:39,297 [INFO] CADModel:165 - CPN selected for project level
2024-01-08 04:05:39,297 [INFO] CADModel:114 - Register for checkConnection events
2024-01-08 04:05:39,314 [INFO] IPUIPlugin:80 - create IPUIPlugin
2024-01-08 04:05:39,314 [INFO] PluginManager:220 - loadIPPluginJar : add quadspi
2024-01-08 04:05:39,317 [INFO] IPUIPlugin:80 - create IPUIPlugin
2024-01-08 04:05:39,317 [INFO] PluginManager:220 - loadIPPluginJar : add fatfs
2024-01-08 04:05:39,332 [INFO] IPUIPlugin:80 - create IPUIPlugin
2024-01-08 04:05:39,332 [INFO] PluginManager:220 - loadIPPluginJar : add adc
2024-01-08 04:05:39,339 [INFO] IPUIPlugin:80 - create IPUIPlugin
2024-01-08 04:05:39,340 [INFO] PluginManager:220 - loadIPPluginJar : add gpio
2024-01-08 04:05:39,343 [INFO] IPUIPlugin:80 - create IPUIPlugin
2024-01-08 04:05:39,343 [INFO] PluginManager:220 - loadIPPluginJar : add ucpd
2024-01-08 04:05:39,352 [INFO] IPUIPlugin:80 - create IPUIPlugin
2024-01-08 04:05:39,352 [INFO] PluginManager:220 - loadIPPluginJar : add dma
2024-01-08 04:05:39,355 [INFO] IPUIPlugin:80 - create IPUIPlugin
2024-01-08 04:05:39,355 [INFO] PluginManager:220 - loadIPPluginJar : add ts
2024-01-08 04:05:39,359 [INFO] IPUIPlugin:80 - create IPUIPlugin
2024-01-08 04:05:39,360 [INFO] PluginManager:220 - loadIPPluginJar : add usbx
2024-01-08 04:05:39,367 [INFO] IPUIPlugin:80 - create IPUIPlugin
2024-01-08 04:05:39,368 [INFO] PluginManager:220 - loadIPPluginJar : add gic
2024-01-08 04:05:39,371 [INFO] IPUIPlugin:80 - create IPUIPlugin
2024-01-08 04:05:39,371 [INFO] PluginManager:220 - loadIPPluginJar : add gfxmmu
2024-01-08 04:05:39,376 [INFO] IPUIPlugin:80 - create IPUIPlugin
2024-01-08 04:05:39,376 [INFO] PluginManager:220 - loadIPPluginJar : add openamp
2024-01-08 04:05:39,378 [INFO] IPUIPlugin:80 - create IPUIPlugin
2024-01-08 04:05:39,378 [INFO] PluginManager:220 - loadIPPluginJar : add comp
2024-01-08 04:05:39,382 [INFO] IPUIPlugin:80 - create IPUIPlugin
2024-01-08 04:05:39,382 [INFO] PluginManager:220 - loadIPPluginJar : add usart
2024-01-08 04:05:39,385 [INFO] IPUIPlugin:80 - create IPUIPlugin
2024-01-08 04:05:39,386 [INFO] PluginManager:220 - loadIPPluginJar : add hash
2024-01-08 04:05:39,390 [INFO] IPUIPlugin:80 - create IPUIPlugin
2024-01-08 04:05:39,390 [INFO] PluginManager:220 - loadIPPluginJar : add opamp
2024-01-08 04:05:39,392 [INFO] IPUIPlugin:80 - create IPUIPlugin
2024-01-08 04:05:39,392 [INFO] PluginManager:220 - loadIPPluginJar : add tim
2024-01-08 04:05:39,395 [INFO] IPUIPlugin:80 - create IPUIPlugin
2024-01-08 04:05:39,396 [INFO] PluginManager:220 - loadIPPluginJar : add i2s
2024-01-08 04:05:39,399 [INFO] IPUIPlugin:80 - create IPUIPlugin
2024-01-08 04:05:39,399 [INFO] PluginManager:220 - loadIPPluginJar : add dfsdm
2024-01-08 04:05:39,407 [INFO] IPUIPlugin:80 - create IPUIPlugin
2024-01-08 04:05:39,407 [INFO] PluginManager:220 - loadIPPluginJar : add freertos
2024-01-08 04:05:39,411 [INFO] IPUIPlugin:80 - create IPUIPlugin
2024-01-08 04:05:39,411 [INFO] PluginManager:220 - loadIPPluginJar : add pdm2pcm
2024-01-08 04:05:39,417 [INFO] IPUIPlugin:80 - create IPUIPlugin
2024-01-08 04:05:39,417 [INFO] PluginManager:220 - loadIPPluginJar : add nvic
2024-01-08 04:05:39,421 [INFO] IPUIPlugin:80 - create IPUIPlugin
2024-01-08 04:05:39,421 [INFO] PluginManager:220 - loadIPPluginJar : add gtzc
2024-01-08 04:05:39,425 [INFO] IPUIPlugin:80 - create IPUIPlugin
2024-01-08 04:05:39,425 [INFO] PluginManager:220 - loadIPPluginJar : add i2c
2024-01-08 04:05:39,429 [INFO] IPUIPlugin:80 - create IPUIPlugin
2024-01-08 04:05:39,429 [INFO] PluginManager:220 - loadIPPluginJar : add can
2024-01-08 04:05:39,431 [INFO] IPUIPlugin:80 - create IPUIPlugin
2024-01-08 04:05:39,432 [INFO] PluginManager:220 - loadIPPluginJar : add tracer_emb
2024-01-08 04:05:39,443 [INFO] IPUIPlugin:80 - create IPUIPlugin
2024-01-08 04:05:39,448 [INFO] PluginManager:220 - loadIPPluginJar : add plateformsettings
2024-01-08 04:05:39,449 [INFO] IPUIPlugin:80 - create IPUIPlugin
2024-01-08 04:05:39,450 [INFO] PluginManager:220 - loadIPPluginJar : add ltdc
2024-01-08 04:05:39,453 [INFO] IPUIPlugin:80 - create IPUIPlugin
2024-01-08 04:05:39,453 [INFO] PluginManager:220 - loadIPPluginJar : add cryp
2024-01-08 04:05:39,457 [INFO] IPUIPlugin:80 - create IPUIPlugin
2024-01-08 04:05:39,457 [INFO] PluginManager:220 - loadIPPluginJar : add dma3
2024-01-08 04:05:39,461 [INFO] IPUIPlugin:80 - create IPUIPlugin
2024-01-08 04:05:39,461 [INFO] PluginManager:220 - loadIPPluginJar : add touchsensing
2024-01-08 04:05:39,464 [INFO] IPUIPlugin:80 - create IPUIPlugin
2024-01-08 04:05:39,464 [INFO] PluginManager:220 - loadIPPluginJar : add spi
2024-01-08 04:05:39,467 [INFO] IPUIPlugin:80 - create IPUIPlugin
2024-01-08 04:05:39,467 [INFO] PluginManager:220 - loadIPPluginJar : add aes
2024-01-08 04:05:39,469 [INFO] IPUIPlugin:80 - create IPUIPlugin
2024-01-08 04:05:39,469 [INFO] PluginManager:220 - loadIPPluginJar : add tsc
2024-01-08 04:05:39,476 [INFO] IPUIPlugin:80 - create IPUIPlugin
2024-01-08 04:05:39,476 [INFO] PluginManager:220 - loadIPPluginJar : add stm32_wpan
2024-01-08 04:05:39,479 [INFO] IPUIPlugin:80 - create IPUIPlugin
2024-01-08 04:05:39,479 [INFO] PluginManager:220 - loadIPPluginJar : add i3c
2024-01-08 04:05:39,488 [INFO] IPUIPlugin:80 - create IPUIPlugin
2024-01-08 04:05:39,488 [INFO] PluginManager:220 - loadIPPluginJar : add linkedlist
2024-01-08 04:05:39,491 [INFO] IPUIPlugin:80 - create IPUIPlugin
2024-01-08 04:05:39,492 [INFO] PluginManager:220 - loadIPPluginJar : add ipddr
2024-01-08 04:05:39,495 [INFO] IPUIPlugin:80 - create IPUIPlugin
2024-01-08 04:05:39,495 [INFO] PluginManager:220 - loadIPPluginJar : add resmgrutility
2024-01-08 04:05:39,502 [INFO] IPUIPlugin:80 - create IPUIPlugin
2024-01-08 04:05:39,502 [INFO] PluginManager:220 - loadIPPluginJar : add mdma
2024-01-08 04:05:39,503 [INFO] IPUIPlugin:80 - create IPUIPlugin
2024-01-08 04:05:39,503 [INFO] PluginManager:220 - loadIPPluginJar : add genericplugin
2024-01-08 04:05:39,507 [INFO] IPUIPlugin:80 - create IPUIPlugin
2024-01-08 04:05:39,507 [INFO] PluginManager:220 - loadIPPluginJar : add sai
2024-01-08 04:05:39,509 [INFO] IPUIPlugin:80 - create IPUIPlugin
2024-01-08 04:05:39,509 [INFO] PluginManager:220 - loadIPPluginJar : add lorawan
2024-01-08 04:05:39,513 [INFO] IPUIPlugin:80 - create IPUIPlugin
2024-01-08 04:05:39,514 [INFO] PluginManager:220 - loadIPPluginJar : add fmc
2024-01-08 04:05:39,619 [INFO] CADModel:165 - CPN selected for project level
2024-01-08 04:05:39,619 [INFO] CADModel:114 - Register for checkConnection events
2024-01-08 04:05:39,620 [FATAL] Updater:308 - Updater called before beeing initialized
2024-01-08 04:05:39,620 [ERROR] CADModel:125 - Updater not yet initialized, retry later 
2024-01-08 04:05:39,795 [INFO] CADModel:165 - CPN selected for project level
2024-01-08 04:05:39,795 [INFO] CADModel:114 - Register for checkConnection events
2024-01-08 04:05:39,795 [FATAL] Updater:308 - Updater called before beeing initialized
2024-01-08 04:05:39,795 [ERROR] CADModel:125 - Updater not yet initialized, retry later 
2024-01-08 04:05:39,799 [FATAL] Updater:308 - Updater called before beeing initialized
2024-01-08 04:05:39,897 [FATAL] Updater:308 - Updater called before beeing initialized
2024-01-08 04:05:39,903 [INFO] DbMcusAds:53 - JSON generation date=Thu Sep 30 03:55:09 BRT 2021 (1632984909247)
2024-01-08 04:05:39,904 [FATAL] Updater:308 - Updater called before beeing initialized
2024-01-08 04:05:39,944 [WARN] DetailPanel:346 - Failed to get advertising image, set to default
2024-01-08 04:05:40,035 [FATAL] Updater:308 - Updater called before beeing initialized
2024-01-08 04:05:40,036 [FATAL] Updater:308 - Updater called before beeing initialized
2024-01-08 04:05:40,037 [FATAL] Updater:308 - Updater called before beeing initialized
2024-01-08 04:05:40,037 [WARN] DetailPanel:346 - Failed to get advertising image, set to default
2024-01-08 04:05:40,038 [FATAL] Updater:308 - Updater called before beeing initialized
2024-01-08 04:05:40,076 [ERROR] Updater:1120 - MainUpdater not yet initialized. External WinMGr cannot be set.
2024-01-08 04:05:40,079 [INFO] Updater:1056 - Updater Version found : 6.10.0
2024-01-08 04:05:40,106 [INFO] ApplicationProperties:184 - Using Application install path: /opt/st/stm32cubeide_1.14.0/plugins/com.st.stm32cube.common.mx_6.10.0.202311202037
2024-01-08 04:05:41,692 [INFO] ThirdPartyUpdaterWithRetryManager:70 - Updater plugin not ready yet. [2/15]
2024-01-08 04:05:41,854 [INFO] MainUpdater:2873 - connection check result : 10
2024-01-08 04:05:41,855 [INFO] MainUpdater:290 - Updater Check For Update Now.
2024-01-08 04:05:41,856 [INFO] MicroXplorer:498 - Change Database Version : DB.6.0.100
2024-01-08 04:05:41,866 [INFO] McuFinderGlobals:63 - Set McuFinder mode to 2 (CubeIDE integrated)
2024-01-08 04:05:41,867 [INFO] UserAuth:180 - activating auth plugin
2024-01-08 04:05:41,872 [INFO] UserAuth:404 - Internet connection configuration mode: 1
2024-01-08 04:05:41,898 [INFO] JxBrowserEngine:152 - Initiate JxBrowser Engine with user profile folder
2024-01-08 04:05:42,053 [INFO] CheckServerUpdateThread:120 - End of CheckServer Thread
2024-01-08 04:05:43,391 [INFO] WebApp:161 - Instantiating new browser for Auth
2024-01-08 04:05:45,225 [WARN] PackLoader:240 - Cannot read IP mode file for STMicroelectronics.X-CUBE-SMBUS.2.1.0
2024-01-08 04:05:45,252 [WARN] PackLoader:240 - Cannot read IP mode file for STMicroelectronics.X-CUBE-TOUCHGFX.4.23.0
2024-01-08 04:05:45,444 [WARN] PackLoader:240 - Cannot read IP mode file for STMicroelectronics.X-CUBE-AZRTOS-F7.1.1.0
2024-01-08 04:05:45,480 [WARN] PackLoader:240 - Cannot read IP mode file for STMicroelectronics.FP-SNS-MOTENV1.4.3.2
2024-01-08 04:05:45,497 [WARN] PackLoader:240 - Cannot read IP mode file for STMicroelectronics.FP-SNS-FLIGHT1.5.0.2
2024-01-08 04:05:45,537 [WARN] PackLoader:240 - Cannot read IP mode file for STMicroelectronics.X-CUBE-DISPLAY.3.0.0
2024-01-08 04:05:45,584 [WARN] PackLoader:240 - Cannot read IP mode file for STMicroelectronics.X-CUBE-BLE1.7.0.0
2024-01-08 04:05:45,588 [INFO] WebApp:780 - Register for checkConnection events
2024-01-08 04:05:45,589 [INFO] WebApp:414 - Apply proxy settings
2024-01-08 04:05:45,590 [INFO] WebApp:499 - Chromium requires no authentication
2024-01-08 04:05:45,595 [WARN] PackLoader:240 - Cannot read IP mode file for emotas.I-CUBE-CANOPEN.1.3.0
2024-01-08 04:05:45,606 [WARN] PackLoader:240 - Cannot read IP mode file for STMicroelectronics.FP-SNS-SMARTAG2.1.2.0
2024-01-08 04:05:45,611 [INFO] WebApp:442 - Direct internet connection detected
2024-01-08 04:05:45,636 [INFO] LogOutputStream:77 - [STDOUT_REDIRECT] 1 : Invalid condition id : UX_CORESTACK_Condition cause : null
2024-01-08 04:05:45,643 [INFO] LogOutputStream:77 - [STDOUT_REDIRECT] 1 : Invalid condition id : UX_CORESTACK_Condition cause : null
2024-01-08 04:05:45,644 [INFO] LogOutputStream:77 - [STDOUT_REDIRECT] 1 : Invalid condition id : UX_CORESTACK_Condition cause : null
2024-01-08 04:05:45,645 [INFO] LogOutputStream:77 - [STDOUT_REDIRECT] 1 : Invalid condition id : UX_CORESTACK_Condition cause : null
2024-01-08 04:05:45,646 [INFO] LogOutputStream:77 - [STDOUT_REDIRECT] 1 : Invalid condition id : UX_CORESTACK_Condition cause : null
2024-01-08 04:05:45,658 [WARN] PackLoader:240 - Cannot read IP mode file for STMicroelectronics.X-CUBE-AZRTOS-WL.2.0.0
2024-01-08 04:05:45,679 [WARN] PackLoader:240 - Cannot read IP mode file for WES.I-CUBE-Cesium.1.3.0
2024-01-08 04:05:45,689 [WARN] PackLoader:240 - Cannot read IP mode file for STMicroelectronics.X-CUBE-BLE2.3.3.0
2024-01-08 04:05:45,704 [WARN] PackLoader:240 - Cannot read IP mode file for STMicroelectronics.X-CUBE-ALGOBUILD.1.3.0
2024-01-08 04:05:45,766 [WARN] PackLoader:240 - Cannot read IP mode file for STMicroelectronics.X-CUBE-AZRTOS-G0.1.1.0
2024-01-08 04:05:45,783 [WARN] PackLoader:240 - Cannot read IP mode file for STMicroelectronics.X-CUBE-NFC4.3.0.0
2024-01-08 04:05:45,838 [WARN] PackLoader:240 - Cannot read IP mode file for STMicroelectronics.X-CUBE-BLEMGR.3.0.0
2024-01-08 04:05:45,860 [WARN] PackLoader:240 - Cannot read IP mode file for STMicroelectronics.FP-ATR-SIGFOX1.3.2.0
2024-01-08 04:05:46,052 [WARN] PackLoader:240 - Cannot read IP mode file for SEGGER.I-CUBE-embOS.1.3.1
2024-01-08 04:05:46,191 [WARN] PackLoader:240 - Cannot read IP mode file for STMicroelectronics.X-CUBE-GNSS1.6.0.0
2024-01-08 04:05:46,199 [INFO] WebApp:192 - Starting web application
2024-01-08 04:05:46,199 [INFO] WebApp:544 - Web application path used /opt/st/stm32cubeide_1.14.0/plugins/com.st.stm32cube.common.mx_6.10.0.202311202037/db/plugins/mcufinder/reactClient1/index.html
2024-01-08 04:05:46,227 [WARN] PackLoader:240 - Cannot read IP mode file for STMicroelectronics.X-CUBE-AZRTOS-F4.1.1.0
2024-01-08 04:05:46,240 [WARN] PackLoader:240 - Cannot read IP mode file for wolfSSL.I-CUBE-wolfSSL.5.6.6
2024-01-08 04:05:46,274 [WARN] PackLoader:240 - Cannot read IP mode file for STMicroelectronics.X-CUBE-AZRTOS-L5.2.0.0
2024-01-08 04:05:46,288 [WARN] PackLoader:240 - Cannot read IP mode file for STMicroelectronics.X-CUBE-EEPRMA1.4.2.0
2024-01-08 04:05:46,302 [WARN] PackLoader:240 - Cannot read IP mode file for ITTIA_DB.I-CUBE-ITTIADB.8.8.0
2024-01-08 04:05:46,319 [WARN] PackLoader:240 - Cannot read IP mode file for STMicroelectronics.X-CUBE-NFC7.1.0.1
2024-01-08 04:05:46,332 [WARN] PackLoader:240 - Cannot read IP mode file for STMicroelectronics.X-CUBE-NFC6.3.0.0
2024-01-08 04:05:46,343 [WARN] PackLoader:240 - Cannot read IP mode file for STMicroelectronics.X-CUBE-AI.8.1.0
2024-01-08 04:05:46,367 [WARN] ConditionMgr:438 - getConditionDescription Invalid condition id : LAN8742 Phy interface Condition cause : null
2024-01-08 04:05:46,369 [WARN] PackLoader:240 - Cannot read IP mode file for STMicroelectronics.X-CUBE-AZRTOS-L4.2.0.0
2024-01-08 04:05:46,370 [WARN] ConditionMgr:1039 - genDependencies : Invalid condition id : LAN8742 Phy interface Condition cause : null
2024-01-08 04:05:46,371 [WARN] ConditionMgr:1039 - genDependencies : Invalid condition id : LAN8742 Phy interface Condition cause : null
2024-01-08 04:05:46,372 [WARN] ConditionMgr:1039 - genDependencies : Invalid condition id : LAN8742 Phy interface Condition cause : null
2024-01-08 04:05:46,383 [WARN] PackLoader:240 - Cannot read IP mode file for STMicroelectronics.X-CUBE-SFXS2LP1.4.0.0
2024-01-08 04:05:46,403 [WARN] ConditionMgr:438 - getConditionDescription Invalid condition id : UX DEVICE CLASS RTOS Condition cause : null
2024-01-08 04:05:46,404 [WARN] ConditionMgr:438 - getConditionDescription Invalid condition id : UX DEVICE CLASS RTOS Condition cause : null
2024-01-08 04:05:46,408 [WARN] PackLoader:240 - Cannot read IP mode file for STMicroelectronics.X-CUBE-AZRTOS-WB.2.0.0
2024-01-08 04:05:46,409 [WARN] ConditionMgr:1039 - genDependencies : Invalid condition id : UX DEVICE CLASS RTOS Condition cause : null
2024-01-08 04:05:46,409 [WARN] ConditionMgr:1039 - genDependencies : Invalid condition id : UX DEVICE CLASS RTOS Condition cause : null
2024-01-08 04:05:46,410 [WARN] ConditionMgr:1039 - genDependencies : Invalid condition id : UX DEVICE CLASS RTOS Condition cause : null
2024-01-08 04:05:46,411 [WARN] ConditionMgr:1039 - genDependencies : Invalid condition id : UX DEVICE CLASS RTOS Condition cause : null
2024-01-08 04:05:46,411 [WARN] ConditionMgr:1039 - genDependencies : Invalid condition id : UX DEVICE CLASS RTOS Condition cause : null
2024-01-08 04:05:46,452 [WARN] PackLoader:240 - Cannot read IP mode file for STMicroelectronics.X-CUBE-SUBG2.5.0.0
2024-01-08 04:05:46,492 [WARN] PackLoader:240 - Cannot read IP mode file for STMicroelectronics.X-CUBE-AZRTOS-G4.2.0.0
2024-01-08 04:05:46,528 [WARN] PackLoader:240 - Cannot read IP mode file for Infineon.AIROC-Wi-Fi-Bluetooth-STM32.1.5.1
2024-01-08 04:05:46,544 [WARN] PackLoader:240 - Cannot read IP mode file for STMicroelectronics.FP-SNS-MOTENVWB1.1.3.1
2024-01-08 04:05:46,551 [WARN] PackLoader:240 - Cannot read IP mode file for STMicroelectronics.X-CUBE-ISPU.2.0.0
2024-01-08 04:05:46,692 [WARN] PackLoader:240 - Cannot read IP mode file for STMicroelectronics.X-CUBE-MEMS1.10.0.0
2024-01-08 04:05:46,929 [WARN] PackLoader:240 - Cannot read IP mode file for STMicroelectronics.X-CUBE-FREERTOS.1.1.0
2024-01-08 04:05:46,935 [WARN] PackLoader:240 - Cannot read IP mode file for portGmbH.I-Cube-SoM-uGOAL.1.1.0
2024-01-08 04:05:46,939 [WARN] PackLoader:240 - Cannot read IP mode file for STMicroelectronics.X-CUBE-ALS.1.0.1
2024-01-08 04:05:46,944 [WARN] PackLoader:240 - Cannot read IP mode file for STMicroelectronics.FP-ATR-ASTRA1.2.0.0
2024-01-08 04:05:46,956 [WARN] PackLoader:240 - Cannot read IP mode file for STMicroelectronics.X-CUBE-TOF1.3.4.0
2024-01-08 04:05:46,996 [WARN] PackLoader:240 - Cannot read IP mode file for STMicroelectronics.X-CUBE-AZRTOS-H7.3.2.0
2024-01-08 04:05:47,001 [INFO] ThirdParty:978 - Integrity check success = true
2024-01-08 04:05:47,002 [INFO] IntegrityCheckThread:100 - exiting critical section [integrity check]
2024-01-08 04:05:47,002 [INFO] IntegrityCheckThread:103 - End integrity checks thread
2024-01-08 04:06:07,176 [ERROR] LogOutputStream:75 - [STDERR_REDIRECT] SLF4J: Failed to load class "org.slf4j.impl.StaticLoggerBinder".
2024-01-08 04:06:07,178 [ERROR] LogOutputStream:75 - [STDERR_REDIRECT] SLF4J: Defaulting to no-operation (NOP) logger implementation
2024-01-08 04:06:07,179 [ERROR] LogOutputStream:75 - [STDERR_REDIRECT] SLF4J: See http://www.slf4j.org/codes.html#StaticLoggerBinder for further details.
2024-01-08 04:34:08,715 [INFO] LogOutputStream:77 - [STDOUT_REDIRECT] StartTraceHandler.execute(), success : Collect=true
2024-01-08 04:34:57,505 [INFO] LogOutputStream:77 - [STDOUT_REDIRECT] StartTraceHandler.execute(), success : Collect=false
2024-01-08 04:34:59,725 [INFO] LogOutputStream:77 - [STDOUT_REDIRECT] StartTraceHandler.execute(), success : Collect=true
2024-01-08 04:36:23,612 [ERROR] LogOutputStream:75 - [STDERR_REDIRECT] 
